{"meta": {"format": 3, "version": "7.6.1", "timestamp": "2026-06-21T10:50:41.969517", "branch_coverage": false, "show_contexts": false}, "files": {"app\\__init__.py": {"executed_lines": [], "summary": {"covered_lines": 0, "num_statements": 0, "percent_covered": 100.0, "percent_covered_display": "100", "missing_lines": 0, "excluded_lines": 0}, "missing_lines": [], "excluded_lines": [], "functions": {"": {"executed_lines": [], "summary": {"covered_lines": 0, "num_statements": 0, "percent_covered": 100.0, "percent_covered_display": "100", "missing_lines": 0, "excluded_lines": 0}, "missing_lines": [], "excluded_lines": []}}, "classes": {"": {"executed_lines": [], "summary": {"covered_lines": 0, "num_statements": 0, "percent_covered": 100.0, "percent_covered_display": "100", "missing_lines": 0, "excluded_lines": 0}, "missing_lines": [], "excluded_lines": []}}}, "app\\db\\__init__.py": {"executed_lines": [], "summary": {"covered_lines": 0, "num_statements": 3, "percent_covered": 0.0, "percent_covered_display": "0", "missing_lines": 3, "excluded_lines": 0}, "missing_lines": [1, 2, 4], "excluded_lines": [], "functions": {"": {"executed_lines": [], "summary": {"covered_lines": 0, "num_statements": 3, "percent_covered": 0.0, "percent_covered_display": "0", "missing_lines": 3, "excluded_lines": 0}, "missing_lines": [1, 2, 4], "excluded_lines": []}}, "classes": {"": {"executed_lines": [], "summary": {"covered_lines": 0, "num_statements": 3, "percent_covered": 0.0, "percent_covered_display": "0", "missing_lines": 3, "excluded_lines": 0}, "missing_lines": [1, 2, 4], "excluded_lines": []}}}, "app\\db\\base.py": {"executed_lines": [], "summary": {"covered_lines": 0, "num_statements": 3, "percent_covered": 0.0, "percent_covered_display": "0", "missing_lines": 3, "excluded_lines": 0}, "missing_lines": [4, 7, 8], "excluded_lines": [], "functions": {"": {"executed_lines": [], "summary": {"covered_lines": 0, "num_statements": 3, "percent_covered": 0.0, "percent_covered_display": "0", "missing_lines": 3, "excluded_lines": 0}, "missing_lines": [4, 7, 8], "excluded_lines": []}}, "classes": {"Base": {"executed_lines": [], "summary": {"covered_lines": 0, "num_statements": 0, "percent_covered": 100.0, "percent_covered_display": "100", "missing_lines": 0, "excluded_lines": 0}, "missing_lines": [], "excluded_lines": []}, "": {"executed_lines": [], "summary": {"covered_lines": 0, "num_statements": 3, "percent_covered": 0.0, "percent_covered_display": "0", "missing_lines": 3, "excluded_lines": 0}, "missing_lines": [4, 7, 8], "excluded_lines": []}}}, "app\\db\\models.py": {"executed_lines": [], "summary": {"covered_lines": 0, "num_statements": 81, "percent_covered": 0.0, "percent_covered_display": "0", "missing_lines": 81, "excluded_lines": 0}, "missing_lines": [7, 8, 10, 14, 15, 16, 18, 19, 22, 29, 30, 32, 33, 34, 35, 38, 40, 46, 47, 49, 50, 51, 52, 53, 54, 57, 61, 72, 73, 75, 78, 81, 82, 83, 84, 85, 86, 89, 93, 99, 105, 106, 108, 111, 114, 119, 120, 121, 124, 128, 129, 132, 140, 141, 146, 150, 153, 156, 157, 158, 159, 160, 161, 163, 169, 170, 172, 175, 178, 179, 180, 181, 182, 183, 184, 185, 186, 187, 188, 189, 193], "excluded_lines": [], "functions": {"PortableJSON.load_dialect_impl": {"executed_lines": [], "summary": {"covered_lines": 0, "num_statements": 3, "percent_covered": 0.0, "percent_covered_display": "0", "missing_lines": 3, "excluded_lines": 0}, "missing_lines": [33, 34, 35], "excluded_lines": []}, "now_utc": {"executed_lines": [], "summary": {"covered_lines": 0, "num_statements": 1, "percent_covered": 0.0, "percent_covered_display": "0", "missing_lines": 1, "excluded_lines": 0}, "missing_lines": [40], "excluded_lines": []}, "": {"executed_lines": [], "summary": {"covered_lines": 0, "num_statements": 77, "percent_covered": 0.0, "percent_covered_display": "0", "missing_lines": 77, "excluded_lines": 0}, "missing_lines": [7, 8, 10, 14, 15, 16, 18, 19, 22, 29, 30, 32, 38, 46, 47, 49, 50, 51, 52, 53, 54, 57, 61, 72, 73, 75, 78, 81, 82, 83, 84, 85, 86, 89, 93, 99, 105, 106, 108, 111, 114, 119, 120, 121, 124, 128, 129, 132, 140, 141, 146, 150, 153, 156, 157, 158, 159, 160, 161, 163, 169, 170, 172, 175, 178, 179, 180, 181, 182, 183, 184, 185, 186, 187, 188, 189, 193], "excluded_lines": []}}, "classes": {"PortableJSON": {"executed_lines": [], "summary": {"covered_lines": 0, "num_statements": 3, "percent_covered": 0.0, "percent_covered_display": "0", "missing_lines": 3, "excluded_lines": 0}, "missing_lines": [33, 34, 35], "excluded_lines": []}, "User": {"executed_lines": [], "summary": {"covered_lines": 0, "num_statements": 0, "percent_covered": 100.0, "percent_covered_display": "100", "missing_lines": 0, "excluded_lines": 0}, "missing_lines": [], "excluded_lines": []}, "Project": {"executed_lines": [], "summary": {"covered_lines": 0, "num_statements": 0, "percent_covered": 100.0, "percent_covered_display": "100", "missing_lines": 0, "excluded_lines": 0}, "missing_lines": [], "excluded_lines": []}, "Session": {"executed_lines": [], "summary": {"covered_lines": 0, "num_statements": 0, "percent_covered": 100.0, "percent_covered_display": "100", "missing_lines": 0, "excluded_lines": 0}, "missing_lines": [], "excluded_lines": []}, "Signal": {"executed_lines": [], "summary": {"covered_lines": 0, "num_statements": 0, "percent_covered": 100.0, "percent_covered_display": "100", "missing_lines": 0, "excluded_lines": 0}, "missing_lines": [], "excluded_lines": []}, "Result": {"executed_lines": [], "summary": {"covered_lines": 0, "num_statements": 0, "percent_covered": 100.0, "percent_covered_display": "100", "missing_lines": 0, "excluded_lines": 0}, "missing_lines": [], "excluded_lines": []}, "": {"executed_lines": [], "summary": {"covered_lines": 0, "num_statements": 78, "percent_covered": 0.0, "percent_covered_display": "0", "missing_lines": 78, "excluded_lines": 0}, "missing_lines": [7, 8, 10, 14, 15, 16, 18, 19, 22, 29, 30, 32, 38, 40, 46, 47, 49, 50, 51, 52, 53, 54, 57, 61, 72, 73, 75, 78, 81, 82, 83, 84, 85, 86, 89, 93, 99, 105, 106, 108, 111, 114, 119, 120, 121, 124, 128, 129, 132, 140, 141, 146, 150, 153, 156, 157, 158, 159, 160, 161, 163, 169, 170, 172, 175, 178, 179, 180, 181, 182, 183, 184, 185, 186, 187, 188, 189, 193], "excluded_lines": []}}}, "app\\db\\session.py": {"executed_lines": [], "summary": {"covered_lines": 0, "num_statements": 11, "percent_covered": 0.0, "percent_covered_display": "0", "missing_lines": 11, "excluded_lines": 0}, "missing_lines": [5, 6, 7, 9, 14, 22, 33, 35, 36, 37, 39], "excluded_lines": [], "functions": {"get_db": {"executed_lines": [], "summary": {"covered_lines": 0, "num_statements": 4, "percent_covered": 0.0, "percent_covered_display": "0", "missing_lines": 4, "excluded_lines": 0}, "missing_lines": [35, 36, 37, 39], "excluded_lines": []}, "": {"executed_lines": [], "summary": {"covered_lines": 0, "num_statements": 7, "percent_covered": 0.0, "percent_covered_display": "0", "missing_lines": 7, "excluded_lines": 0}, "missing_lines": [5, 6, 7, 9, 14, 22, 33], "excluded_lines": []}}, "classes": {"": {"executed_lines": [], "summary": {"covered_lines": 0, "num_statements": 11, "percent_covered": 0.0, "percent_covered_display": "0", "missing_lines": 11, "excluded_lines": 0}, "missing_lines": [5, 6, 7, 9, 14, 22, 33, 35, 36, 37, 39], "excluded_lines": []}}}, "app\\limiter.py": {"executed_lines": [], "summary": {"covered_lines": 0, "num_statements": 4, "percent_covered": 0.0, "percent_covered_display": "0", "missing_lines": 4, "excluded_lines": 0}, "missing_lines": [5, 6, 7, 9], "excluded_lines": [], "functions": {"": {"executed_lines": [], "summary": {"covered_lines": 0, "num_statements": 4, "percent_covered": 0.0, "percent_covered_display": "0", "missing_lines": 4, "excluded_lines": 0}, "missing_lines": [5, 6, 7, 9], "excluded_lines": []}}, "classes": {"": {"executed_lines": [], "summary": {"covered_lines": 0, "num_statements": 4, "percent_covered": 0.0, "percent_covered_display": "0", "missing_lines": 4, "excluded_lines": 0}, "missing_lines": [5, 6, 7, 9], "excluded_lines": []}}}, "app\\routers\\__init__.py": {"executed_lines": [], "summary": {"covered_lines": 0, "num_statements": 0, "percent_covered": 100.0, "percent_covered_display": "100", "missing_lines": 0, "excluded_lines": 0}, "missing_lines": [], "excluded_lines": [], "functions": {"": {"executed_lines": [], "summary": {"covered_lines": 0, "num_statements": 0, "percent_covered": 100.0, "percent_covered_display": "100", "missing_lines": 0, "excluded_lines": 0}, "missing_lines": [], "excluded_lines": []}}, "classes": {"": {"executed_lines": [], "summary": {"covered_lines": 0, "num_statements": 0, "percent_covered": 100.0, "percent_covered_display": "100", "missing_lines": 0, "excluded_lines": 0}, "missing_lines": [], "excluded_lines": []}}}, "app\\routers\\analysis.py": {"executed_lines": [], "summary": {"covered_lines": 0, "num_statements": 155, "percent_covered": 0.0, "percent_covered_display": "0", "missing_lines": 155, "excluded_lines": 0}, "missing_lines": [5, 6, 7, 9, 10, 11, 12, 14, 15, 16, 17, 18, 19, 20, 21, 22, 23, 24, 25, 27, 28, 31, 33, 34, 35, 36, 37, 38, 41, 43, 44, 45, 48, 61, 62, 64, 65, 66, 68, 69, 70, 73, 74, 75, 76, 85, 92, 93, 94, 95, 97, 98, 99, 100, 101, 102, 103, 105, 106, 108, 109, 110, 111, 117, 118, 119, 131, 132, 133, 134, 137, 138, 139, 142, 145, 146, 147, 148, 149, 150, 153, 154, 155, 160, 161, 163, 164, 165, 166, 167, 168, 169, 170, 177, 178, 179, 180, 182, 183, 185, 186, 192, 193, 194, 201, 202, 203, 204, 206, 209, 210, 212, 215, 218, 225, 226, 228, 229, 235, 236, 242, 243, 244, 245, 246, 247, 248, 249, 261, 262, 267, 268, 269, 270, 271, 272, 273, 274, 275, 276, 288, 289, 290, 296, 297, 304, 305, 306, 307, 308, 309, 310, 313, 314, 315], "excluded_lines": [], "functions": {"_get_project_info": {"executed_lines": [], "summary": {"covered_lines": 0, "num_statements": 6, "percent_covered": 0.0, "percent_covered_display": "0", "missing_lines": 6, "excluded_lines": 0}, "missing_lines": [33, 34, 35, 36, 37, 38], "excluded_lines": []}, "_inject_project_info": {"executed_lines": [], "summary": {"covered_lines": 0, "num_statements": 3, "percent_covered": 0.0, "percent_covered_display": "0", "missing_lines": 3, "excluded_lines": 0}, "missing_lines": [43, 44, 45], "excluded_lines": []}, "_check_session_ownership": {"executed_lines": [], "summary": {"covered_lines": 0, "num_statements": 12, "percent_covered": 0.0, "percent_covered_display": "0", "missing_lines": 12, "excluded_lines": 0}, "missing_lines": [61, 62, 64, 65, 66, 68, 69, 70, 73, 74, 75, 76], "excluded_lines": []}, "get_analysis": {"executed_lines": [], "summary": {"covered_lines": 0, "num_statements": 35, "percent_covered": 0.0, "percent_covered_display": "0", "missing_lines": 35, "excluded_lines": 0}, "missing_lines": [131, 132, 133, 134, 137, 138, 139, 142, 145, 146, 147, 148, 149, 150, 153, 154, 155, 160, 161, 163, 164, 165, 166, 167, 168, 169, 170, 177, 178, 179, 180, 182, 183, 185, 186], "excluded_lines": []}, "submit_followup": {"executed_lines": [], "summary": {"covered_lines": 0, "num_statements": 14, "percent_covered": 0.0, "percent_covered_display": "0", "missing_lines": 14, "excluded_lines": 0}, "missing_lines": [201, 202, 203, 204, 206, 209, 210, 212, 215, 218, 225, 226, 228, 229], "excluded_lines": []}, "export_pdf": {"executed_lines": [], "summary": {"covered_lines": 0, "num_statements": 8, "percent_covered": 0.0, "percent_covered_display": "0", "missing_lines": 8, "excluded_lines": 0}, "missing_lines": [242, 243, 244, 245, 246, 247, 248, 249], "excluded_lines": []}, "export_cost_pdf_route": {"executed_lines": [], "summary": {"covered_lines": 0, "num_statements": 10, "percent_covered": 0.0, "percent_covered_display": "0", "missing_lines": 10, "excluded_lines": 0}, "missing_lines": [267, 268, 269, 270, 271, 272, 273, 274, 275, 276], "excluded_lines": []}, "get_architectures": {"executed_lines": [], "summary": {"covered_lines": 0, "num_statements": 1, "percent_covered": 0.0, "percent_covered_display": "0", "missing_lines": 1, "excluded_lines": 0}, "missing_lines": [290], "excluded_lines": []}, "clear_extraction_cache": {"executed_lines": [], "summary": {"covered_lines": 0, "num_statements": 7, "percent_covered": 0.0, "percent_covered_display": "0", "missing_lines": 7, "excluded_lines": 0}, "missing_lines": [304, 305, 306, 307, 308, 309, 310], "excluded_lines": []}, "get_questionnaire_options": {"executed_lines": [], "summary": {"covered_lines": 0, "num_statements": 1, "percent_covered": 0.0, "percent_covered_display": "0", "missing_lines": 1, "excluded_lines": 0}, "missing_lines": [315], "excluded_lines": []}, "": {"executed_lines": [], "summary": {"covered_lines": 0, "num_statements": 58, "percent_covered": 0.0, "percent_covered_display": "0", "missing_lines": 58, "excluded_lines": 0}, "missing_lines": [5, 6, 7, 9, 10, 11, 12, 14, 15, 16, 17, 18, 19, 20, 21, 22, 23, 24, 25, 27, 28, 31, 41, 48, 85, 92, 93, 94, 95, 97, 98, 99, 100, 101, 102, 103, 105, 106, 108, 109, 110, 111, 117, 118, 119, 192, 193, 194, 235, 236, 261, 262, 288, 289, 296, 297, 313, 314], "excluded_lines": []}}, "classes": {"ExportRequest": {"executed_lines": [], "summary": {"covered_lines": 0, "num_statements": 0, "percent_covered": 100.0, "percent_covered_display": "100", "missing_lines": 0, "excluded_lines": 0}, "missing_lines": [], "excluded_lines": []}, "": {"executed_lines": [], "summary": {"covered_lines": 0, "num_statements": 155, "percent_covered": 0.0, "percent_covered_display": "0", "missing_lines": 155, "excluded_lines": 0}, "missing_lines": [5, 6, 7, 9, 10, 11, 12, 14, 15, 16, 17, 18, 19, 20, 21, 22, 23, 24, 25, 27, 28, 31, 33, 34, 35, 36, 37, 38, 41, 43, 44, 45, 48, 61, 62, 64, 65, 66, 68, 69, 70, 73, 74, 75, 76, 85, 92, 93, 94, 95, 97, 98, 99, 100, 101, 102, 103, 105, 106, 108, 109, 110, 111, 117, 118, 119, 131, 132, 133, 134, 137, 138, 139, 142, 145, 146, 147, 148, 149, 150, 153, 154, 155, 160, 161, 163, 164, 165, 166, 167, 168, 169, 170, 177, 178, 179, 180, 182, 183, 185, 186, 192, 193, 194, 201, 202, 203, 204, 206, 209, 210, 212, 215, 218, 225, 226, 228, 229, 235, 236, 242, 243, 244, 245, 246, 247, 248, 249, 261, 262, 267, 268, 269, 270, 271, 272, 273, 274, 275, 276, 288, 289, 290, 296, 297, 304, 305, 306, 307, 308, 309, 310, 313, 314, 315], "excluded_lines": []}}}, "app\\routers\\chat.py": {"executed_lines": [], "summary": {"covered_lines": 0, "num_statements": 184, "percent_covered": 0.0, "percent_covered_display": "0", "missing_lines": 184, "excluded_lines": 0}, "missing_lines": [5, 6, 7, 8, 9, 10, 12, 13, 14, 15, 17, 18, 19, 20, 22, 23, 25, 32, 48, 49, 50, 53, 54, 55, 56, 59, 60, 61, 64, 65, 66, 67, 68, 69, 70, 72, 78, 79, 80, 82, 83, 84, 85, 86, 87, 89, 91, 92, 93, 94, 96, 97, 98, 99, 100, 102, 103, 104, 105, 106, 107, 108, 109, 110, 112, 113, 115, 118, 120, 121, 122, 123, 124, 125, 128, 129, 130, 131, 132, 133, 136, 146, 153, 169, 178, 179, 182, 185, 186, 187, 188, 189, 192, 194, 195, 196, 197, 198, 205, 207, 208, 209, 210, 211, 212, 213, 214, 215, 216, 217, 218, 221, 223, 225, 226, 227, 228, 231, 232, 234, 235, 240, 241, 242, 243, 245, 270, 271, 272, 273, 274, 275, 276, 277, 278, 279, 280, 281, 282, 287, 288, 289, 295, 297, 298, 299, 300, 301, 307, 308, 309, 310, 312, 313, 314, 316, 317, 318, 319, 320, 321, 322, 323, 325, 327, 336, 337, 338, 344, 346, 347, 349, 350, 351, 352, 354, 355, 356, 357, 358, 360, 361, 362, 364], "excluded_lines": [], "functions": {"_build_context": {"executed_lines": [], "summary": {"covered_lines": 0, "num_statements": 38, "percent_covered": 0.0, "percent_covered_display": "0", "missing_lines": 38, "excluded_lines": 0}, "missing_lines": [65, 66, 67, 68, 69, 70, 72, 78, 79, 80, 82, 83, 84, 85, 86, 87, 89, 91, 92, 93, 94, 96, 97, 98, 99, 100, 102, 103, 104, 105, 106, 107, 108, 109, 110, 112, 113, 115], "excluded_lines": []}, "_clean": {"executed_lines": [], "summary": {"covered_lines": 0, "num_statements": 6, "percent_covered": 0.0, "percent_covered_display": "0", "missing_lines": 6, "excluded_lines": 0}, "missing_lines": [120, 121, 122, 123, 124, 125], "excluded_lines": []}, "_build_messages": {"executed_lines": [], "summary": {"covered_lines": 0, "num_statements": 5, "percent_covered": 0.0, "percent_covered_display": "0", "missing_lines": 5, "excluded_lines": 0}, "missing_lines": [129, 130, 131, 132, 133], "excluded_lines": []}, "_is_unsafe": {"executed_lines": [], "summary": {"covered_lines": 0, "num_statements": 1, "percent_covered": 0.0, "percent_covered_display": "0", "missing_lines": 1, "excluded_lines": 0}, "missing_lines": [179], "excluded_lines": []}, "_is_relevant": {"executed_lines": [], "summary": {"covered_lines": 0, "num_statements": 5, "percent_covered": 0.0, "percent_covered_display": "0", "missing_lines": 5, "excluded_lines": 0}, "missing_lines": [185, 186, 187, 188, 189], "excluded_lines": []}, "_build_result_dict": {"executed_lines": [], "summary": {"covered_lines": 0, "num_statements": 5, "percent_covered": 0.0, "percent_covered_display": "0", "missing_lines": 5, "excluded_lines": 0}, "missing_lines": [194, 195, 196, 197, 198], "excluded_lines": []}, "_format_cost_for_prompt": {"executed_lines": [], "summary": {"covered_lines": 0, "num_statements": 12, "percent_covered": 0.0, "percent_covered_display": "0", "missing_lines": 12, "excluded_lines": 0}, "missing_lines": [207, 208, 209, 210, 211, 212, 213, 214, 215, 216, 217, 218], "excluded_lines": []}, "_build_system_prompt": {"executed_lines": [], "summary": {"covered_lines": 0, "num_statements": 14, "percent_covered": 0.0, "percent_covered_display": "0", "missing_lines": 14, "excluded_lines": 0}, "missing_lines": [223, 225, 226, 227, 228, 231, 232, 234, 235, 240, 241, 242, 243, 245], "excluded_lines": []}, "_get_session": {"executed_lines": [], "summary": {"covered_lines": 0, "num_statements": 12, "percent_covered": 0.0, "percent_covered_display": "0", "missing_lines": 12, "excluded_lines": 0}, "missing_lines": [271, 272, 273, 274, 275, 276, 277, 278, 279, 280, 281, 282], "excluded_lines": []}, "chat_stream": {"executed_lines": [], "summary": {"covered_lines": 0, "num_statements": 10, "percent_covered": 0.0, "percent_covered_display": "0", "missing_lines": 10, "excluded_lines": 0}, "missing_lines": [295, 297, 298, 301, 307, 308, 309, 310, 312, 327], "excluded_lines": []}, "chat_stream._refusal_stream": {"executed_lines": [], "summary": {"covered_lines": 0, "num_statements": 2, "percent_covered": 0.0, "percent_covered_display": "0", "missing_lines": 2, "excluded_lines": 0}, "missing_lines": [299, 300], "excluded_lines": []}, "chat_stream.token_stream": {"executed_lines": [], "summary": {"covered_lines": 0, "num_statements": 11, "percent_covered": 0.0, "percent_covered_display": "0", "missing_lines": 11, "excluded_lines": 0}, "missing_lines": [313, 314, 316, 317, 318, 319, 320, 321, 322, 323, 325], "excluded_lines": []}, "chat": {"executed_lines": [], "summary": {"covered_lines": 0, "num_statements": 16, "percent_covered": 0.0, "percent_covered_display": "0", "missing_lines": 16, "excluded_lines": 0}, "missing_lines": [344, 346, 347, 349, 350, 351, 352, 354, 355, 356, 357, 358, 360, 361, 362, 364], "excluded_lines": []}, "": {"executed_lines": [], "summary": {"covered_lines": 0, "num_statements": 47, "percent_covered": 0.0, "percent_covered_display": "0", "missing_lines": 47, "excluded_lines": 0}, "missing_lines": [5, 6, 7, 8, 9, 10, 12, 13, 14, 15, 17, 18, 19, 20, 22, 23, 25, 32, 48, 49, 50, 53, 54, 55, 56, 59, 60, 61, 64, 118, 128, 136, 146, 153, 169, 178, 182, 192, 205, 221, 270, 287, 288, 289, 336, 337, 338], "excluded_lines": []}}, "classes": {"ChatMessage": {"executed_lines": [], "summary": {"covered_lines": 0, "num_statements": 0, "percent_covered": 100.0, "percent_covered_display": "100", "missing_lines": 0, "excluded_lines": 0}, "missing_lines": [], "excluded_lines": []}, "ChatRequest": {"executed_lines": [], "summary": {"covered_lines": 0, "num_statements": 0, "percent_covered": 100.0, "percent_covered_display": "100", "missing_lines": 0, "excluded_lines": 0}, "missing_lines": [], "excluded_lines": []}, "ChatResponse": {"executed_lines": [], "summary": {"covered_lines": 0, "num_statements": 0, "percent_covered": 100.0, "percent_covered_display": "100", "missing_lines": 0, "excluded_lines": 0}, "missing_lines": [], "excluded_lines": []}, "": {"executed_lines": [], "summary": {"covered_lines": 0, "num_statements": 184, "percent_covered": 0.0, "percent_covered_display": "0", "missing_lines": 184, "excluded_lines": 0}, "missing_lines": [5, 6, 7, 8, 9, 10, 12, 13, 14, 15, 17, 18, 19, 20, 22, 23, 25, 32, 48, 49, 50, 53, 54, 55, 56, 59, 60, 61, 64, 65, 66, 67, 68, 69, 70, 72, 78, 79, 80, 82, 83, 84, 85, 86, 87, 89, 91, 92, 93, 94, 96, 97, 98, 99, 100, 102, 103, 104, 105, 106, 107, 108, 109, 110, 112, 113, 115, 118, 120, 121, 122, 123, 124, 125, 128, 129, 130, 131, 132, 133, 136, 146, 153, 169, 178, 179, 182, 185, 186, 187, 188, 189, 192, 194, 195, 196, 197, 198, 205, 207, 208, 209, 210, 211, 212, 213, 214, 215, 216, 217, 218, 221, 223, 225, 226, 227, 228, 231, 232, 234, 235, 240, 241, 242, 243, 245, 270, 271, 272, 273, 274, 275, 276, 277, 278, 279, 280, 281, 282, 287, 288, 289, 295, 297, 298, 299, 300, 301, 307, 308, 309, 310, 312, 313, 314, 316, 317, 318, 319, 320, 321, 322, 323, 325, 327, 336, 337, 338, 344, 346, 347, 349, 350, 351, 352, 354, 355, 356, 357, 358, 360, 361, 362, 364], "excluded_lines": []}}}, "app\\routers\\projects.py": {"executed_lines": [], "summary": {"covered_lines": 0, "num_statements": 148, "percent_covered": 0.0, "percent_covered_display": "0", "missing_lines": 148, "excluded_lines": 0}, "missing_lines": [5, 6, 7, 8, 10, 11, 13, 14, 15, 16, 18, 19, 22, 24, 25, 26, 27, 28, 29, 30, 31, 32, 35, 36, 37, 38, 40, 41, 42, 43, 44, 45, 62, 63, 69, 70, 71, 72, 73, 76, 80, 81, 83, 84, 93, 94, 95, 96, 102, 103, 117, 119, 120, 122, 125, 126, 127, 128, 129, 131, 132, 133, 136, 137, 138, 139, 140, 141, 142, 143, 144, 145, 146, 147, 150, 152, 163, 164, 176, 177, 178, 179, 181, 182, 184, 186, 187, 188, 190, 191, 193, 199, 200, 207, 208, 209, 210, 214, 215, 216, 218, 220, 221, 224, 225, 227, 229, 230, 231, 232, 234, 235, 236, 238, 240, 241, 246, 247, 248, 250, 251, 252, 253, 254, 255, 256, 257, 259, 260, 261, 262, 268, 269, 275, 276, 277, 278, 280, 281, 282, 284, 288, 289, 292, 293, 295, 296, 297], "excluded_lines": [], "functions": {"_to_response": {"executed_lines": [], "summary": {"covered_lines": 0, "num_statements": 19, "percent_covered": 0.0, "percent_covered_display": "0", "missing_lines": 19, "excluded_lines": 0}, "missing_lines": [24, 25, 26, 27, 28, 29, 30, 31, 32, 35, 36, 37, 38, 40, 41, 42, 43, 44, 45], "excluded_lines": []}, "create_project": {"executed_lines": [], "summary": {"covered_lines": 0, "num_statements": 14, "percent_covered": 0.0, "percent_covered_display": "0", "missing_lines": 14, "excluded_lines": 0}, "missing_lines": [69, 70, 71, 72, 73, 76, 80, 81, 83, 84, 93, 94, 95, 96], "excluded_lines": []}, "list_projects": {"executed_lines": [], "summary": {"covered_lines": 0, "num_statements": 26, "percent_covered": 0.0, "percent_covered_display": "0", "missing_lines": 26, "excluded_lines": 0}, "missing_lines": [117, 119, 120, 122, 125, 126, 127, 128, 129, 131, 132, 133, 136, 137, 138, 139, 140, 141, 142, 143, 144, 145, 146, 147, 150, 152], "excluded_lines": []}, "get_project": {"executed_lines": [], "summary": {"covered_lines": 0, "num_statements": 13, "percent_covered": 0.0, "percent_covered_display": "0", "missing_lines": 13, "excluded_lines": 0}, "missing_lines": [176, 177, 178, 179, 181, 182, 184, 186, 187, 188, 190, 191, 193], "excluded_lines": []}, "update_project": {"executed_lines": [], "summary": {"covered_lines": 0, "num_statements": 38, "percent_covered": 0.0, "percent_covered_display": "0", "missing_lines": 38, "excluded_lines": 0}, "missing_lines": [207, 208, 209, 210, 214, 215, 216, 218, 220, 221, 224, 225, 227, 229, 230, 231, 232, 234, 235, 236, 238, 240, 241, 246, 247, 248, 250, 251, 252, 253, 254, 255, 256, 257, 259, 260, 261, 262], "excluded_lines": []}, "delete_project": {"executed_lines": [], "summary": {"covered_lines": 0, "num_statements": 15, "percent_covered": 0.0, "percent_covered_display": "0", "missing_lines": 15, "excluded_lines": 0}, "missing_lines": [275, 276, 277, 278, 280, 281, 282, 284, 288, 289, 292, 293, 295, 296, 297], "excluded_lines": []}, "": {"executed_lines": [], "summary": {"covered_lines": 0, "num_statements": 23, "percent_covered": 0.0, "percent_covered_display": "0", "missing_lines": 23, "excluded_lines": 0}, "missing_lines": [5, 6, 7, 8, 10, 11, 13, 14, 15, 16, 18, 19, 22, 62, 63, 102, 103, 163, 164, 199, 200, 268, 269], "excluded_lines": []}}, "classes": {"": {"executed_lines": [], "summary": {"covered_lines": 0, "num_statements": 148, "percent_covered": 0.0, "percent_covered_display": "0", "missing_lines": 148, "excluded_lines": 0}, "missing_lines": [5, 6, 7, 8, 10, 11, 13, 14, 15, 16, 18, 19, 22, 24, 25, 26, 27, 28, 29, 30, 31, 32, 35, 36, 37, 38, 40, 41, 42, 43, 44, 45, 62, 63, 69, 70, 71, 72, 73, 76, 80, 81, 83, 84, 93, 94, 95, 96, 102, 103, 117, 119, 120, 122, 125, 126, 127, 128, 129, 131, 132, 133, 136, 137, 138, 139, 140, 141, 142, 143, 144, 145, 146, 147, 150, 152, 163, 164, 176, 177, 178, 179, 181, 182, 184, 186, 187, 188, 190, 191, 193, 199, 200, 207, 208, 209, 210, 214, 215, 216, 218, 220, 221, 224, 225, 227, 229, 230, 231, 232, 234, 235, 236, 238, 240, 241, 246, 247, 248, 250, 251, 252, 253, 254, 255, 256, 257, 259, 260, 261, 262, 268, 269, 275, 276, 277, 278, 280, 281, 282, 284, 288, 289, 292, 293, 295, 296, 297], "excluded_lines": []}}}, "app\\routers\\questionnaire.py": {"executed_lines": [], "summary": {"covered_lines": 0, "num_statements": 53, "percent_covered": 0.0, "percent_covered_display": "0", "missing_lines": 53, "excluded_lines": 0}, "missing_lines": [5, 6, 7, 8, 10, 11, 13, 14, 15, 16, 17, 18, 19, 20, 21, 23, 24, 27, 28, 29, 38, 39, 40, 43, 44, 45, 46, 47, 48, 51, 58, 59, 61, 64, 65, 66, 68, 69, 71, 78, 79, 80, 87, 90, 91, 99, 101, 102, 103, 106, 114, 115, 117], "excluded_lines": [], "functions": {"submit_questionnaire": {"executed_lines": [], "summary": {"covered_lines": 0, "num_statements": 33, "percent_covered": 0.0, "percent_covered_display": "0", "missing_lines": 33, "excluded_lines": 0}, "missing_lines": [38, 39, 40, 43, 44, 45, 46, 47, 48, 51, 58, 59, 61, 64, 65, 66, 68, 69, 71, 78, 79, 80, 87, 90, 91, 99, 101, 102, 103, 106, 114, 115, 117], "excluded_lines": []}, "": {"executed_lines": [], "summary": {"covered_lines": 0, "num_statements": 20, "percent_covered": 0.0, "percent_covered_display": "0", "missing_lines": 20, "excluded_lines": 0}, "missing_lines": [5, 6, 7, 8, 10, 11, 13, 14, 15, 16, 17, 18, 19, 20, 21, 23, 24, 27, 28, 29], "excluded_lines": []}}, "classes": {"": {"executed_lines": [], "summary": {"covered_lines": 0, "num_statements": 53, "percent_covered": 0.0, "percent_covered_display": "0", "missing_lines": 53, "excluded_lines": 0}, "missing_lines": [5, 6, 7, 8, 10, 11, 13, 14, 15, 16, 17, 18, 19, 20, 21, 23, 24, 27, 28, 29, 38, 39, 40, 43, 44, 45, 46, 47, 48, 51, 58, 59, 61, 64, 65, 66, 68, 69, 71, 78, 79, 80, 87, 90, 91, 99, 101, 102, 103, 106, 114, 115, 117], "excluded_lines": []}}}, "app\\routers\\score_preview.py": {"executed_lines": [], "summary": {"covered_lines": 0, "num_statements": 27, "percent_covered": 0.0, "percent_covered_display": "0", "missing_lines": 27, "excluded_lines": 0}, "missing_lines": [11, 12, 14, 15, 17, 18, 23, 28, 31, 32, 33, 34, 35, 40, 41, 48, 49, 50, 51, 52, 54, 56, 58, 59, 60, 62, 64], "excluded_lines": [], "functions": {"score_preview": {"executed_lines": [], "summary": {"covered_lines": 0, "num_statements": 12, "percent_covered": 0.0, "percent_covered_display": "0", "missing_lines": 12, "excluded_lines": 0}, "missing_lines": [48, 49, 50, 51, 52, 54, 56, 58, 59, 60, 62, 64], "excluded_lines": []}, "": {"executed_lines": [], "summary": {"covered_lines": 0, "num_statements": 15, "percent_covered": 0.0, "percent_covered_display": "0", "missing_lines": 15, "excluded_lines": 0}, "missing_lines": [11, 12, 14, 15, 17, 18, 23, 28, 31, 32, 33, 34, 35, 40, 41], "excluded_lines": []}}, "classes": {"ScorePreviewRequest": {"executed_lines": [], "summary": {"covered_lines": 0, "num_statements": 0, "percent_covered": 100.0, "percent_covered_display": "100", "missing_lines": 0, "excluded_lines": 0}, "missing_lines": [], "excluded_lines": []}, "ScorePreviewResponse": {"executed_lines": [], "summary": {"covered_lines": 0, "num_statements": 0, "percent_covered": 100.0, "percent_covered_display": "100", "missing_lines": 0, "excluded_lines": 0}, "missing_lines": [], "excluded_lines": []}, "": {"executed_lines": [], "summary": {"covered_lines": 0, "num_statements": 27, "percent_covered": 0.0, "percent_covered_display": "0", "missing_lines": 27, "excluded_lines": 0}, "missing_lines": [11, 12, 14, 15, 17, 18, 23, 28, 31, 32, 33, 34, 35, 40, 41, 48, 49, 50, 51, 52, 54, 56, 58, 59, 60, 62, 64], "excluded_lines": []}}}, "app\\routers\\share_router.py": {"executed_lines": [], "summary": {"covered_lines": 0, "num_statements": 33, "percent_covered": 0.0, "percent_covered_display": "0", "missing_lines": 33, "excluded_lines": 0}, "missing_lines": [11, 12, 14, 15, 16, 17, 18, 19, 21, 24, 25, 26, 32, 33, 34, 35, 37, 41, 42, 45, 46, 49, 50, 51, 52, 53, 56, 57, 58, 59, 61, 62, 64], "excluded_lines": [], "functions": {"get_shared_analysis": {"executed_lines": [], "summary": {"covered_lines": 0, "num_statements": 21, "percent_covered": 0.0, "percent_covered_display": "0", "missing_lines": 21, "excluded_lines": 0}, "missing_lines": [32, 33, 34, 35, 37, 41, 42, 45, 46, 49, 50, 51, 52, 53, 56, 57, 58, 59, 61, 62, 64], "excluded_lines": []}, "": {"executed_lines": [], "summary": {"covered_lines": 0, "num_statements": 12, "percent_covered": 0.0, "percent_covered_display": "0", "missing_lines": 12, "excluded_lines": 0}, "missing_lines": [11, 12, 14, 15, 16, 17, 18, 19, 21, 24, 25, 26], "excluded_lines": []}}, "classes": {"": {"executed_lines": [], "summary": {"covered_lines": 0, "num_statements": 33, "percent_covered": 0.0, "percent_covered_display": "0", "missing_lines": 33, "excluded_lines": 0}, "missing_lines": [11, 12, 14, 15, 16, 17, 18, 19, 21, 24, 25, 26, 32, 33, 34, 35, 37, 41, 42, 45, 46, 49, 50, 51, 52, 53, 56, 57, 58, 59, 61, 62, 64], "excluded_lines": []}}}, "app\\routers\\upload.py": {"executed_lines": [], "summary": {"covered_lines": 0, "num_statements": 165, "percent_covered": 0.0, "percent_covered_display": "0", "missing_lines": 165, "excluded_lines": 0}, "missing_lines": [7, 8, 9, 10, 11, 12, 13, 14, 16, 17, 18, 20, 21, 22, 23, 24, 28, 29, 30, 31, 33, 34, 35, 38, 40, 41, 42, 48, 49, 50, 53, 59, 60, 61, 62, 63, 66, 67, 68, 71, 72, 73, 74, 75, 78, 79, 80, 88, 91, 93, 94, 95, 96, 97, 99, 102, 103, 104, 105, 109, 110, 111, 116, 118, 119, 120, 124, 126, 129, 130, 132, 133, 135, 136, 137, 139, 143, 147, 148, 149, 150, 152, 155, 156, 157, 161, 162, 166, 167, 168, 172, 173, 174, 177, 181, 185, 193, 198, 199, 202, 204, 205, 206, 207, 208, 209, 210, 211, 212, 213, 215, 216, 217, 218, 221, 222, 223, 237, 238, 240, 241, 242, 244, 245, 247, 248, 250, 251, 252, 257, 258, 259, 260, 261, 263, 264, 265, 266, 267, 268, 269, 270, 271, 272, 273, 275, 276, 277, 278, 281, 282, 289, 290, 293, 294, 295, 296, 298, 303, 309, 310, 311, 312, 313, 314], "excluded_lines": [], "functions": {"_update_step": {"executed_lines": [], "summary": {"covered_lines": 0, "num_statements": 6, "percent_covered": 0.0, "percent_covered_display": "0", "missing_lines": 6, "excluded_lines": 0}, "missing_lines": [40, 41, 42, 48, 49, 50], "excluded_lines": []}, "_process_document_background": {"executed_lines": [], "summary": {"covered_lines": 0, "num_statements": 83, "percent_covered": 0.0, "percent_covered_display": "0", "missing_lines": 83, "excluded_lines": 0}, "missing_lines": [59, 60, 61, 62, 63, 66, 67, 68, 71, 72, 73, 74, 75, 78, 79, 80, 88, 91, 93, 94, 95, 96, 97, 99, 102, 103, 104, 105, 109, 110, 111, 116, 118, 119, 120, 124, 126, 129, 130, 132, 133, 135, 136, 137, 139, 143, 147, 148, 149, 150, 152, 155, 156, 157, 161, 162, 166, 167, 168, 172, 173, 174, 177, 181, 185, 193, 198, 199, 202, 204, 205, 206, 207, 208, 209, 210, 211, 212, 213, 215, 216, 217, 218], "excluded_lines": []}, "upload_document": {"executed_lines": [], "summary": {"covered_lines": 0, "num_statements": 42, "percent_covered": 0.0, "percent_covered_display": "0", "missing_lines": 42, "excluded_lines": 0}, "missing_lines": [237, 238, 240, 241, 242, 244, 245, 247, 248, 250, 251, 252, 257, 258, 259, 260, 261, 263, 264, 265, 266, 267, 268, 269, 270, 271, 272, 273, 275, 276, 277, 278, 281, 282, 289, 290, 293, 294, 295, 296, 298, 303], "excluded_lines": []}, "_mark_session_error": {"executed_lines": [], "summary": {"covered_lines": 0, "num_statements": 5, "percent_covered": 0.0, "percent_covered_display": "0", "missing_lines": 5, "excluded_lines": 0}, "missing_lines": [310, 311, 312, 313, 314], "excluded_lines": []}, "": {"executed_lines": [], "summary": {"covered_lines": 0, "num_statements": 29, "percent_covered": 0.0, "percent_covered_display": "0", "missing_lines": 29, "excluded_lines": 0}, "missing_lines": [7, 8, 9, 10, 11, 12, 13, 14, 16, 17, 18, 20, 21, 22, 23, 24, 28, 29, 30, 31, 33, 34, 35, 38, 53, 221, 222, 223, 309], "excluded_lines": []}}, "classes": {"": {"executed_lines": [], "summary": {"covered_lines": 0, "num_statements": 165, "percent_covered": 0.0, "percent_covered_display": "0", "missing_lines": 165, "excluded_lines": 0}, "missing_lines": [7, 8, 9, 10, 11, 12, 13, 14, 16, 17, 18, 20, 21, 22, 23, 24, 28, 29, 30, 31, 33, 34, 35, 38, 40, 41, 42, 48, 49, 50, 53, 59, 60, 61, 62, 63, 66, 67, 68, 71, 72, 73, 74, 75, 78, 79, 80, 88, 91, 93, 94, 95, 96, 97, 99, 102, 103, 104, 105, 109, 110, 111, 116, 118, 119, 120, 124, 126, 129, 130, 132, 133, 135, 136, 137, 139, 143, 147, 148, 149, 150, 152, 155, 156, 157, 161, 162, 166, 167, 168, 172, 173, 174, 177, 181, 185, 193, 198, 199, 202, 204, 205, 206, 207, 208, 209, 210, 211, 212, 213, 215, 216, 217, 218, 221, 222, 223, 237, 238, 240, 241, 242, 244, 245, 247, 248, 250, 251, 252, 257, 258, 259, 260, 261, 263, 264, 265, 266, 267, 268, 269, 270, 271, 272, 273, 275, 276, 277, 278, 281, 282, 289, 290, 293, 294, 295, 296, 298, 303, 309, 310, 311, 312, 313, 314], "excluded_lines": []}}}, "app\\routers\\users.py": {"executed_lines": [], "summary": {"covered_lines": 0, "num_statements": 40, "percent_covered": 0.0, "percent_covered_display": "0", "missing_lines": 40, "excluded_lines": 0}, "missing_lines": [4, 5, 6, 8, 9, 10, 12, 13, 14, 16, 17, 20, 21, 22, 23, 24, 27, 28, 40, 41, 46, 47, 52, 53, 55, 57, 60, 61, 62, 63, 64, 65, 67, 75, 78, 79, 80, 81, 83, 85], "excluded_lines": [], "functions": {"sync_user": {"executed_lines": [], "summary": {"covered_lines": 0, "num_statements": 22, "percent_covered": 0.0, "percent_covered_display": "0", "missing_lines": 22, "excluded_lines": 0}, "missing_lines": [40, 41, 46, 47, 52, 53, 55, 57, 60, 61, 62, 63, 64, 65, 67, 75, 78, 79, 80, 81, 83, 85], "excluded_lines": []}, "": {"executed_lines": [], "summary": {"covered_lines": 0, "num_statements": 18, "percent_covered": 0.0, "percent_covered_display": "0", "missing_lines": 18, "excluded_lines": 0}, "missing_lines": [4, 5, 6, 8, 9, 10, 12, 13, 14, 16, 17, 20, 21, 22, 23, 24, 27, 28], "excluded_lines": []}}, "classes": {"UserSyncRequest": {"executed_lines": [], "summary": {"covered_lines": 0, "num_statements": 0, "percent_covered": 100.0, "percent_covered_display": "100", "missing_lines": 0, "excluded_lines": 0}, "missing_lines": [], "excluded_lines": []}, "": {"executed_lines": [], "summary": {"covered_lines": 0, "num_statements": 40, "percent_covered": 0.0, "percent_covered_display": "0", "missing_lines": 40, "excluded_lines": 0}, "missing_lines": [4, 5, 6, 8, 9, 10, 12, 13, 14, 16, 17, 20, 21, 22, 23, 24, 27, 28, 40, 41, 46, 47, 52, 53, 55, 57, 60, 61, 62, 63, 64, 65, 67, 75, 78, 79, 80, 81, 83, 85], "excluded_lines": []}}}, "app\\schemas\\__init__.py": {"executed_lines": [], "summary": {"covered_lines": 0, "num_statements": 0, "percent_covered": 100.0, "percent_covered_display": "100", "missing_lines": 0, "excluded_lines": 0}, "missing_lines": [], "excluded_lines": [], "functions": {"": {"executed_lines": [], "summary": {"covered_lines": 0, "num_statements": 0, "percent_covered": 100.0, "percent_covered_display": "100", "missing_lines": 0, "excluded_lines": 0}, "missing_lines": [], "excluded_lines": []}}, "classes": {"": {"executed_lines": [], "summary": {"covered_lines": 0, "num_statements": 0, "percent_covered": 100.0, "percent_covered_display": "100", "missing_lines": 0, "excluded_lines": 0}, "missing_lines": [], "excluded_lines": []}}}, "app\\schemas\\project.py": {"executed_lines": [], "summary": {"covered_lines": 0, "num_statements": 49, "percent_covered": 0.0, "percent_covered_display": "0", "missing_lines": 49, "excluded_lines": 0}, "missing_lines": [5, 6, 7, 12, 13, 14, 15, 18, 19, 20, 21, 22, 23, 24, 29, 30, 31, 32, 33, 34, 35, 36, 37, 38, 39, 41, 43, 44, 45, 46, 47, 48, 49, 50, 51, 52, 53, 56, 57, 58, 59, 61, 62, 63, 64, 65, 66, 80, 81], "excluded_lines": [], "functions": {"ProjectResponse.from_orm_model": {"executed_lines": [], "summary": {"covered_lines": 0, "num_statements": 19, "percent_covered": 0.0, "percent_covered_display": "0", "missing_lines": 19, "excluded_lines": 0}, "missing_lines": [45, 46, 47, 48, 49, 50, 51, 52, 53, 56, 57, 58, 59, 61, 62, 63, 64, 65, 66], "excluded_lines": []}, "": {"executed_lines": [], "summary": {"covered_lines": 0, "num_statements": 30, "percent_covered": 0.0, "percent_covered_display": "0", "missing_lines": 30, "excluded_lines": 0}, "missing_lines": [5, 6, 7, 12, 13, 14, 15, 18, 19, 20, 21, 22, 23, 24, 29, 30, 31, 32, 33, 34, 35, 36, 37, 38, 39, 41, 43, 44, 80, 81], "excluded_lines": []}}, "classes": {"ProjectCreate": {"executed_lines": [], "summary": {"covered_lines": 0, "num_statements": 0, "percent_covered": 100.0, "percent_covered_display": "100", "missing_lines": 0, "excluded_lines": 0}, "missing_lines": [], "excluded_lines": []}, "ProjectUpdate": {"executed_lines": [], "summary": {"covered_lines": 0, "num_statements": 0, "percent_covered": 100.0, "percent_covered_display": "100", "missing_lines": 0, "excluded_lines": 0}, "missing_lines": [], "excluded_lines": []}, "ProjectResponse": {"executed_lines": [], "summary": {"covered_lines": 0, "num_statements": 19, "percent_covered": 0.0, "percent_covered_display": "0", "missing_lines": 19, "excluded_lines": 0}, "missing_lines": [45, 46, 47, 48, 49, 50, 51, 52, 53, 56, 57, 58, 59, 61, 62, 63, 64, 65, 66], "excluded_lines": []}, "ProjectListResponse": {"executed_lines": [], "summary": {"covered_lines": 0, "num_statements": 0, "percent_covered": 100.0, "percent_covered_display": "100", "missing_lines": 0, "excluded_lines": 0}, "missing_lines": [], "excluded_lines": []}, "": {"executed_lines": [], "summary": {"covered_lines": 0, "num_statements": 30, "percent_covered": 0.0, "percent_covered_display": "0", "missing_lines": 30, "excluded_lines": 0}, "missing_lines": [5, 6, 7, 12, 13, 14, 15, 18, 19, 20, 21, 22, 23, 24, 29, 30, 31, 32, 33, 34, 35, 36, 37, 38, 39, 41, 43, 44, 80, 81], "excluded_lines": []}}}, "app\\schemas\\session.py": {"executed_lines": [], "summary": {"covered_lines": 0, "num_statements": 47, "percent_covered": 0.0, "percent_covered_display": "0", "missing_lines": 47, "excluded_lines": 0}, "missing_lines": [5, 6, 12, 13, 14, 15, 16, 17, 18, 19, 20, 21, 22, 23, 24, 25, 26, 27, 28, 29, 30, 31, 32, 38, 39, 40, 46, 47, 48, 49, 50, 51, 52, 53, 54, 55, 56, 57, 58, 60, 61, 62, 67, 68, 69, 70, 71], "excluded_lines": [], "functions": {"QuestionnaireInput._unwrap_answers": {"executed_lines": [], "summary": {"covered_lines": 0, "num_statements": 5, "percent_covered": 0.0, "percent_covered_display": "0", "missing_lines": 5, "excluded_lines": 0}, "missing_lines": [67, 68, 69, 70, 71], "excluded_lines": []}, "": {"executed_lines": [], "summary": {"covered_lines": 0, "num_statements": 42, "percent_covered": 0.0, "percent_covered_display": "0", "missing_lines": 42, "excluded_lines": 0}, "missing_lines": [5, 6, 12, 13, 14, 15, 16, 17, 18, 19, 20, 21, 22, 23, 24, 25, 26, 27, 28, 29, 30, 31, 32, 38, 39, 40, 46, 47, 48, 49, 50, 51, 52, 53, 54, 55, 56, 57, 58, 60, 61, 62], "excluded_lines": []}}, "classes": {"AnalysisResponse": {"executed_lines": [], "summary": {"covered_lines": 0, "num_statements": 0, "percent_covered": 100.0, "percent_covered_display": "100", "missing_lines": 0, "excluded_lines": 0}, "missing_lines": [], "excluded_lines": []}, "FollowUpAnswers": {"executed_lines": [], "summary": {"covered_lines": 0, "num_statements": 0, "percent_covered": 100.0, "percent_covered_display": "100", "missing_lines": 0, "excluded_lines": 0}, "missing_lines": [], "excluded_lines": []}, "QuestionnaireInput": {"executed_lines": [], "summary": {"covered_lines": 0, "num_statements": 5, "percent_covered": 0.0, "percent_covered_display": "0", "missing_lines": 5, "excluded_lines": 0}, "missing_lines": [67, 68, 69, 70, 71], "excluded_lines": []}, "": {"executed_lines": [], "summary": {"covered_lines": 0, "num_statements": 42, "percent_covered": 0.0, "percent_covered_display": "0", "missing_lines": 42, "excluded_lines": 0}, "missing_lines": [5, 6, 12, 13, 14, 15, 16, 17, 18, 19, 20, 21, 22, 23, 24, 25, 26, 27, 28, 29, 30, 31, 32, 38, 39, 40, 46, 47, 48, 49, 50, 51, 52, 53, 54, 55, 56, 57, 58, 60, 61, 62], "excluded_lines": []}}}, "app\\services\\__init__.py": {"executed_lines": [], "summary": {"covered_lines": 0, "num_statements": 0, "percent_covered": 100.0, "percent_covered_display": "100", "missing_lines": 0, "excluded_lines": 0}, "missing_lines": [], "excluded_lines": [], "functions": {"": {"executed_lines": [], "summary": {"covered_lines": 0, "num_statements": 0, "percent_covered": 100.0, "percent_covered_display": "100", "missing_lines": 0, "excluded_lines": 0}, "missing_lines": [], "excluded_lines": []}}, "classes": {"": {"executed_lines": [], "summary": {"covered_lines": 0, "num_statements": 0, "percent_covered": 100.0, "percent_covered_display": "100", "missing_lines": 0, "excluded_lines": 0}, "missing_lines": [], "excluded_lines": []}}}, "app\\services\\cache_service.py": {"executed_lines": [], "summary": {"covered_lines": 0, "num_statements": 53, "percent_covered": 0.0, "percent_covered_display": "0", "missing_lines": 53, "excluded_lines": 0}, "missing_lines": [5, 6, 7, 9, 11, 13, 17, 18, 21, 27, 28, 31, 32, 33, 34, 37, 38, 41, 43, 44, 45, 46, 47, 48, 49, 50, 53, 55, 56, 57, 58, 59, 60, 63, 65, 66, 67, 68, 69, 70, 74, 75, 78, 79, 82, 83, 86, 87, 90, 91, 94, 96, 97], "excluded_lines": [], "functions": {"_key": {"executed_lines": [], "summary": {"covered_lines": 0, "num_statements": 1, "percent_covered": 0.0, "percent_covered_display": "0", "missing_lines": 1, "excluded_lines": 0}, "missing_lines": [38], "excluded_lines": []}, "get": {"executed_lines": [], "summary": {"covered_lines": 0, "num_statements": 8, "percent_covered": 0.0, "percent_covered_display": "0", "missing_lines": 8, "excluded_lines": 0}, "missing_lines": [43, 44, 45, 46, 47, 48, 49, 50], "excluded_lines": []}, "set": {"executed_lines": [], "summary": {"covered_lines": 0, "num_statements": 6, "percent_covered": 0.0, "percent_covered_display": "0", "missing_lines": 6, "excluded_lines": 0}, "missing_lines": [55, 56, 57, 58, 59, 60], "excluded_lines": []}, "delete": {"executed_lines": [], "summary": {"covered_lines": 0, "num_statements": 6, "percent_covered": 0.0, "percent_covered_display": "0", "missing_lines": 6, "excluded_lines": 0}, "missing_lines": [65, 66, 67, 68, 69, 70], "excluded_lines": []}, "get_signals": {"executed_lines": [], "summary": {"covered_lines": 0, "num_statements": 1, "percent_covered": 0.0, "percent_covered_display": "0", "missing_lines": 1, "excluded_lines": 0}, "missing_lines": [79], "excluded_lines": []}, "set_signals": {"executed_lines": [], "summary": {"covered_lines": 0, "num_statements": 1, "percent_covered": 0.0, "percent_covered_display": "0", "missing_lines": 1, "excluded_lines": 0}, "missing_lines": [83], "excluded_lines": []}, "get_result": {"executed_lines": [], "summary": {"covered_lines": 0, "num_statements": 1, "percent_covered": 0.0, "percent_covered_display": "0", "missing_lines": 1, "excluded_lines": 0}, "missing_lines": [87], "excluded_lines": []}, "set_result": {"executed_lines": [], "summary": {"covered_lines": 0, "num_statements": 1, "percent_covered": 0.0, "percent_covered_display": "0", "missing_lines": 1, "excluded_lines": 0}, "missing_lines": [91], "excluded_lines": []}, "invalidate_session": {"executed_lines": [], "summary": {"covered_lines": 0, "num_statements": 2, "percent_covered": 0.0, "percent_covered_display": "0", "missing_lines": 2, "excluded_lines": 0}, "missing_lines": [96, 97], "excluded_lines": []}, "": {"executed_lines": [], "summary": {"covered_lines": 0, "num_statements": 26, "percent_covered": 0.0, "percent_covered_display": "0", "missing_lines": 26, "excluded_lines": 0}, "missing_lines": [5, 6, 7, 9, 11, 13, 17, 18, 21, 27, 28, 31, 32, 33, 34, 37, 41, 53, 63, 74, 75, 78, 82, 86, 90, 94], "excluded_lines": []}}, "classes": {"": {"executed_lines": [], "summary": {"covered_lines": 0, "num_statements": 53, "percent_covered": 0.0, "percent_covered_display": "0", "missing_lines": 53, "excluded_lines": 0}, "missing_lines": [5, 6, 7, 9, 11, 13, 17, 18, 21, 27, 28, 31, 32, 33, 34, 37, 38, 41, 43, 44, 45, 46, 47, 48, 49, 50, 53, 55, 56, 57, 58, 59, 60, 63, 65, 66, 67, 68, 69, 70, 74, 75, 78, 79, 82, 83, 86, 87, 90, 91, 94, 96, 97], "excluded_lines": []}}}, "app\\services\\cost_analysis.py": {"executed_lines": [], "summary": {"covered_lines": 0, "num_statements": 101, "percent_covered": 0.0, "percent_covered_display": "0", "missing_lines": 101, "excluded_lines": 0}, "missing_lines": [7, 18, 65, 74, 90, 98, 105, 107, 119, 120, 121, 122, 123, 126, 127, 130, 132, 133, 134, 135, 136, 137, 138, 141, 142, 143, 144, 145, 146, 153, 161, 162, 163, 165, 166, 167, 168, 169, 170, 172, 173, 175, 177, 178, 181, 182, 183, 185, 186, 187, 190, 191, 192, 195, 196, 202, 203, 208, 211, 214, 217, 218, 219, 224, 244, 245, 247, 248, 249, 250, 253, 254, 255, 256, 257, 259, 262, 263, 264, 270, 274, 275, 280, 281, 282, 283, 288, 289, 290, 295, 296, 301, 326, 327, 328, 329, 330, 333, 334, 335, 336], "excluded_lines": [], "functions": {"_get_signal_value": {"executed_lines": [], "summary": {"covered_lines": 0, "num_statements": 4, "percent_covered": 0.0, "percent_covered_display": "0", "missing_lines": 4, "excluded_lines": 0}, "missing_lines": [120, 121, 122, 123], "excluded_lines": []}, "_sum_range": {"executed_lines": [], "summary": {"covered_lines": 0, "num_statements": 1, "percent_covered": 0.0, "percent_covered_display": "0", "missing_lines": 1, "excluded_lines": 0}, "missing_lines": [127], "excluded_lines": []}, "_inr_short": {"executed_lines": [], "summary": {"covered_lines": 0, "num_statements": 7, "percent_covered": 0.0, "percent_covered_display": "0", "missing_lines": 7, "excluded_lines": 0}, "missing_lines": [132, 133, 134, 135, 136, 137, 138], "excluded_lines": []}, "_inr_range_short": {"executed_lines": [], "summary": {"covered_lines": 0, "num_statements": 5, "percent_covered": 0.0, "percent_covered_display": "0", "missing_lines": 5, "excluded_lines": 0}, "missing_lines": [142, 143, 144, 145, 146], "excluded_lines": []}, "generate_cost_analysis": {"executed_lines": [], "summary": {"covered_lines": 0, "num_statements": 62, "percent_covered": 0.0, "percent_covered_display": "0", "missing_lines": 62, "excluded_lines": 0}, "missing_lines": [161, 162, 163, 165, 166, 167, 168, 169, 170, 172, 173, 175, 177, 178, 181, 182, 183, 185, 186, 187, 190, 191, 192, 195, 196, 202, 203, 208, 211, 214, 217, 218, 219, 224, 244, 245, 247, 248, 249, 250, 253, 254, 255, 256, 257, 259, 262, 263, 264, 270, 274, 275, 280, 281, 282, 283, 288, 289, 290, 295, 296, 301], "excluded_lines": []}, "_lookup_infra": {"executed_lines": [], "summary": {"covered_lines": 0, "num_statements": 4, "percent_covered": 0.0, "percent_covered_display": "0", "missing_lines": 4, "excluded_lines": 0}, "missing_lines": [327, 328, 329, 330], "excluded_lines": []}, "_lookup_training": {"executed_lines": [], "summary": {"covered_lines": 0, "num_statements": 3, "percent_covered": 0.0, "percent_covered_display": "0", "missing_lines": 3, "excluded_lines": 0}, "missing_lines": [334, 335, 336], "excluded_lines": []}, "": {"executed_lines": [], "summary": {"covered_lines": 0, "num_statements": 15, "percent_covered": 0.0, "percent_covered_display": "0", "missing_lines": 15, "excluded_lines": 0}, "missing_lines": [7, 18, 65, 74, 90, 98, 105, 107, 119, 126, 130, 141, 153, 326, 333], "excluded_lines": []}}, "classes": {"": {"executed_lines": [], "summary": {"covered_lines": 0, "num_statements": 101, "percent_covered": 0.0, "percent_covered_display": "0", "missing_lines": 101, "excluded_lines": 0}, "missing_lines": [7, 18, 65, 74, 90, 98, 105, 107, 119, 120, 121, 122, 123, 126, 127, 130, 132, 133, 134, 135, 136, 137, 138, 141, 142, 143, 144, 145, 146, 153, 161, 162, 163, 165, 166, 167, 168, 169, 170, 172, 173, 175, 177, 178, 181, 182, 183, 185, 186, 187, 190, 191, 192, 195, 196, 202, 203, 208, 211, 214, 217, 218, 219, 224, 244, 245, 247, 248, 249, 250, 253, 254, 255, 256, 257, 259, 262, 263, 264, 270, 274, 275, 280, 281, 282, 283, 288, 289, 290, 295, 296, 301, 326, 327, 328, 329, 330, 333, 334, 335, 336], "excluded_lines": []}}}, "app\\services\\cost_report_pdf.py": {"executed_lines": [], "summary": {"covered_lines": 0, "num_statements": 496, "percent_covered": 0.0, "percent_covered_display": "0", "missing_lines": 496, "excluded_lines": 0}, "missing_lines": [4, 5, 6, 11, 12, 13, 14, 15, 16, 17, 18, 19, 20, 21, 23, 34, 41, 42, 43, 44, 45, 46, 47, 50, 51, 52, 59, 61, 62, 63, 64, 65, 66, 67, 69, 70, 71, 72, 73, 74, 75, 78, 80, 81, 82, 83, 84, 85, 86, 87, 88, 91, 92, 93, 94, 95, 96, 97, 100, 101, 102, 103, 104, 105, 106, 109, 110, 116, 117, 118, 119, 120, 121, 122, 123, 124, 125, 126, 127, 129, 130, 131, 132, 133, 134, 135, 136, 137, 138, 145, 146, 147, 148, 149, 150, 151, 152, 153, 154, 155, 156, 157, 158, 161, 162, 163, 164, 165, 166, 167, 168, 171, 173, 174, 175, 176, 177, 178, 181, 183, 184, 185, 186, 187, 194, 196, 197, 198, 199, 200, 202, 203, 204, 205, 207, 208, 209, 210, 211, 212, 214, 215, 216, 217, 219, 224, 226, 227, 228, 229, 231, 232, 233, 234, 236, 237, 238, 239, 241, 242, 243, 244, 245, 246, 249, 250, 251, 254, 255, 256, 257, 258, 259, 260, 261, 262, 263, 266, 267, 268, 269, 270, 271, 272, 273, 274, 275, 277, 280, 281, 282, 284, 290, 291, 292, 293, 294, 295, 296, 297, 298, 299, 300, 302, 307, 308, 310, 311, 312, 313, 314, 315, 316, 317, 318, 320, 321, 322, 323, 324, 325, 326, 327, 328, 329, 330, 331, 336, 339, 340, 341, 342, 343, 344, 345, 346, 349, 350, 351, 352, 353, 354, 355, 356, 357, 358, 360, 361, 362, 363, 365, 368, 369, 370, 373, 374, 375, 376, 379, 380, 381, 384, 385, 386, 389, 392, 393, 394, 395, 396, 397, 399, 401, 404, 405, 406, 407, 409, 410, 411, 412, 413, 414, 415, 416, 417, 418, 419, 420, 421, 422, 423, 424, 425, 426, 428, 433, 434, 436, 437, 440, 441, 442, 443, 444, 445, 446, 449, 450, 451, 452, 453, 455, 456, 458, 460, 461, 462, 463, 464, 466, 467, 468, 471, 472, 473, 474, 476, 477, 478, 479, 482, 483, 484, 487, 488, 489, 490, 491, 492, 493, 496, 497, 498, 499, 500, 501, 502, 503, 504, 505, 506, 507, 508, 509, 510, 511, 512, 517, 518, 520, 521, 522, 523, 525, 526, 527, 528, 530, 531, 532, 533, 534, 535, 536, 539, 540, 541, 542, 544, 545, 546, 547, 550, 551, 552, 553, 555, 556, 558, 561, 562, 564, 565, 566, 567, 568, 569, 571, 572, 573, 574, 575, 576, 577, 578, 579, 580, 584, 585, 586, 587, 588, 589, 590, 591, 592, 593, 594, 595, 596, 597, 598, 602, 603, 604, 605, 606, 607, 610, 611, 612, 613, 618, 619, 621, 622, 623, 624, 627, 629, 631, 632, 633, 634, 635, 636, 638, 639, 640, 641, 643, 644, 645, 647, 648, 649, 650, 652, 653, 654, 656, 658, 659, 660, 661, 663, 665, 670, 671, 673, 674, 675, 676, 677, 679, 680, 683, 685, 686, 687, 688, 689, 694, 695, 696, 697, 698, 699, 700, 701, 706, 707, 708, 710, 713], "excluded_lines": [], "functions": {"_s": {"executed_lines": [], "summary": {"covered_lines": 0, "num_statements": 6, "percent_covered": 0.0, "percent_covered_display": "0", "missing_lines": 6, "excluded_lines": 0}, "missing_lines": [42, 43, 44, 45, 46, 47], "excluded_lines": []}, "_safe": {"executed_lines": [], "summary": {"covered_lines": 0, "num_statements": 2, "percent_covered": 0.0, "percent_covered_display": "0", "missing_lines": 2, "excluded_lines": 0}, "missing_lines": [51, 52], "excluded_lines": []}, "_inr_fmt": {"executed_lines": [], "summary": {"covered_lines": 0, "num_statements": 14, "percent_covered": 0.0, "percent_covered_display": "0", "missing_lines": 14, "excluded_lines": 0}, "missing_lines": [61, 62, 63, 64, 65, 66, 67, 69, 70, 71, 72, 73, 74, 75], "excluded_lines": []}, "_inr_short": {"executed_lines": [], "summary": {"covered_lines": 0, "num_statements": 9, "percent_covered": 0.0, "percent_covered_display": "0", "missing_lines": 9, "excluded_lines": 0}, "missing_lines": [80, 81, 82, 83, 84, 85, 86, 87, 88], "excluded_lines": []}, "_inr_range": {"executed_lines": [], "summary": {"covered_lines": 0, "num_statements": 6, "percent_covered": 0.0, "percent_covered_display": "0", "missing_lines": 6, "excluded_lines": 0}, "missing_lines": [92, 93, 94, 95, 96, 97], "excluded_lines": []}, "_inr_range_short": {"executed_lines": [], "summary": {"covered_lines": 0, "num_statements": 6, "percent_covered": 0.0, "percent_covered_display": "0", "missing_lines": 6, "excluded_lines": 0}, "missing_lines": [101, 102, 103, 104, 105, 106], "excluded_lines": []}, "_avg": {"executed_lines": [], "summary": {"covered_lines": 0, "num_statements": 1, "percent_covered": 0.0, "percent_covered_display": "0", "missing_lines": 1, "excluded_lines": 0}, "missing_lines": [110], "excluded_lines": []}, "_PDF.header": {"executed_lines": [], "summary": {"covered_lines": 0, "num_statements": 10, "percent_covered": 0.0, "percent_covered_display": "0", "missing_lines": 10, "excluded_lines": 0}, "missing_lines": [118, 119, 120, 121, 122, 123, 124, 125, 126, 127], "excluded_lines": []}, "_PDF.footer": {"executed_lines": [], "summary": {"covered_lines": 0, "num_statements": 9, "percent_covered": 0.0, "percent_covered_display": "0", "missing_lines": 9, "excluded_lines": 0}, "missing_lines": [130, 131, 132, 133, 134, 135, 136, 137, 138], "excluded_lines": []}, "_section_title": {"executed_lines": [], "summary": {"covered_lines": 0, "num_statements": 13, "percent_covered": 0.0, "percent_covered_display": "0", "missing_lines": 13, "excluded_lines": 0}, "missing_lines": [146, 147, 148, 149, 150, 151, 152, 153, 154, 155, 156, 157, 158], "excluded_lines": []}, "_hbar": {"executed_lines": [], "summary": {"covered_lines": 0, "num_statements": 7, "percent_covered": 0.0, "percent_covered_display": "0", "missing_lines": 7, "excluded_lines": 0}, "missing_lines": [162, 163, 164, 165, 166, 167, 168], "excluded_lines": []}, "_badge": {"executed_lines": [], "summary": {"covered_lines": 0, "num_statements": 6, "percent_covered": 0.0, "percent_covered_display": "0", "missing_lines": 6, "excluded_lines": 0}, "missing_lines": [173, 174, 175, 176, 177, 178], "excluded_lines": []}, "_cost_color": {"executed_lines": [], "summary": {"covered_lines": 0, "num_statements": 5, "percent_covered": 0.0, "percent_covered_display": "0", "missing_lines": 5, "excluded_lines": 0}, "missing_lines": [183, 184, 185, 186, 187], "excluded_lines": []}, "generate_cost_pdf": {"executed_lines": [], "summary": {"covered_lines": 0, "num_statements": 371, "percent_covered": 0.0, "percent_covered_display": "0", "missing_lines": 371, "excluded_lines": 0}, "missing_lines": [196, 197, 198, 199, 200, 202, 203, 204, 205, 207, 208, 209, 210, 211, 212, 214, 215, 216, 217, 219, 224, 226, 227, 228, 229, 231, 232, 233, 234, 236, 237, 238, 239, 241, 242, 243, 244, 245, 246, 249, 250, 251, 254, 255, 256, 257, 258, 259, 260, 261, 262, 263, 266, 267, 268, 269, 270, 271, 272, 273, 274, 275, 277, 280, 281, 282, 284, 290, 291, 292, 293, 294, 295, 296, 297, 298, 299, 300, 302, 307, 308, 310, 311, 312, 313, 314, 315, 316, 317, 318, 320, 321, 322, 323, 324, 325, 326, 327, 328, 329, 330, 331, 336, 339, 340, 341, 342, 343, 344, 345, 346, 349, 350, 351, 352, 353, 354, 355, 356, 357, 358, 360, 361, 362, 363, 365, 368, 369, 370, 373, 374, 375, 376, 379, 380, 381, 384, 385, 386, 389, 392, 393, 394, 395, 396, 397, 399, 401, 404, 405, 406, 407, 409, 410, 411, 412, 413, 414, 415, 416, 417, 418, 419, 420, 421, 422, 423, 424, 425, 426, 428, 433, 434, 436, 437, 440, 441, 442, 443, 444, 445, 446, 449, 450, 451, 452, 453, 455, 456, 458, 460, 461, 462, 463, 464, 466, 467, 468, 471, 472, 473, 474, 476, 477, 478, 479, 482, 483, 484, 487, 488, 489, 490, 491, 492, 493, 496, 497, 498, 499, 500, 501, 502, 503, 504, 505, 506, 507, 508, 509, 510, 511, 512, 517, 518, 520, 521, 522, 523, 525, 526, 527, 528, 530, 531, 532, 533, 534, 535, 536, 539, 540, 541, 542, 544, 545, 546, 547, 550, 551, 552, 553, 555, 556, 558, 561, 562, 564, 565, 566, 567, 568, 569, 571, 572, 573, 574, 575, 576, 577, 578, 579, 580, 584, 585, 586, 587, 588, 589, 590, 591, 592, 593, 594, 595, 596, 597, 598, 602, 603, 604, 605, 606, 607, 610, 611, 612, 613, 618, 619, 621, 622, 623, 624, 627, 629, 631, 632, 633, 634, 635, 636, 638, 639, 640, 641, 643, 644, 645, 647, 648, 649, 650, 652, 653, 654, 656, 658, 659, 660, 661, 663, 665, 670, 671, 673, 674, 675, 676, 677, 679, 680, 683, 685, 686, 687, 688, 689, 694, 695, 696, 697, 698, 699, 700, 701, 706, 707, 708, 710, 713], "excluded_lines": []}, "": {"executed_lines": [], "summary": {"covered_lines": 0, "num_statements": 31, "percent_covered": 0.0, "percent_covered_display": "0", "missing_lines": 31, "excluded_lines": 0}, "missing_lines": [4, 5, 6, 11, 12, 13, 14, 15, 16, 17, 18, 19, 20, 21, 23, 34, 41, 50, 59, 78, 91, 100, 109, 116, 117, 129, 145, 161, 171, 181, 194], "excluded_lines": []}}, "classes": {"_PDF": {"executed_lines": [], "summary": {"covered_lines": 0, "num_statements": 19, "percent_covered": 0.0, "percent_covered_display": "0", "missing_lines": 19, "excluded_lines": 0}, "missing_lines": [118, 119, 120, 121, 122, 123, 124, 125, 126, 127, 130, 131, 132, 133, 134, 135, 136, 137, 138], "excluded_lines": []}, "": {"executed_lines": [], "summary": {"covered_lines": 0, "num_statements": 477, "percent_covered": 0.0, "percent_covered_display": "0", "missing_lines": 477, "excluded_lines": 0}, "missing_lines": [4, 5, 6, 11, 12, 13, 14, 15, 16, 17, 18, 19, 20, 21, 23, 34, 41, 42, 43, 44, 45, 46, 47, 50, 51, 52, 59, 61, 62, 63, 64, 65, 66, 67, 69, 70, 71, 72, 73, 74, 75, 78, 80, 81, 82, 83, 84, 85, 86, 87, 88, 91, 92, 93, 94, 95, 96, 97, 100, 101, 102, 103, 104, 105, 106, 109, 110, 116, 117, 129, 145, 146, 147, 148, 149, 150, 151, 152, 153, 154, 155, 156, 157, 158, 161, 162, 163, 164, 165, 166, 167, 168, 171, 173, 174, 175, 176, 177, 178, 181, 183, 184, 185, 186, 187, 194, 196, 197, 198, 199, 200, 202, 203, 204, 205, 207, 208, 209, 210, 211, 212, 214, 215, 216, 217, 219, 224, 226, 227, 228, 229, 231, 232, 233, 234, 236, 237, 238, 239, 241, 242, 243, 244, 245, 246, 249, 250, 251, 254, 255, 256, 257, 258, 259, 260, 261, 262, 263, 266, 267, 268, 269, 270, 271, 272, 273, 274, 275, 277, 280, 281, 282, 284, 290, 291, 292, 293, 294, 295, 296, 297, 298, 299, 300, 302, 307, 308, 310, 311, 312, 313, 314, 315, 316, 317, 318, 320, 321, 322, 323, 324, 325, 326, 327, 328, 329, 330, 331, 336, 339, 340, 341, 342, 343, 344, 345, 346, 349, 350, 351, 352, 353, 354, 355, 356, 357, 358, 360, 361, 362, 363, 365, 368, 369, 370, 373, 374, 375, 376, 379, 380, 381, 384, 385, 386, 389, 392, 393, 394, 395, 396, 397, 399, 401, 404, 405, 406, 407, 409, 410, 411, 412, 413, 414, 415, 416, 417, 418, 419, 420, 421, 422, 423, 424, 425, 426, 428, 433, 434, 436, 437, 440, 441, 442, 443, 444, 445, 446, 449, 450, 451, 452, 453, 455, 456, 458, 460, 461, 462, 463, 464, 466, 467, 468, 471, 472, 473, 474, 476, 477, 478, 479, 482, 483, 484, 487, 488, 489, 490, 491, 492, 493, 496, 497, 498, 499, 500, 501, 502, 503, 504, 505, 506, 507, 508, 509, 510, 511, 512, 517, 518, 520, 521, 522, 523, 525, 526, 527, 528, 530, 531, 532, 533, 534, 535, 536, 539, 540, 541, 542, 544, 545, 546, 547, 550, 551, 552, 553, 555, 556, 558, 561, 562, 564, 565, 566, 567, 568, 569, 571, 572, 573, 574, 575, 576, 577, 578, 579, 580, 584, 585, 586, 587, 588, 589, 590, 591, 592, 593, 594, 595, 596, 597, 598, 602, 603, 604, 605, 606, 607, 610, 611, 612, 613, 618, 619, 621, 622, 623, 624, 627, 629, 631, 632, 633, 634, 635, 636, 638, 639, 640, 641, 643, 644, 645, 647, 648, 649, 650, 652, 653, 654, 656, 658, 659, 660, 661, 663, 665, 670, 671, 673, 674, 675, 676, 677, 679, 680, 683, 685, 686, 687, 688, 689, 694, 695, 696, 697, 698, 699, 700, 701, 706, 707, 708, 710, 713], "excluded_lines": []}}}, "app\\services\\pdf_report.py": {"executed_lines": [], "summary": {"covered_lines": 0, "num_statements": 594, "percent_covered": 0.0, "percent_covered_display": "0", "missing_lines": 594, "excluded_lines": 0}, "missing_lines": [4, 5, 6, 7, 12, 13, 14, 15, 16, 17, 18, 19, 20, 21, 22, 24, 34, 43, 44, 45, 46, 47, 48, 49, 52, 53, 54, 60, 61, 62, 63, 64, 65, 66, 67, 68, 69, 70, 71, 73, 74, 75, 76, 77, 78, 79, 80, 81, 82, 88, 89, 90, 91, 92, 93, 95, 96, 97, 98, 99, 100, 101, 102, 105, 106, 107, 108, 109, 110, 111, 112, 115, 117, 118, 119, 120, 121, 122, 125, 126, 127, 128, 129, 130, 131, 132, 133, 136, 137, 138, 139, 140, 141, 144, 145, 146, 147, 148, 149, 150, 151, 157, 161, 162, 163, 164, 165, 166, 167, 168, 169, 170, 171, 172, 173, 174, 176, 177, 178, 179, 180, 181, 184, 185, 186, 187, 188, 193, 196, 197, 200, 201, 204, 205, 206, 207, 210, 211, 212, 213, 216, 217, 218, 219, 220, 223, 224, 225, 226, 229, 230, 231, 232, 233, 234, 235, 236, 237, 238, 239, 242, 243, 244, 245, 246, 247, 248, 249, 250, 251, 252, 254, 257, 258, 259, 261, 269, 270, 271, 272, 273, 274, 275, 276, 277, 278, 279, 281, 286, 288, 290, 291, 292, 293, 294, 295, 296, 297, 300, 301, 302, 303, 304, 305, 306, 308, 309, 310, 312, 313, 314, 317, 318, 321, 322, 323, 324, 327, 328, 329, 330, 333, 336, 337, 338, 340, 342, 347, 348, 350, 351, 354, 355, 356, 357, 358, 359, 360, 361, 362, 363, 364, 365, 366, 367, 368, 369, 371, 372, 373, 376, 377, 378, 379, 380, 381, 382, 383, 384, 385, 386, 387, 388, 389, 390, 391, 392, 393, 394, 395, 397, 402, 403, 404, 405, 406, 407, 409, 410, 411, 412, 414, 415, 416, 417, 419, 420, 421, 422, 423, 424, 425, 426, 428, 429, 430, 431, 432, 434, 439, 440, 442, 444, 445, 446, 447, 448, 449, 450, 451, 453, 454, 455, 456, 457, 458, 460, 461, 462, 463, 464, 465, 468, 469, 470, 473, 474, 475, 478, 479, 480, 481, 484, 485, 486, 487, 488, 489, 491, 492, 493, 494, 497, 498, 502, 503, 504, 505, 506, 507, 510, 511, 512, 513, 514, 515, 516, 517, 518, 519, 520, 522, 523, 524, 526, 528, 533, 534, 535, 536, 538, 539, 541, 542, 543, 546, 547, 548, 549, 550, 551, 552, 553, 554, 555, 556, 557, 558, 560, 561, 562, 563, 564, 565, 566, 568, 569, 570, 571, 572, 573, 575, 576, 577, 578, 579, 581, 582, 583, 584, 586, 591, 592, 594, 595, 596, 598, 599, 600, 601, 603, 604, 605, 606, 608, 610, 611, 612, 613, 614, 616, 617, 619, 620, 621, 622, 623, 624, 625, 626, 627, 628, 629, 630, 632, 633, 634, 635, 636, 638, 643, 644, 646, 647, 648, 649, 650, 652, 653, 654, 655, 656, 657, 658, 660, 663, 664, 667, 668, 669, 670, 673, 674, 675, 676, 677, 680, 681, 682, 685, 686, 687, 688, 689, 690, 691, 692, 693, 694, 696, 699, 700, 701, 702, 703, 705, 710, 711, 712, 714, 715, 716, 717, 718, 719, 720, 721, 723, 724, 725, 726, 729, 730, 733, 734, 735, 738, 739, 740, 741, 744, 745, 746, 747, 750, 751, 753, 756, 757, 758, 759, 760, 761, 764, 765, 766, 767, 768, 769, 773, 774, 775, 776, 777, 778, 779, 780, 781, 782, 783, 784, 785, 787, 788, 789, 790, 791, 792, 793, 794, 795, 796, 797, 800, 801, 802, 803, 804, 805, 806, 807, 808, 810, 811, 812, 813, 814, 819, 820, 821, 822, 823, 824, 825, 826, 827, 828, 829, 830, 831, 832, 834, 836, 839], "excluded_lines": [], "functions": {"_s": {"executed_lines": [], "summary": {"covered_lines": 0, "num_statements": 6, "percent_covered": 0.0, "percent_covered_display": "0", "missing_lines": 6, "excluded_lines": 0}, "missing_lines": [44, 45, 46, 47, 48, 49], "excluded_lines": []}, "_safe": {"executed_lines": [], "summary": {"covered_lines": 0, "num_statements": 2, "percent_covered": 0.0, "percent_covered_display": "0", "missing_lines": 2, "excluded_lines": 0}, "missing_lines": [53, 54], "excluded_lines": []}, "_PDF.header": {"executed_lines": [], "summary": {"covered_lines": 0, "num_statements": 10, "percent_covered": 0.0, "percent_covered_display": "0", "missing_lines": 10, "excluded_lines": 0}, "missing_lines": [62, 63, 64, 65, 66, 67, 68, 69, 70, 71], "excluded_lines": []}, "_PDF.footer": {"executed_lines": [], "summary": {"covered_lines": 0, "num_statements": 9, "percent_covered": 0.0, "percent_covered_display": "0", "missing_lines": 9, "excluded_lines": 0}, "missing_lines": [74, 75, 76, 77, 78, 79, 80, 81, 82], "excluded_lines": []}, "_section_title": {"executed_lines": [], "summary": {"covered_lines": 0, "num_statements": 13, "percent_covered": 0.0, "percent_covered_display": "0", "missing_lines": 13, "excluded_lines": 0}, "missing_lines": [89, 90, 91, 92, 93, 95, 96, 97, 98, 99, 100, 101, 102], "excluded_lines": []}, "_hbar": {"executed_lines": [], "summary": {"covered_lines": 0, "num_statements": 7, "percent_covered": 0.0, "percent_covered_display": "0", "missing_lines": 7, "excluded_lines": 0}, "missing_lines": [106, 107, 108, 109, 110, 111, 112], "excluded_lines": []}, "_badge": {"executed_lines": [], "summary": {"covered_lines": 0, "num_statements": 6, "percent_covered": 0.0, "percent_covered_display": "0", "missing_lines": 6, "excluded_lines": 0}, "missing_lines": [117, 118, 119, 120, 121, 122], "excluded_lines": []}, "_suit_color": {"executed_lines": [], "summary": {"covered_lines": 0, "num_statements": 8, "percent_covered": 0.0, "percent_covered_display": "0", "missing_lines": 8, "excluded_lines": 0}, "missing_lines": [126, 127, 128, 129, 130, 131, 132, 133], "excluded_lines": []}, "_conf_color": {"executed_lines": [], "summary": {"covered_lines": 0, "num_statements": 5, "percent_covered": 0.0, "percent_covered_display": "0", "missing_lines": 5, "excluded_lines": 0}, "missing_lines": [137, 138, 139, 140, 141], "excluded_lines": []}, "_score_color": {"executed_lines": [], "summary": {"covered_lines": 0, "num_statements": 7, "percent_covered": 0.0, "percent_covered_display": "0", "missing_lines": 7, "excluded_lines": 0}, "missing_lines": [145, 146, 147, 148, 149, 150, 151], "excluded_lines": []}, "generate_pdf": {"executed_lines": [], "summary": {"covered_lines": 0, "num_statements": 492, "percent_covered": 0.0, "percent_covered_display": "0", "missing_lines": 492, "excluded_lines": 0}, "missing_lines": [161, 162, 163, 164, 165, 166, 167, 168, 169, 170, 171, 172, 173, 174, 176, 177, 178, 179, 180, 181, 184, 185, 186, 187, 188, 193, 196, 197, 200, 201, 204, 205, 206, 207, 210, 211, 212, 213, 216, 217, 218, 219, 220, 223, 224, 225, 226, 229, 230, 231, 232, 233, 234, 235, 236, 237, 238, 239, 242, 243, 244, 245, 246, 247, 248, 249, 250, 251, 252, 254, 257, 258, 259, 261, 269, 270, 271, 272, 273, 274, 275, 276, 277, 278, 279, 281, 286, 288, 290, 291, 292, 293, 294, 295, 296, 297, 300, 301, 302, 303, 304, 305, 306, 308, 309, 310, 312, 313, 314, 317, 318, 321, 322, 323, 324, 327, 328, 329, 330, 333, 336, 337, 338, 340, 342, 347, 348, 350, 351, 354, 355, 356, 357, 358, 359, 360, 361, 362, 363, 364, 365, 366, 367, 368, 369, 371, 372, 373, 376, 377, 378, 379, 380, 381, 382, 383, 384, 385, 386, 387, 388, 389, 390, 391, 392, 393, 394, 395, 397, 402, 403, 404, 405, 406, 407, 409, 410, 411, 412, 414, 415, 416, 417, 419, 420, 421, 422, 423, 424, 425, 426, 428, 429, 430, 431, 432, 434, 439, 440, 442, 444, 445, 446, 447, 448, 449, 450, 451, 453, 454, 455, 456, 457, 458, 460, 461, 462, 463, 464, 465, 468, 469, 470, 473, 474, 475, 478, 479, 480, 481, 484, 485, 486, 487, 488, 489, 491, 492, 493, 494, 497, 498, 502, 503, 504, 505, 506, 507, 510, 511, 512, 513, 514, 515, 516, 517, 518, 519, 520, 522, 523, 524, 526, 528, 533, 534, 535, 536, 538, 539, 541, 542, 543, 546, 547, 548, 549, 550, 551, 552, 553, 554, 555, 556, 557, 558, 560, 561, 562, 563, 564, 565, 566, 568, 569, 570, 571, 572, 573, 575, 576, 577, 578, 579, 581, 582, 583, 584, 586, 591, 592, 594, 595, 596, 598, 599, 600, 601, 603, 604, 605, 606, 608, 610, 611, 612, 613, 614, 616, 617, 619, 620, 621, 622, 623, 624, 625, 626, 627, 628, 629, 630, 632, 633, 634, 635, 636, 638, 643, 644, 646, 647, 648, 649, 650, 652, 653, 654, 655, 656, 657, 658, 660, 663, 664, 667, 668, 669, 670, 673, 674, 675, 676, 677, 680, 681, 682, 685, 686, 687, 688, 689, 690, 691, 692, 693, 694, 696, 699, 700, 701, 702, 703, 705, 710, 711, 712, 714, 715, 716, 717, 718, 719, 720, 721, 723, 724, 725, 726, 729, 730, 733, 734, 735, 738, 739, 740, 741, 744, 745, 746, 747, 750, 751, 753, 756, 757, 758, 759, 760, 761, 764, 765, 766, 767, 768, 769, 773, 774, 775, 776, 777, 778, 779, 780, 781, 782, 783, 784, 785, 787, 788, 789, 790, 791, 792, 793, 794, 795, 796, 797, 800, 801, 802, 803, 804, 805, 806, 807, 808, 810, 811, 812, 813, 814, 819, 820, 821, 822, 823, 824, 825, 826, 827, 828, 829, 830, 831, 832, 834, 836, 839], "excluded_lines": []}, "": {"executed_lines": [], "summary": {"covered_lines": 0, "num_statements": 29, "percent_covered": 0.0, "percent_covered_display": "0", "missing_lines": 29, "excluded_lines": 0}, "missing_lines": [4, 5, 6, 7, 12, 13, 14, 15, 16, 17, 18, 19, 20, 21, 22, 24, 34, 43, 52, 60, 61, 73, 88, 105, 115, 125, 136, 144, 157], "excluded_lines": []}}, "classes": {"_PDF": {"executed_lines": [], "summary": {"covered_lines": 0, "num_statements": 19, "percent_covered": 0.0, "percent_covered_display": "0", "missing_lines": 19, "excluded_lines": 0}, "missing_lines": [62, 63, 64, 65, 66, 67, 68, 69, 70, 71, 74, 75, 76, 77, 78, 79, 80, 81, 82], "excluded_lines": []}, "": {"executed_lines": [], "summary": {"covered_lines": 0, "num_statements": 575, "percent_covered": 0.0, "percent_covered_display": "0", "missing_lines": 575, "excluded_lines": 0}, "missing_lines": [4, 5, 6, 7, 12, 13, 14, 15, 16, 17, 18, 19, 20, 21, 22, 24, 34, 43, 44, 45, 46, 47, 48, 49, 52, 53, 54, 60, 61, 73, 88, 89, 90, 91, 92, 93, 95, 96, 97, 98, 99, 100, 101, 102, 105, 106, 107, 108, 109, 110, 111, 112, 115, 117, 118, 119, 120, 121, 122, 125, 126, 127, 128, 129, 130, 131, 132, 133, 136, 137, 138, 139, 140, 141, 144, 145, 146, 147, 148, 149, 150, 151, 157, 161, 162, 163, 164, 165, 166, 167, 168, 169, 170, 171, 172, 173, 174, 176, 177, 178, 179, 180, 181, 184, 185, 186, 187, 188, 193, 196, 197, 200, 201, 204, 205, 206, 207, 210, 211, 212, 213, 216, 217, 218, 219, 220, 223, 224, 225, 226, 229, 230, 231, 232, 233, 234, 235, 236, 237, 238, 239, 242, 243, 244, 245, 246, 247, 248, 249, 250, 251, 252, 254, 257, 258, 259, 261, 269, 270, 271, 272, 273, 274, 275, 276, 277, 278, 279, 281, 286, 288, 290, 291, 292, 293, 294, 295, 296, 297, 300, 301, 302, 303, 304, 305, 306, 308, 309, 310, 312, 313, 314, 317, 318, 321, 322, 323, 324, 327, 328, 329, 330, 333, 336, 337, 338, 340, 342, 347, 348, 350, 351, 354, 355, 356, 357, 358, 359, 360, 361, 362, 363, 364, 365, 366, 367, 368, 369, 371, 372, 373, 376, 377, 378, 379, 380, 381, 382, 383, 384, 385, 386, 387, 388, 389, 390, 391, 392, 393, 394, 395, 397, 402, 403, 404, 405, 406, 407, 409, 410, 411, 412, 414, 415, 416, 417, 419, 420, 421, 422, 423, 424, 425, 426, 428, 429, 430, 431, 432, 434, 439, 440, 442, 444, 445, 446, 447, 448, 449, 450, 451, 453, 454, 455, 456, 457, 458, 460, 461, 462, 463, 464, 465, 468, 469, 470, 473, 474, 475, 478, 479, 480, 481, 484, 485, 486, 487, 488, 489, 491, 492, 493, 494, 497, 498, 502, 503, 504, 505, 506, 507, 510, 511, 512, 513, 514, 515, 516, 517, 518, 519, 520, 522, 523, 524, 526, 528, 533, 534, 535, 536, 538, 539, 541, 542, 543, 546, 547, 548, 549, 550, 551, 552, 553, 554, 555, 556, 557, 558, 560, 561, 562, 563, 564, 565, 566, 568, 569, 570, 571, 572, 573, 575, 576, 577, 578, 579, 581, 582, 583, 584, 586, 591, 592, 594, 595, 596, 598, 599, 600, 601, 603, 604, 605, 606, 608, 610, 611, 612, 613, 614, 616, 617, 619, 620, 621, 622, 623, 624, 625, 626, 627, 628, 629, 630, 632, 633, 634, 635, 636, 638, 643, 644, 646, 647, 648, 649, 650, 652, 653, 654, 655, 656, 657, 658, 660, 663, 664, 667, 668, 669, 670, 673, 674, 675, 676, 677, 680, 681, 682, 685, 686, 687, 688, 689, 690, 691, 692, 693, 694, 696, 699, 700, 701, 702, 703, 705, 710, 711, 712, 714, 715, 716, 717, 718, 719, 720, 721, 723, 724, 725, 726, 729, 730, 733, 734, 735, 738, 739, 740, 741, 744, 745, 746, 747, 750, 751, 753, 756, 757, 758, 759, 760, 761, 764, 765, 766, 767, 768, 769, 773, 774, 775, 776, 777, 778, 779, 780, 781, 782, 783, 784, 785, 787, 788, 789, 790, 791, 792, 793, 794, 795, 796, 797, 800, 801, 802, 803, 804, 805, 806, 807, 808, 810, 811, 812, 813, 814, 819, 820, 821, 822, 823, 824, 825, 826, 827, 828, 829, 830, 831, 832, 834, 836, 839], "excluded_lines": []}}}, "app\\services\\recommendation_service.py": {"executed_lines": [], "summary": {"covered_lines": 0, "num_statements": 40, "percent_covered": 0.0, "percent_covered_display": "0", "missing_lines": 40, "excluded_lines": 0}, "missing_lines": [5, 6, 7, 9, 11, 12, 13, 14, 16, 18, 21, 23, 42, 53, 56, 57, 58, 60, 63, 64, 65, 66, 68, 83, 84, 85, 87, 88, 89, 92, 97, 98, 99, 101, 102, 103, 104, 106, 107, 108], "excluded_lines": [], "functions": {"_result_to_response": {"executed_lines": [], "summary": {"covered_lines": 0, "num_statements": 1, "percent_covered": 0.0, "percent_covered_display": "0", "missing_lines": 1, "excluded_lines": 0}, "missing_lines": [23], "excluded_lines": []}, "score_and_persist": {"executed_lines": [], "summary": {"covered_lines": 0, "num_statements": 16, "percent_covered": 0.0, "percent_covered_display": "0", "missing_lines": 16, "excluded_lines": 0}, "missing_lines": [53, 56, 57, 58, 60, 63, 64, 65, 66, 68, 83, 84, 85, 87, 88, 89], "excluded_lines": []}, "get_result": {"executed_lines": [], "summary": {"covered_lines": 0, "num_statements": 10, "percent_covered": 0.0, "percent_covered_display": "0", "missing_lines": 10, "excluded_lines": 0}, "missing_lines": [97, 98, 99, 101, 102, 103, 104, 106, 107, 108], "excluded_lines": []}, "": {"executed_lines": [], "summary": {"covered_lines": 0, "num_statements": 13, "percent_covered": 0.0, "percent_covered_display": "0", "missing_lines": 13, "excluded_lines": 0}, "missing_lines": [5, 6, 7, 9, 11, 12, 13, 14, 16, 18, 21, 42, 92], "excluded_lines": []}}, "classes": {"": {"executed_lines": [], "summary": {"covered_lines": 0, "num_statements": 40, "percent_covered": 0.0, "percent_covered_display": "0", "missing_lines": 40, "excluded_lines": 0}, "missing_lines": [5, 6, 7, 9, 11, 12, 13, 14, 16, 18, 21, 23, 42, 53, 56, 57, 58, 60, 63, 64, 65, 66, 68, 83, 84, 85, 87, 88, 89, 92, 97, 98, 99, 101, 102, 103, 104, 106, 107, 108], "excluded_lines": []}}}, "app\\services\\signal_service.py": {"executed_lines": [], "summary": {"covered_lines": 0, "num_statements": 94, "percent_covered": 0.0, "percent_covered_display": "0", "missing_lines": 94, "excluded_lines": 0}, "missing_lines": [5, 7, 9, 10, 11, 12, 13, 15, 18, 24, 25, 27, 28, 29, 38, 39, 42, 44, 45, 46, 47, 48, 49, 56, 59, 78, 79, 80, 81, 85, 86, 87, 88, 89, 90, 93, 94, 95, 97, 98, 101, 103, 104, 108, 109, 115, 116, 117, 118, 121, 123, 126, 132, 135, 146, 148, 149, 152, 153, 154, 155, 156, 158, 159, 160, 162, 163, 164, 165, 170, 171, 174, 176, 177, 178, 179, 180, 181, 182, 185, 191, 192, 194, 195, 196, 197, 198, 202, 211, 212, 213, 214, 217, 219], "excluded_lines": [], "functions": {"_signals_to_db": {"executed_lines": [], "summary": {"covered_lines": 0, "num_statements": 7, "percent_covered": 0.0, "percent_covered_display": "0", "missing_lines": 7, "excluded_lines": 0}, "missing_lines": [24, 25, 27, 28, 29, 38, 39], "excluded_lines": []}, "_signals_from_db": {"executed_lines": [], "summary": {"covered_lines": 0, "num_statements": 7, "percent_covered": 0.0, "percent_covered_display": "0", "missing_lines": 7, "excluded_lines": 0}, "missing_lines": [44, 45, 46, 47, 48, 49, 56], "excluded_lines": []}, "extract_and_persist": {"executed_lines": [], "summary": {"covered_lines": 0, "num_statements": 26, "percent_covered": 0.0, "percent_covered_display": "0", "missing_lines": 26, "excluded_lines": 0}, "missing_lines": [78, 79, 80, 81, 85, 86, 87, 88, 89, 90, 93, 94, 95, 97, 98, 101, 103, 104, 108, 109, 115, 116, 117, 118, 121, 123], "excluded_lines": []}, "_normalize_value": {"executed_lines": [], "summary": {"covered_lines": 0, "num_statements": 1, "percent_covered": 0.0, "percent_covered_display": "0", "missing_lines": 1, "excluded_lines": 0}, "missing_lines": [132], "excluded_lines": []}, "_apply_anti_hallucination": {"executed_lines": [], "summary": {"covered_lines": 0, "num_statements": 17, "percent_covered": 0.0, "percent_covered_display": "0", "missing_lines": 17, "excluded_lines": 0}, "missing_lines": [146, 148, 149, 152, 153, 154, 155, 156, 158, 159, 160, 162, 163, 164, 165, 170, 171], "excluded_lines": []}, "get_signals": {"executed_lines": [], "summary": {"covered_lines": 0, "num_statements": 7, "percent_covered": 0.0, "percent_covered_display": "0", "missing_lines": 7, "excluded_lines": 0}, "missing_lines": [176, 177, 178, 179, 180, 181, 182], "excluded_lines": []}, "update_signals": {"executed_lines": [], "summary": {"covered_lines": 0, "num_statements": 14, "percent_covered": 0.0, "percent_covered_display": "0", "missing_lines": 14, "excluded_lines": 0}, "missing_lines": [191, 192, 194, 195, 196, 197, 198, 202, 211, 212, 213, 214, 217, 219], "excluded_lines": []}, "": {"executed_lines": [], "summary": {"covered_lines": 0, "num_statements": 15, "percent_covered": 0.0, "percent_covered_display": "0", "missing_lines": 15, "excluded_lines": 0}, "missing_lines": [5, 7, 9, 10, 11, 12, 13, 15, 18, 42, 59, 126, 135, 174, 185], "excluded_lines": []}}, "classes": {"": {"executed_lines": [], "summary": {"covered_lines": 0, "num_statements": 94, "percent_covered": 0.0, "percent_covered_display": "0", "missing_lines": 94, "excluded_lines": 0}, "missing_lines": [5, 7, 9, 10, 11, 12, 13, 15, 18, 24, 25, 27, 28, 29, 38, 39, 42, 44, 45, 46, 47, 48, 49, 56, 59, 78, 79, 80, 81, 85, 86, 87, 88, 89, 90, 93, 94, 95, 97, 98, 101, 103, 104, 108, 109, 115, 116, 117, 118, 121, 123, 126, 132, 135, 146, 148, 149, 152, 153, 154, 155, 156, 158, 159, 160, 162, 163, 164, 165, 170, 171, 174, 176, 177, 178, 179, 180, 181, 182, 185, 191, 192, 194, 195, 196, 197, 198, 202, 211, 212, 213, 214, 217, 219], "excluded_lines": []}}}, "app\\services\\vector_service.py": {"executed_lines": [], "summary": {"covered_lines": 0, "num_statements": 35, "percent_covered": 0.0, "percent_covered_display": "0", "missing_lines": 35, "excluded_lines": 0}, "missing_lines": [6, 8, 9, 11, 14, 17, 33, 34, 35, 40, 41, 46, 49, 50, 51, 54, 55, 56, 57, 58, 59, 60, 61, 64, 67, 74, 75, 78, 91, 92, 93, 95, 96, 97, 98], "excluded_lines": [], "functions": {"index_document": {"executed_lines": [], "summary": {"covered_lines": 0, "num_statements": 21, "percent_covered": 0.0, "percent_covered_display": "0", "missing_lines": 21, "excluded_lines": 0}, "missing_lines": [33, 34, 35, 40, 41, 46, 49, 50, 51, 54, 55, 56, 57, 58, 59, 60, 61, 64, 67, 74, 75], "excluded_lines": []}, "retrieve_context": {"executed_lines": [], "summary": {"covered_lines": 0, "num_statements": 7, "percent_covered": 0.0, "percent_covered_display": "0", "missing_lines": 7, "excluded_lines": 0}, "missing_lines": [91, 92, 93, 95, 96, 97, 98], "excluded_lines": []}, "": {"executed_lines": [], "summary": {"covered_lines": 0, "num_statements": 7, "percent_covered": 0.0, "percent_covered_display": "0", "missing_lines": 7, "excluded_lines": 0}, "missing_lines": [6, 8, 9, 11, 14, 17, 78], "excluded_lines": []}}, "classes": {"": {"executed_lines": [], "summary": {"covered_lines": 0, "num_statements": 35, "percent_covere
[...]
00", "missing_lines": 0, "excluded_lines": 0}, "missing_lines": [], "excluded_lines": []}, "TestSectionDetection.test_long_line_not_treated_as_heading": {"executed_lines": [262, 263, 264, 265], "summary": {"covered_lines": 4, "num_statements": 4, "percent_covered": 100.0, "percent_covered_display": "100", "missing_lines": 0, "excluded_lines": 0}, "missing_lines": [], "excluded_lines": []}, "TestPageRelevance.setup_method": {"executed_lines": [273], "summary": {"covered_lines": 1, "num_statements": 1, "percent_covered": 100.0, "percent_covered_display": "100", "missing_lines": 0, "excluded_lines": 0}, "missing_lines": [], "excluded_lines": []}, "TestPageRelevance.test_relevant_page_scores_above_zero": {"executed_lines": [276, 277, 278], "summary": {"covered_lines": 3, "num_statements": 3, "percent_covered": 100.0, "percent_covered_display": "100", "missing_lines": 0, "excluded_lines": 0}, "missing_lines": [], "excluded_lines": []}, "TestPageRelevance.test_irrelevant_page_scores_zero": {"executed_lines": [281, 282, 283], "summary": {"covered_lines": 3, "num_statements": 3, "percent_covered": 100.0, "percent_covered_display": "100", "missing_lines": 0, "excluded_lines": 0}, "missing_lines": [], "excluded_lines": []}, "TestPageRelevance.test_get_relevant_pages_filters_irrelevant": {"executed_lines": [286, 290, 291, 292], "summary": {"covered_lines": 4, "num_statements": 4, "percent_covered": 100.0, "percent_covered_display": "100", "missing_lines": 0, "excluded_lines": 0}, "missing_lines": [], "excluded_lines": []}, "TestPageRelevance.test_get_relevant_pages_falls_back_to_all_if_none_match": {"executed_lines": [295, 299, 301], "summary": {"covered_lines": 3, "num_statements": 3, "percent_covered": 100.0, "percent_covered_display": "100", "missing_lines": 0, "excluded_lines": 0}, "missing_lines": [], "excluded_lines": []}, "TestPageRelevance.test_get_relevant_pages_preserves_document_order": {"executed_lines": [304, 309, 310, 311], "summary": {"covered_lines": 4, "num_statements": 4, "percent_covered": 100.0, "percent_covered_display": "100", "missing_lines": 0, "excluded_lines": 0}, "missing_lines": [], "excluded_lines": []}, "TestRuleFlags.test_length_ceiling_normal_not_triggered": {"executed_lines": [326, 327, 328, 329], "summary": {"covered_lines": 4, "num_statements": 4, "percent_covered": 100.0, "percent_covered_display": "100", "missing_lines": 0, "excluded_lines": 0}, "missing_lines": [], "excluded_lines": []}, "TestRuleFlags.test_length_ceiling_long_doc_moderate_risk": {"executed_lines": [332, 333, 334], "summary": {"covered_lines": 3, "num_statements": 3, "percent_covered": 100.0, "percent_covered_display": "100", "missing_lines": 0, "excluded_lines": 0}, "missing_lines": [], "excluded_lines": []}, "TestRuleFlags.test_length_ceiling_extreme_doc_high_risk": {"executed_lines": [338, 339, 340], "summary": {"covered_lines": 3, "num_statements": 3, "percent_covered": 100.0, "percent_covered_display": "100", "missing_lines": 0, "excluded_lines": 0}, "missing_lines": [], "excluded_lines": []}, "TestRuleFlags.test_length_ceiling_at_exact_extreme_boundary": {"executed_lines": [343, 345], "summary": {"covered_lines": 2, "num_statements": 2, "percent_covered": 100.0, "percent_covered_display": "100", "missing_lines": 0, "excluded_lines": 0}, "missing_lines": [], "excluded_lines": []}, "TestRuleFlags.test_length_ceiling_always_returns_ruleflag": {"executed_lines": [348, 349, 350], "summary": {"covered_lines": 3, "num_statements": 3, "percent_covered": 100.0, "percent_covered_display": "100", "missing_lines": 0, "excluded_lines": 0}, "missing_lines": [], "excluded_lines": []}, "TestRuleFlags.test_keyword_density_healthy_doc_not_triggered": {"executed_lines": [356, 357, 358], "summary": {"covered_lines": 3, "num_statements": 3, "percent_covered": 100.0, "percent_covered_display": "100", "missing_lines": 0, "excluded_lines": 0}, "missing_lines": [], "excluded_lines": []}, "TestRuleFlags.test_keyword_density_lorem_ipsum_triggered": {"executed_lines": [361, 362, 363, 364], "summary": {"covered_lines": 4, "num_statements": 4, "percent_covered": 100.0, "percent_covered_display": "100", "missing_lines": 0, "excluded_lines": 0}, "missing_lines": [], "excluded_lines": []}, "TestRuleFlags.test_keyword_density_very_low_density_high_risk": {"executed_lines": [368, 369, 370, 371], "summary": {"covered_lines": 4, "num_statements": 4, "percent_covered": 100.0, "percent_covered_display": "100", "missing_lines": 0, "excluded_lines": 0}, "missing_lines": [], "excluded_lines": []}, "TestRuleFlags.test_keyword_density_extreme_low_density_very_high_risk": {"executed_lines": [376, 377, 378, 379], "summary": {"covered_lines": 4, "num_statements": 4, "percent_covered": 100.0, "percent_covered_display": "100", "missing_lines": 0, "excluded_lines": 0}, "missing_lines": [], "excluded_lines": []}, "TestRuleFlags.test_category_coverage_good_doc_passes": {"executed_lines": [384, 385, 386], "summary": {"covered_lines": 3, "num_statements": 3, "percent_covered": 100.0, "percent_covered_display": "100", "missing_lines": 0, "excluded_lines": 0}, "missing_lines": [], "excluded_lines": []}, "TestRuleFlags.test_category_coverage_no_matches_high_risk": {"executed_lines": [389, 390, 391], "summary": {"covered_lines": 3, "num_statements": 3, "percent_covered": 100.0, "percent_covered_display": "100", "missing_lines": 0, "excluded_lines": 0}, "missing_lines": [], "excluded_lines": []}, "TestRuleFlags.test_category_coverage_few_matches_moderate_risk": {"executed_lines": [395, 396, 397], "summary": {"covered_lines": 3, "num_statements": 3, "percent_covered": 100.0, "percent_covered_display": "100", "missing_lines": 0, "excluded_lines": 0}, "missing_lines": [], "excluded_lines": []}, "TestRuleFlags.test_category_coverage_requires_2_unique_keywords_per_category": {"executed_lines": [403, 404, 406], "summary": {"covered_lines": 3, "num_statements": 3, "percent_covered": 100.0, "percent_covered_display": "100", "missing_lines": 0, "excluded_lines": 0}, "missing_lines": [], "excluded_lines": []}, "TestRuleFlags.test_resume_shape_detects_strong_resume": {"executed_lines": [432, 433, 434], "summary": {"covered_lines": 3, "num_statements": 3, "percent_covered": 100.0, "percent_covered_display": "100", "missing_lines": 0, "excluded_lines": 0}, "missing_lines": [], "excluded_lines": []}, "TestRuleFlags.test_resume_shape_not_triggered_on_good_doc": {"executed_lines": [437, 438, 439], "summary": {"covered_lines": 3, "num_statements": 3, "percent_covered": 100.0, "percent_covered_display": "100", "missing_lines": 0, "excluded_lines": 0}, "missing_lines": [], "excluded_lines": []}, "TestRuleFlags.test_resume_shape_spec_language_reduces_risk": {"executed_lines": [443, 444, 446, 447], "summary": {"covered_lines": 4, "num_statements": 4, "percent_covered": 100.0, "percent_covered_display": "100", "missing_lines": 0, "excluded_lines": 0}, "missing_lines": [], "excluded_lines": []}, "TestRuleFlags.test_circular_upload_archguide_report_detected": {"executed_lines": [452, 453, 454, 455], "summary": {"covered_lines": 4, "num_statements": 4, "percent_covered": 100.0, "percent_covered_display": "100", "missing_lines": 0, "excluded_lines": 0}, "missing_lines": [], "excluded_lines": []}, "TestRuleFlags.test_circular_upload_normal_doc_not_triggered": {"executed_lines": [458, 459, 460], "summary": {"covered_lines": 3, "num_statements": 3, "percent_covered": 100.0, "percent_covered_display": "100", "missing_lines": 0, "excluded_lines": 0}, "missing_lines": [], "excluded_lines": []}, "TestRuleFlags.test_circular_upload_checks_first_1000_chars_only": {"executed_lines": [464, 465, 466, 467], "summary": {"covered_lines": 4, "num_statements": 4, "percent_covered": 100.0, "percent_covered_display": "100", "missing_lines": 0, "excluded_lines": 0}, "missing_lines": [], "excluded_lines": []}, "TestAssessDocumentRisk.test_good_requirements_doc_is_clear": {"executed_lines": [479, 482, 483, 484], "summary": {"covered_lines": 4, "num_statements": 4, "percent_covered": 100.0, "percent_covered_display": "100", "missing_lines": 0, "excluded_lines": 0}, "missing_lines": [], "excluded_lines": []}, "TestAssessDocumentRisk.test_extreme_length_doc_is_auto_reject": {"executed_lines": [489, 494, 495, 496, 497, 498, 499], "summary": {"covered_lines": 7, "num_statements": 7, "percent_covered": 100.0, "percent_covered_display": "100", "missing_lines": 0, "excluded_lines": 0}, "missing_lines": [], "excluded_lines": []}, "TestAssessDocumentRisk.test_resume_is_auto_reject_or_review": {"executed_lines": [503, 504, 505, 507], "summary": {"covered_lines": 4, "num_statements": 4, "percent_covered": 100.0, "percent_covered_display": "100", "missing_lines": 0, "excluded_lines": 0}, "missing_lines": [], "excluded_lines": []}, "TestAssessDocumentRisk.test_lorem_ipsum_is_auto_reject_or_review": {"executed_lines": [511, 512, 513, 514], "summary": {"covered_lines": 4, "num_statements": 4, "percent_covered": 100.0, "percent_covered_display": "100", "missing_lines": 0, "excluded_lines": 0}, "missing_lines": [], "excluded_lines": []}, "TestAssessDocumentRisk.test_archguide_report_always_auto_rejects": {"executed_lines": [517, 518, 519, 520, 521], "summary": {"covered_lines": 5, "num_statements": 5, "percent_covered": 100.0, "percent_covered_display": "100", "missing_lines": 0, "excluded_lines": 0}, "missing_lines": [], "excluded_lines": []}, "TestAssessDocumentRisk.test_all_5_rules_always_run": {"executed_lines": [525, 526], "summary": {"covered_lines": 2, "num_statements": 2, "percent_covered": 100.0, "percent_covered_display": "100", "missing_lines": 0, "excluded_lines": 0}, "missing_lines": [], "excluded_lines": []}, "TestAssessDocumentRisk.test_additive_scoring_compounds_mid_signals": {"executed_lines": [532, 533, 534, 536], "summary": {"covered_lines": 4, "num_statements": 4, "percent_covered": 100.0, "percent_covered_display": "100", "missing_lines": 0, "excluded_lines": 0}, "missing_lines": [], "excluded_lines": []}, "TestValidateDocumentRelevance._make_llm": {"executed_lines": [549, 550, 555], "summary": {"covered_lines": 3, "num_statements": 3, "percent_covered": 100.0, "percent_covered_display": "100", "missing_lines": 0, "excluded_lines": 0}, "missing_lines": [], "excluded_lines": []}, "TestValidateDocumentRelevance.test_short_doc_rejected_immediately": {"executed_lines": [560, 561, 562, 563, 564], "summary": {"covered_lines": 5, "num_statements": 5, "percent_covered": 100.0, "percent_covered_display": "100", "missing_lines": 0, "excluded_lines": 0}, "missing_lines": [], "excluded_lines": []}, "TestValidateDocumentRelevance.test_good_requirements_doc_passes_clear": {"executed_lines": [569, 570, 571, 574, 575, 577], "summary": {"covered_lines": 6, "num_statements": 6, "percent_covered": 100.0, "percent_covered_display": "100", "missing_lines": 0, "excluded_lines": 0}, "missing_lines": [], "excluded_lines": []}, "TestValidateDocumentRelevance.test_extreme_length_doc_auto_rejected_no_llm": {"executed_lines": [582, 583, 584, 585, 586, 587, 588], "summary": {"covered_lines": 7, "num_statements": 7, "percent_covered": 100.0, "percent_covered_display": "100", "missing_lines": 0, "excluded_lines": 0}, "missing_lines": [], "excluded_lines": []}, "TestValidateDocumentRelevance.test_review_tier_llm_confirms_rejection": {"executed_lines": [594, 595, 596, 597, 601], "summary": {"covered_lines": 5, "num_statements": 8, "percent_covered": 62.5, "percent_covered_display": "62", "missing_lines": 3, "excluded_lines": 0}, "missing_lines": [602, 603, 604], "excluded_lines": []}, "TestValidateDocumentRelevance.test_review_tier_llm_confirms_pass": {"executed_lines": [609, 610, 611, 612, 615, 616, 617], "summary": {"covered_lines": 7, "num_statements": 7, "percent_covered": 100.0, "percent_covered_display": "100", "missing_lines": 0, "excluded_lines": 0}, "missing_lines": [], "excluded_lines": []}, "TestValidateDocumentRelevance.test_llm_failure_fails_open": {"executed_lines": [623, 624, 625, 626, 627, 631, 632], "summary": {"covered_lines": 7, "num_statements": 7, "percent_covered": 100.0, "percent_covered_display": "100", "missing_lines": 0, "excluded_lines": 0}, "missing_lines": [], "excluded_lines": []}, "TestValidateDocumentRelevance.test_empty_signal_schema_passes_gracefully": {"executed_lines": [637, 643, 644], "summary": {"covered_lines": 3, "num_statements": 3, "percent_covered": 100.0, "percent_covered_display": "100", "missing_lines": 0, "excluded_lines": 0}, "missing_lines": [], "excluded_lines": []}, "TestValidateDocumentRelevance.test_assessment_always_has_flags": {"executed_lines": [649, 650, 653, 654], "summary": {"covered_lines": 4, "num_statements": 4, "percent_covered": 100.0, "percent_covered_display": "100", "missing_lines": 0, "excluded_lines": 0}, "missing_lines": [], "excluded_lines": []}, "TestValidateDocumentRelevance.test_circular_upload_rejected": {"executed_lines": [659, 660, 661, 664, 665], "summary": {"covered_lines": 5, "num_statements": 5, "percent_covered": 100.0, "percent_covered_display": "100", "missing_lines": 0, "excluded_lines": 0}, "missing_lines": [], "excluded_lines": []}, "TestValidateDocumentRelevance.test_resume_rejected": {"executed_lines": [670, 671, 672, 673, 676], "summary": {"covered_lines": 5, "num_statements": 5, "percent_covered": 100.0, "percent_covered_display": "100", "missing_lines": 0, "excluded_lines": 0}, "missing_lines": [], "excluded_lines": []}, "TestValidateDocumentRelevance.test_long_technical_doc_rejected": {"executed_lines": [682, 688, 689, 690, 694], "summary": {"covered_lines": 5, "num_statements": 5, "percent_covered": 100.0, "percent_covered_display": "100", "missing_lines": 0, "excluded_lines": 0}, "missing_lines": [], "excluded_lines": []}, "": {"executed_lines": [1, 6, 7, 8, 23, 75, 111, 112, 114, 117, 121, 125, 129, 134, 138, 142, 148, 153, 157, 162, 168, 172, 179, 180, 182, 185, 186, 196, 197, 204, 205, 213, 214, 221, 222, 230, 231, 233, 238, 243, 248, 253, 260, 268, 269, 271, 275, 280, 285, 294, 303, 318, 319, 320, 325, 331, 336, 342, 347, 354, 360, 366, 373, 383, 388, 393, 400, 410, 431, 436, 441, 451, 457, 462, 474, 475, 476, 478, 486, 501, 509, 516, 523, 528, 543, 544, 545, 547, 557, 558, 566, 567, 579, 580, 590, 591, 606, 607, 619, 620, 634, 635, 646, 647, 656, 657, 667, 668, 678, 679], "summary": {"covered_lines": 106, "num_statements": 106, "percent_covered": 100.0, "percent_covered_display": "100", "missing_lines": 0, "excluded_lines": 0}, "missing_lines": [], "excluded_lines": []}}, "classes": {"TestDocumentParserValidation": {"executed_lines": [115, 118, 119, 122, 123, 126, 127, 130, 131, 132, 135, 136, 139, 140, 144, 145, 146, 150, 151, 154, 155, 159, 160, 164, 166, 169, 170, 174, 176], "summary": {"covered_lines": 29, "num_statements": 29, "percent_covered": 100.0, "percent_covered_display": "100", "missing_lines": 0, "excluded_lines": 0}, "missing_lines": [], "excluded_lines": []}, "TestDocumentParserTXT": {"executed_lines": [183, 187, 188, 189, 190, 191, 192, 193, 194, 198, 199, 200, 201, 202, 206, 207, 208, 209, 210, 211, 215, 216, 217, 218, 219, 223, 224, 225, 227], "summary": {"covered_lines": 29, "num_statements": 29, "percent_covered": 100.0, "percent_covered_display": "100", "missing_lines": 0, "excluded_lines": 0}, "missing_lines": [], "excluded_lines": []}, "TestSectionDetection": {"executed_lines": [234, 235, 236, 239, 240, 241, 244, 245, 246, 249, 250, 251, 254, 255, 257, 258, 262, 263, 264, 265], "summary": {"covered_lines": 20, "num_statements": 20, "percent_covered": 100.0, "percent_covered_display": "100", "missing_lines": 0, "excluded_lines": 0}, "missing_lines": [], "excluded_lines": []}, "TestPageRelevance": {"executed_lines": [273, 276, 277, 278, 281, 282, 283, 286, 290, 291, 292, 295, 299, 301, 304, 309, 310, 311], "summary": {"covered_lines": 18, "num_statements": 18, "percent_covered": 100.0, "percent_covered_display": "100", "missing_lines": 0, "excluded_lines": 0}, "missing_lines": [], "excluded_lines": []}, "TestRuleFlags": {"executed_lines": [326, 327, 328, 329, 332, 333, 334, 338, 339, 340, 343, 345, 348, 349, 350, 356, 357, 358, 361, 362, 363, 364, 368, 369, 370, 371, 376, 377, 378, 379, 384, 385, 386, 389, 390, 391, 395, 396, 397, 403, 404, 406, 432, 433, 434, 437, 438, 439, 443, 444, 446, 447, 452, 453, 454, 455, 458, 459, 460, 464, 465, 466, 467], "summary": {"covered_lines": 63, "num_statements": 63, "percent_covered": 100.0, "percent_covered_display": "100", "missing_lines": 0, "excluded_lines": 0}, "missing_lines": [], "excluded_lines": []}, "TestAssessDocumentRisk": {"executed_lines": [479, 482, 483, 484, 489, 494, 495, 496, 497, 498, 499, 503, 504, 505, 507, 511, 512, 513, 514, 517, 518, 519, 520, 521, 525, 526, 532, 533, 534, 536], "summary": {"covered_lines": 30, "num_statements": 30, "percent_covered": 100.0, "percent_covered_display": "100", "missing_lines": 0, "excluded_lines": 0}, "missing_lines": [], "excluded_lines": []}, "TestValidateDocumentRelevance": {"executed_lines": [549, 550, 555, 560, 561, 562, 563, 564, 569, 570, 571, 574, 575, 577, 582, 583, 584, 585, 586, 587, 588, 594, 595, 596, 597, 601, 609, 610, 611, 612, 615, 616, 617, 623, 624, 625, 626, 627, 631, 632, 637, 643, 644, 649, 650, 653, 654, 659, 660, 661, 664, 665, 670, 671, 672, 673, 676, 682, 688, 689, 690, 694], "summary": {"covered_lines": 62, "num_statements": 65, "percent_covered": 95.38461538461539, "percent_covered_display": "95", "missing_lines": 3, "excluded_lines": 0}, "missing_lines": [602, 603, 604], "excluded_lines": []}, "": {"executed_lines": [1, 6, 7, 8, 23, 75, 111, 112, 114, 117, 121, 125, 129, 134, 138, 142, 148, 153, 157, 162, 168, 172, 179, 180, 182, 185, 186, 196, 197, 204, 205, 213, 214, 221, 222, 230, 231, 233, 238, 243, 248, 253, 260, 268, 269, 271, 275, 280, 285, 294, 303, 318, 319, 320, 325, 331, 336, 342, 347, 354, 360, 366, 373, 383, 388, 393, 400, 410, 431, 436, 441, 451, 457, 462, 474, 475, 476, 478, 486, 501, 509, 516, 523, 528, 543, 544, 545, 547, 557, 558, 566, 567, 579, 580, 590, 591, 606, 607, 619, 620, 634, 635, 646, 647, 656, 657, 667, 668, 678, 679], "summary": {"covered_lines": 106, "num_statements": 106, "percent_covered": 100.0, "percent_covered_display": "100", "missing_lines": 0, "excluded_lines": 0}, "missing_lines": [], "excluded_lines": []}}}, "verify_scoring.py": {"executed_lines": [], "summary": {"covered_lines": 0, "num_statements": 26, "percent_covered": 0.0, "percent_covered_display": "0", "missing_lines": 26, "excluded_lines": 0}, "missing_lines": [6, 7, 8, 10, 13, 14, 17, 129, 130, 131, 132, 133, 134, 135, 136, 137, 138, 139, 140, 141, 142, 143, 144, 145, 148, 149], "excluded_lines": [], "functions": {"sig": {"executed_lines": [], "summary": {"covered_lines": 0, "num_statements": 1, "percent_covered": 0.0, "percent_covered_display": "0", "missing_lines": 1, "excluded_lines": 0}, "missing_lines": [14], "excluded_lines": []}, "main": {"executed_lines": [], "summary": {"covered_lines": 0, "num_statements": 16, "percent_covered": 0.0, "percent_covered_display": "0", "missing_lines": 16, "excluded_lines": 0}, "missing_lines": [130, 131, 132, 133, 134, 135, 136, 137, 138, 139, 140, 141, 142, 143, 144, 145], "excluded_lines": []}, "": {"executed_lines": [], "summary": {"covered_lines": 0, "num_statements": 9, "percent_covered": 0.0, "percent_covered_display": "0", "missing_lines": 9, "excluded_lines": 0}, "missing_lines": [6, 7, 8, 10, 13, 17, 129, 148, 149], "excluded_lines": []}}, "classes": {"": {"executed_lines": [], "summary": {"covered_lines": 0, "num_statements": 26, "percent_covered": 0.0, "percent_covered_display": "0", "missing_lines": 26, "excluded_lines": 0}, "missing_lines": [6, 7, 8, 10, 13, 14, 17, 129, 130, 131, 132, 133, 134, 135, 136, 137, 138, 139, 140, 141, 142, 143, 144, 145, 148, 149], "excluded_lines": []}}}}, "totals": {"covered_lines": 630, "num_statements": 4463, "percent_covered": 14.116065426842932, "percent_covered_display": "14", "missing_lines": 3833, "excluded_lines": 0}}