{"meta": {"format": 3, "version": "7.6.1", "timestamp": "2026-06-21T12:08:08.245825", "branch_coverage": false, "show_contexts": false}, "files": {"alembic\\env.py": {"executed_lines": [1, 2, 3, 5, 6, 9, 11, 12, 13, 15, 18, 20, 21, 23, 26, 39, 41, 46, 47, 52, 53, 56, 59], "summary": {"covered_lines": 23, "num_statements": 28, "percent_covered": 82.14285714285714, "percent_covered_display": "82", "missing_lines": 5, "excluded_lines": 0}, "missing_lines": [28, 29, 35, 36, 57], "excluded_lines": [], "functions": {"run_migrations_offline": {"executed_lines": [], "summary": {"covered_lines": 0, "num_statements": 4, "percent_covered": 0.0, "percent_covered_display": "0", "missing_lines": 4, "excluded_lines": 0}, "missing_lines": [28, 29, 35, 36], "excluded_lines": []}, "run_migrations_online": {"executed_lines": [41, 46, 47, 52, 53], "summary": {"covered_lines": 5, "num_statements": 5, "percent_covered": 100.0, "percent_covered_display": "100", "missing_lines": 0, "excluded_lines": 0}, "missing_lines": [], "excluded_lines": []}, "": {"executed_lines": [1, 2, 3, 5, 6, 9, 11, 12, 13, 15, 18, 20, 21, 23, 26, 39, 56, 59], "summary": {"covered_lines": 18, "num_statements": 19, "percent_covered": 94.73684210526316, "percent_covered_display": "95", "missing_lines": 1, "excluded_lines": 0}, "missing_lines": [57], "excluded_lines": []}}, "classes": {"": {"executed_lines": [1, 2, 3, 5, 6, 9, 11, 12, 13, 15, 18, 20, 21, 23, 26, 39, 41, 46, 47, 52, 53, 56, 59], "summary": {"covered_lines": 23, "num_statements": 28, "percent_covered": 82.14285714285714, "percent_covered_display": "82", "missing_lines": 5, "excluded_lines": 0}, "missing_lines": [28, 29, 35, 36, 57], "excluded_lines": []}}}, "alembic\\versions\\4df6c961f2bb_update_datetime_to_timezone_aware_and_.py": {"executed_lines": [1, 8, 10, 11, 12, 15, 16, 17, 18, 21, 58], "summary": {"covered_lines": 10, "num_statements": 32, "percent_covered": 31.25, "percent_covered_display": "31", "missing_lines": 22, "excluded_lines": 0}, "missing_lines": [23, 27, 31, 32, 36, 40, 44, 45, 46, 47, 51, 60, 64, 68, 69, 70, 71, 75, 79, 83, 84, 88], "excluded_lines": [], "functions": {"upgrade": {"executed_lines": [], "summary": {"covered_lines": 0, "num_statements": 11, "percent_covered": 0.0, "percent_covered_display": "0", "missing_lines": 11, "excluded_lines": 0}, "missing_lines": [23, 27, 31, 32, 36, 40, 44, 45, 46, 47, 51], "excluded_lines": []}, "downgrade": {"executed_lines": [], "summary": {"covered_lines": 0, "num_statements": 11, "percent_covered": 0.0, "percent_covered_display": "0", "missing_lines": 11, "excluded_lines": 0}, "missing_lines": [60, 64, 68, 69, 70, 71, 75, 79, 83, 84, 88], "excluded_lines": []}, "": {"executed_lines": [1, 8, 10, 11, 12, 15, 16, 17, 18, 21, 58], "summary": {"covered_lines": 10, "num_statements": 10, "percent_covered": 100.0, "percent_covered_display": "100", "missing_lines": 0, "excluded_lines": 0}, "missing_lines": [], "excluded_lines": []}}, "classes": {"": {"executed_lines": [1, 8, 10, 11, 12, 15, 16, 17, 18, 21, 58], "summary": {"covered_lines": 10, "num_statements": 32, "percent_covered": 31.25, "percent_covered_display": "31", "missing_lines": 22, "excluded_lines": 0}, "missing_lines": [23, 27, 31, 32, 36, 40, 44, 45, 46, 47, 51, 60, 64, 68, 69, 70, 71, 75, 79, 83, 84, 88], "excluded_lines": []}}}, "alembic\\versions\\a1b2c3d4e5f6_add_source_verified_to_signals.py": {"executed_lines": [1, 8, 10, 11, 15, 16, 17, 18, 21, 25], "summary": {"covered_lines": 9, "num_statements": 11, "percent_covered": 81.81818181818181, "percent_covered_display": "82", "missing_lines": 2, "excluded_lines": 0}, "missing_lines": [22, 26], "excluded_lines": [], "functions": {"upgrade": {"executed_lines": [], "summary": {"covered_lines": 0, "num_statements": 1, "percent_covered": 0.0, "percent_covered_display": "0", "missing_lines": 1, "excluded_lines": 0}, "missing_lines": [22], "excluded_lines": []}, "downgrade": {"executed_lines": [], "summary": {"covered_lines": 0, "num_statements": 1, "percent_covered": 0.0, "percent_covered_display": "0", "missing_lines": 1, "excluded_lines": 0}, "missing_lines": [26], "excluded_lines": []}, "": {"executed_lines": [1, 8, 10, 11, 15, 16, 17, 18, 21, 25], "summary": {"covered_lines": 9, "num_statements": 9, "percent_covered": 100.0, "percent_covered_display": "100", "missing_lines": 0, "excluded_lines": 0}, "missing_lines": [], "excluded_lines": []}}, "classes": {"": {"executed_lines": [1, 8, 10, 11, 15, 16, 17, 18, 21, 25], "summary": {"covered_lines": 9, "num_statements": 11, "percent_covered": 81.81818181818181, "percent_covered_display": "82", "missing_lines": 2, "excluded_lines": 0}, "missing_lines": [22, 26], "excluded_lines": []}}}, "alembic\\versions\\c1d2e3f4a5b6_ensure_full_schema.py": {"executed_lines": [1, 12, 14, 15, 16, 18, 19, 20, 21, 24, 28, 140], "summary": {"covered_lines": 11, "num_statements": 33, "percent_covered": 33.333333333333336, "percent_covered_display": "33", "missing_lines": 22, "excluded_lines": 0}, "missing_lines": [25, 29, 30, 33, 34, 47, 48, 61, 65, 68, 69, 75, 76, 96, 99, 100, 113, 114, 117, 118, 137, 144], "excluded_lines": [], "functions": {"_table_names": {"executed_lines": [], "summary": {"covered_lines": 0, "num_statements": 1, "percent_covered": 0.0, "percent_covered_display": "0", "missing_lines": 1, "excluded_lines": 0}, "missing_lines": [25], "excluded_lines": []}, "upgrade": {"executed_lines": [], "summary": {"covered_lines": 0, "num_statements": 20, "percent_covered": 0.0, "percent_covered_display": "0", "missing_lines": 20, "excluded_lines": 0}, "missing_lines": [29, 30, 33, 34, 47, 48, 61, 65, 68, 69, 75, 76, 96, 99, 100, 113, 114, 117, 118, 137], "excluded_lines": []}, "downgrade": {"executed_lines": [], "summary": {"covered_lines": 0, "num_statements": 1, "percent_covered": 0.0, "percent_covered_display": "0", "missing_lines": 1, "excluded_lines": 0}, "missing_lines": [144], "excluded_lines": []}, "": {"executed_lines": [1, 12, 14, 15, 16, 18, 19, 20, 21, 24, 28, 140], "summary": {"covered_lines": 11, "num_statements": 11, "percent_covered": 100.0, "percent_covered_display": "100", "missing_lines": 0, "excluded_lines": 0}, "missing_lines": [], "excluded_lines": []}}, "classes": {"": {"executed_lines": [1, 12, 14, 15, 16, 18, 19, 20, 21, 24, 28, 140], "summary": {"covered_lines": 11, "num_statements": 33, "percent_covered": 33.333333333333336, "percent_covered_display": "33", "missing_lines": 22, "excluded_lines": 0}, "missing_lines": [25, 29, 30, 33, 34, 47, 48, 61, 65, 68, 69, 75, 76, 96, 99, 100, 113, 114, 117, 118, 137, 144], "excluded_lines": []}}}, "alembic\\versions\\ffd822f56bdb_project_models.py": {"executed_lines": [1, 8, 13, 14, 15, 16, 19, 25], "summary": {"covered_lines": 7, "num_statements": 9, "percent_covered": 77.77777777777777, "percent_covered_display": "78", "missing_lines": 2, "excluded_lines": 0}, "missing_lines": [21, 27], "excluded_lines": [], "functions": {"upgrade": {"executed_lines": [], "summary": {"covered_lines": 0, "num_statements": 1, "percent_covered": 0.0, "percent_covered_display": "0", "missing_lines": 1, "excluded_lines": 0}, "missing_lines": [21], "excluded_lines": []}, "downgrade": {"executed_lines": [], "summary": {"covered_lines": 0, "num_statements": 1, "percent_covered": 0.0, "percent_covered_display": "0", "missing_lines": 1, "excluded_lines": 0}, "missing_lines": [27], "excluded_lines": []}, "": {"executed_lines": [1, 8, 13, 14, 15, 16, 19, 25], "summary": {"covered_lines": 7, "num_statements": 7, "percent_covered": 100.0, "percent_covered_display": "100", "missing_lines": 0, "excluded_lines": 0}, "missing_lines": [], "excluded_lines": []}}, "classes": {"": {"executed_lines": [1, 8, 13, 14, 15, 16, 19, 25], "summary": {"covered_lines": 7, "num_statements": 9, "percent_covered": 77.77777777777777, "percent_covered_display": "78", "missing_lines": 2, "excluded_lines": 0}, "missing_lines": [21, 27], "excluded_lines": []}}}, "app\\__init__.py": {"executed_lines": [0], "summary": {"covered_lines": 0, "num_statements": 0, "percent_covered": 100.0, "percent_covered_display": "100", "missing_lines": 0, "excluded_lines": 0}, "missing_lines": [], "excluded_lines": [], "functions": {"": {"executed_lines": [], "summary": {"covered_lines": 0, "num_statements": 0, "percent_covered": 100.0, "percent_covered_display": "100", "missing_lines": 0, "excluded_lines": 0}, "missing_lines": [], "excluded_lines": []}}, "classes": {"": {"executed_lines": [], "summary": {"covered_lines": 0, "num_statements": 0, "percent_covered": 100.0, "percent_covered_display": "100", "missing_lines": 0, "excluded_lines": 0}, "missing_lines": [], "excluded_lines": []}}}, "app\\core\\security.py": {"executed_lines": [1, 2, 3, 4, 9, 10, 11, 12, 19, 22, 24, 29, 32, 34, 35, 36, 37, 38, 61, 64, 66, 71, 72, 75, 78, 84, 86, 87, 92, 93], "summary": {"covered_lines": 30, "num_statements": 53, "percent_covered": 56.60377358490566, "percent_covered_display": "57", "missing_lines": 23, "excluded_lines": 0}, "missing_lines": [13, 14, 15, 16, 25, 30, 40, 41, 42, 43, 44, 45, 48, 49, 52, 53, 57, 76, 79, 88, 89, 90, 91], "excluded_lines": [], "functions": {"_get_firebase_app": {"executed_lines": [24, 29, 32, 34, 35, 36, 37, 38], "summary": {"covered_lines": 8, "num_statements": 21, "percent_covered": 38.095238095238095, "percent_covered_display": "38", "missing_lines": 13, "excluded_lines": 0}, "missing_lines": [25, 30, 40, 41, 42, 43, 44, 45, 48, 49, 52, 53, 57], "excluded_lines": []}, "verify_firebase_token": {"executed_lines": [71, 72, 75, 78, 84, 86, 87, 92, 93], "summary": {"covered_lines": 9, "num_statements": 15, "percent_covered": 60.0, "percent_covered_display": "60", "missing_lines": 6, "excluded_lines": 0}, "missing_lines": [76, 79, 88, 89, 90, 91], "excluded_lines": []}, "": {"executed_lines": [1, 2, 3, 4, 9, 10, 11, 12, 19, 22, 61, 64, 66], "summary": {"covered_lines": 13, "num_statements": 17, "percent_covered": 76.47058823529412, "percent_covered_display": "76", "missing_lines": 4, "excluded_lines": 0}, "missing_lines": [13, 14, 15, 16], "excluded_lines": []}}, "classes": {"": {"executed_lines": [1, 2, 3, 4, 9, 10, 11, 12, 19, 22, 24, 29, 32, 34, 35, 36, 37, 38, 61, 64, 66, 71, 72, 75, 78, 84, 86, 87, 92, 93], "summary": {"covered_lines": 30, "num_statements": 53, "percent_covered": 56.60377358490566, "percent_covered_display": "57", "missing_lines": 23, "excluded_lines": 0}, "missing_lines": [13, 14, 15, 16, 25, 30, 40, 41, 42, 43, 44, 45, 48, 49, 52, 53, 57, 76, 79, 88, 89, 90, 91], "excluded_lines": []}}}, "app\\db\\__init__.py": {"executed_lines": [1, 2, 4], "summary": {"covered_lines": 3, "num_statements": 3, "percent_covered": 100.0, "percent_covered_display": "100", "missing_lines": 0, "excluded_lines": 0}, "missing_lines": [], "excluded_lines": [], "functions": {"": {"executed_lines": [1, 2, 4], "summary": {"covered_lines": 3, "num_statements": 3, "percent_covered": 100.0, "percent_covered_display": "100", "missing_lines": 0, "excluded_lines": 0}, "missing_lines": [], "excluded_lines": []}}, "classes": {"": {"executed_lines": [1, 2, 4], "summary": {"covered_lines": 3, "num_statements": 3, "percent_covered": 100.0, "percent_covered_display": "100", "missing_lines": 0, "excluded_lines": 0}, "missing_lines": [], "excluded_lines": []}}}, "app\\db\\base.py": {"executed_lines": [1, 4, 7, 8], "summary": {"covered_lines": 3, "num_statements": 3, "percent_covered": 100.0, "percent_covered_display": "100", "missing_lines": 0, "excluded_lines": 0}, "missing_lines": [], "excluded_lines": [], "functions": {"": {"executed_lines": [1, 4, 7, 8], "summary": {"covered_lines": 3, "num_statements": 3, "percent_covered": 100.0, "percent_covered_display": "100", "missing_lines": 0, "excluded_lines": 0}, "missing_lines": [], "excluded_lines": []}}, "classes": {"Base": {"executed_lines": [], "summary": {"covered_lines": 0, "num_statements": 0, "percent_covered": 100.0, "percent_covered_display": "100", "missing_lines": 0, "excluded_lines": 0}, "missing_lines": [], "excluded_lines": []}, "": {"executed_lines": [1, 4, 7, 8], "summary": {"covered_lines": 3, "num_statements": 3, "percent_covered": 100.0, "percent_covered_display": "100", "missing_lines": 0, "excluded_lines": 0}, "missing_lines": [], "excluded_lines": []}}}, "app\\db\\models.py": {"executed_lines": [1, 7, 8, 10, 14, 15, 16, 18, 19, 22, 23, 29, 30, 32, 33, 35, 38, 40, 46, 47, 49, 50, 51, 52, 53, 54, 57, 61, 72, 73, 75, 78, 81, 82, 83, 84, 85, 86, 89, 93, 99, 105, 106, 108, 111, 114, 119, 120, 121, 124, 128, 129, 132, 140, 141, 146, 150, 153, 156, 157, 158, 159, 160, 161, 163, 169, 170, 172, 175, 178, 179, 180, 181, 182, 183, 184, 185, 186, 187, 188, 189, 193], "summary": {"covered_lines": 80, "num_statements": 81, "percent_covered": 98.76543209876543, "percent_covered_display": "99", "missing_lines": 1, "excluded_lines": 0}, "missing_lines": [34], "excluded_lines": [], "functions": {"PortableJSON.load_dialect_impl": {"executed_lines": [33, 35], "summary": {"covered_lines": 2, "num_statements": 3, "percent_covered": 66.66666666666667, "percent_covered_display": "67", "missing_lines": 1, "excluded_lines": 0}, "missing_lines": [34], "excluded_lines": []}, "now_utc": {"executed_lines": [40], "summary": {"covered_lines": 1, "num_statements": 1, "percent_covered": 100.0, "percent_covered_display": "100", "missing_lines": 0, "excluded_lines": 0}, "missing_lines": [], "excluded_lines": []}, "": {"executed_lines": [1, 7, 8, 10, 14, 15, 16, 18, 19, 22, 23, 29, 30, 32, 38, 46, 47, 49, 50, 51, 52, 53, 54, 57, 61, 72, 73, 75, 78, 81, 82, 83, 84, 85, 86, 89, 93, 99, 105, 106, 108, 111, 114, 119, 120, 121, 124, 128, 129, 132, 140, 141, 146, 150, 153, 156, 157, 158, 159, 160, 161, 163, 169, 170, 172, 175, 178, 179, 180, 181, 182, 183, 184, 185, 186, 187, 188, 189, 193], "summary": {"covered_lines": 77, "num_statements": 77, "percent_covered": 100.0, "percent_covered_display": "100", "missing_lines": 0, "excluded_lines": 0}, "missing_lines": [], "excluded_lines": []}}, "classes": {"PortableJSON": {"executed_lines": [33, 35], "summary": {"covered_lines": 2, "num_statements": 3, "percent_covered": 66.66666666666667, "percent_covered_display": "67", "missing_lines": 1, "excluded_lines": 0}, "missing_lines": [34], "excluded_lines": []}, "User": {"executed_lines": [], "summary": {"covered_lines": 0, "num_statements": 0, "percent_covered": 100.0, "percent_covered_display": "100", "missing_lines": 0, "excluded_lines": 0}, "missing_lines": [], "excluded_lines": []}, "Project": {"executed_lines": [], "summary": {"covered_lines": 0, "num_statements": 0, "percent_covered": 100.0, "percent_covered_display": "100", "missing_lines": 0, "excluded_lines": 0}, "missing_lines": [], "excluded_lines": []}, "Session": {"executed_lines": [], "summary": {"covered_lines": 0, "num_statements": 0, "percent_covered": 100.0, "percent_covered_display": "100", "missing_lines": 0, "excluded_lines": 0}, "missing_lines": [], "excluded_lines": []}, "Signal": {"executed_lines": [], "summary": {"covered_lines": 0, "num_statements": 0, "percent_covered": 100.0, "percent_covered_display": "100", "missing_lines": 0, "excluded_lines": 0}, "missing_lines": [], "excluded_lines": []}, "Result": {"executed_lines": [], "summary": {"covered_lines": 0, "num_statements": 0, "percent_covered": 100.0, "percent_covered_display": "100", "missing_lines": 0, "excluded_lines": 0}, "missing_lines": [], "excluded_lines": []}, "": {"executed_lines": [1, 7, 8, 10, 14, 15, 16, 18, 19, 22, 23, 29, 30, 32, 38, 40, 46, 47, 49, 50, 51, 52, 53, 54, 57, 61, 72, 73, 75, 78, 81, 82, 83, 84, 85, 86, 89, 93, 99, 105, 106, 108, 111, 114, 119, 120, 121, 124, 128, 129, 132, 140, 141, 146, 150, 153, 156, 157, 158, 159, 160, 161, 163, 169, 170, 172, 175, 178, 179, 180, 181, 182, 183, 184, 185, 186, 187, 188, 189, 193], "summary": {"covered_lines": 78, "num_statements": 78, "percent_covered": 100.0, "percent_covered_display": "100", "missing_lines": 0, "excluded_lines": 0}, "missing_lines": [], "excluded_lines": []}}}, "app\\db\\session.py": {"executed_lines": [1, 5, 6, 7, 9, 14, 22, 33], "summary": {"covered_lines": 7, "num_statements": 11, "percent_covered": 63.63636363636363, "percent_covered_display": "64", "missing_lines": 4, "excluded_lines": 0}, "missing_lines": [35, 36, 37, 39], "excluded_lines": [], "functions": {"get_db": {"executed_lines": [], "summary": {"covered_lines": 0, "num_statements": 4, "percent_covered": 0.0, "percent_covered_display": "0", "missing_lines": 4, "excluded_lines": 0}, "missing_lines": [35, 36, 37, 39], "excluded_lines": []}, "": {"executed_lines": [1, 5, 6, 7, 9, 14, 22, 33], "summary": {"covered_lines": 7, "num_statements": 7, "percent_covered": 100.0, "percent_covered_display": "100", "missing_lines": 0, "excluded_lines": 0}, "missing_lines": [], "excluded_lines": []}}, "classes": {"": {"executed_lines": [1, 5, 6, 7, 9, 14, 22, 33], "summary": {"covered_lines": 7, "num_statements": 11, "percent_covered": 63.63636363636363, "percent_covered_display": "64", "missing_lines": 4, "excluded_lines": 0}, "missing_lines": [35, 36, 37, 39], "excluded_lines": []}}}, "app\\limiter.py": {"executed_lines": [1, 5, 6, 7, 9], "summary": {"covered_lines": 4, "num_statements": 4, "percent_covered": 100.0, "percent_covered_display": "100", "missing_lines": 0, "excluded_lines": 0}, "missing_lines": [], "excluded_lines": [], "functions": {"": {"executed_lines": [1, 5, 6, 7, 9], "summary": {"covered_lines": 4, "num_statements": 4, "percent_covered": 100.0, "percent_covered_display": "100", "missing_lines": 0, "excluded_lines": 0}, "missing_lines": [], "excluded_lines": []}}, "classes": {"": {"executed_lines": [1, 5, 6, 7, 9], "summary": {"covered_lines": 4, "num_statements": 4, "percent_covered": 100.0, "percent_covered_display": "100", "missing_lines": 0, "excluded_lines": 0}, "missing_lines": [], "excluded_lines": []}}}, "app\\routers\\__init__.py": {"executed_lines": [0], "summary": {"covered_lines": 0, "num_statements": 0, "percent_covered": 100.0, "percent_covered_display": "100", "missing_lines": 0, "excluded_lines": 0}, "missing_lines": [], "excluded_lines": [], "functions": {"": {"executed_lines": [], "summary": {"covered_lines": 0, "num_statements": 0, "percent_covered": 100.0, "percent_covered_display": "100", "missing_lines": 0, "excluded_lines": 0}, "missing_lines": [], "excluded_lines": []}}, "classes": {"": {"executed_lines": [], "summary": {"covered_lines": 0, "num_statements": 0, "percent_covered": 100.0, "percent_covered_display": "100", "missing_lines": 0, "excluded_lines": 0}, "missing_lines": [], "excluded_lines": []}}}, "app\\routers\\analysis.py": {"executed_lines": [1, 5, 6, 7, 9, 10, 11, 12, 14, 15, 16, 17, 18, 19, 20, 21, 22, 23, 24, 25, 27, 28, 31, 33, 35, 36, 37, 41, 43, 44, 45, 48, 61, 64, 65, 68, 69, 73, 75, 85, 86, 92, 93, 94, 95, 97, 98, 99, 100, 101, 102, 103, 105, 106, 108, 109, 110, 111, 117, 118, 119, 131, 132, 133, 134, 137, 138, 139, 142, 145, 146, 153, 154, 155, 160, 161, 163, 164, 165, 166, 170, 177, 178, 179, 180, 182, 183, 185, 186, 192, 193, 194, 201, 202, 203, 204, 206, 209, 210, 212, 215, 218, 225, 226, 228, 229, 235, 236, 242, 243, 244, 249, 261, 262, 267, 268, 269, 270, 271, 276, 288, 289, 290, 296, 297, 313, 314, 315], "summary": {"covered_lines": 126, "num_statements": 155, "percent_covered": 81.29032258064517, "percent_covered_display": "81", "missing_lines": 29, "excluded_lines": 0}, "missing_lines": [34, 38, 62, 66, 70, 74, 76, 147, 148, 149, 150, 167, 168, 169, 245, 246, 247, 248, 272, 273, 274, 275, 304, 305, 306, 307, 308, 309, 310], "excluded_lines": [], "functions": {"_get_project_info": {"executed_lines": [33, 35, 36, 37], "summary": {"covered_lines": 4, "num_statements": 6, "percent_covered": 66.66666666666667, "percent_covered_display": "67", "missing_lines": 2, "excluded_lines": 0}, "missing_lines": [34, 38], "excluded_lines": []}, "_inject_project_info": {"executed_lines": [43, 44, 45], "summary": {"covered_lines": 3, "num_statements": 3, "percent_covered": 100.0, "percent_covered_display": "100", "missing_lines": 0, "excluded_lines": 0}, "missing_lines": [], "excluded_lines": []}, "_check_session_ownership": {"executed_lines": [61, 64, 65, 68, 69, 73, 75], "summary": {"covered_lines": 7, "num_statements": 12, "percent_covered": 58.333333333333336, "percent_covered_display": "58", "missing_lines": 5, "excluded_lines": 0}, "missing_lines": [62, 66, 70, 74, 76], "excluded_lines": []}, "get_analysis": {"executed_lines": [131, 132, 133, 134, 137, 138, 139, 142, 145, 146, 153, 154, 155, 160, 161, 163, 164, 165, 166, 170, 177, 178, 179, 180, 182, 183, 185, 186], "summary": {"covered_lines": 28, "num_statements": 35, "percent_covered": 80.0, "percent_covered_display": "80", "missing_lines": 7, "excluded_lines": 0}, "missing_lines": [147, 148, 149, 150, 167, 168, 169], "excluded_lines": []}, "submit_followup": {"executed_lines": [201, 202, 203, 204, 206, 209, 210, 212, 215, 218, 225, 226, 228, 229], "summary": {"covered_lines": 14, "num_statements": 14, "percent_covered": 100.0, "percent_covered_display": "100", "missing_lines": 0, "excluded_lines": 0}, "missing_lines": [], "excluded_lines": []}, "export_pdf": {"executed_lines": [242, 243, 244, 249], "summary": {"covered_lines": 4, "num_statements": 8, "percent_covered": 50.0, "percent_covered_display": "50", "missing_lines": 4, "excluded_lines": 0}, "missing_lines": [245, 246, 247, 248], "excluded_lines": []}, "export_cost_pdf_route": {"executed_lines": [267, 268, 269, 270, 271, 276], "summary": {"covered_lines": 6, "num_statements": 10, "percent_covered": 60.0, "percent_covered_display": "60", "missing_lines": 4, "excluded_lines": 0}, "missing_lines": [272, 273, 274, 275], "excluded_lines": []}, "get_architectures": {"executed_lines": [290], "summary": {"covered_lines": 1, "num_statements": 1, "percent_covered": 100.0, "percent_covered_display": "100", "missing_lines": 0, "excluded_lines": 0}, "missing_lines": [], "excluded_lines": []}, "clear_extraction_cache": {"executed_lines": [], "summary": {"covered_lines": 0, "num_statements": 7, "percent_covered": 0.0, "percent_covered_display": "0", "missing_lines": 7, "excluded_lines": 0}, "missing_lines": [304, 305, 306, 307, 308, 309, 310], "excluded_lines": []}, "get_questionnaire_options": {"executed_lines": [315], "summary": {"covered_lines": 1, "num_statements": 1, "percent_covered": 100.0, "percent_covered_display": "100", "missing_lines": 0, "excluded_lines": 0}, "missing_lines": [], "excluded_lines": []}, "": {"executed_lines": [1, 5, 6, 7, 9, 10, 11, 12, 14, 15, 16, 17, 18, 19, 20, 21, 22, 23, 24, 25, 27, 28, 31, 41, 48, 85, 86, 92, 93, 94, 95, 97, 98, 99, 100, 101, 102, 103, 105, 106, 108, 109, 110, 111, 117, 118, 119, 192, 193, 194, 235, 236, 261, 262, 288, 289, 296, 297, 313, 314], "summary": {"covered_lines": 58, "num_statements": 58, "percent_covered": 100.0, "percent_covered_display": "100", "missing_lines": 0, "excluded_lines": 0}, "missing_lines": [], "excluded_lines": []}}, "classes": {"ExportRequest": {"executed_lines": [], "summary": {"covered_lines": 0, "num_statements": 0, "percent_covered": 100.0, "percent_covered_display": "100", "missing_lines": 0, "excluded_lines": 0}, "missing_lines": [], "excluded_lines": []}, "": {"executed_lines": [1, 5, 6, 7, 9, 10, 11, 12, 14, 15, 16, 17, 18, 19, 20, 21, 22, 23, 24, 25, 27, 28, 31, 33, 35, 36, 37, 41, 43, 44, 45, 48, 61, 64, 65, 68, 69, 73, 75, 85, 86, 92, 93, 94, 95, 97, 98, 99, 100, 101, 102, 103, 105, 106, 108, 109, 110, 111, 117, 118, 119, 131, 132, 133, 134, 137, 138, 139, 142, 145, 146, 153, 154, 155, 160, 161, 163, 164, 165, 166, 170, 177, 178, 179, 180, 182, 183, 185, 186, 192, 193, 194, 201, 202, 203, 204, 206, 209, 210, 212, 215, 218, 225, 226, 228, 229, 235, 236, 242, 243, 244, 249, 261, 262, 267, 268, 269, 270, 271, 276, 288, 289, 290, 296, 297, 313, 314, 315], "summary": {"covered_lines": 126, "num_statements": 155, "percent_covered": 81.29032258064517, "percent_covered_display": "81", "missing_lines": 29, "excluded_lines": 0}, "missing_lines": [34, 38, 62, 66, 70, 74, 76, 147, 148, 149, 150, 167, 168, 169, 245, 246, 247, 248, 272, 273, 274, 275, 304, 305, 306, 307, 308, 309, 310], "excluded_lines": []}}}, "app\\routers\\chat.py": {"executed_lines": [1, 5, 6, 7, 8, 9, 10, 12, 13, 14, 15, 17, 18, 19, 20, 22, 23, 25, 32, 48, 49, 50, 53, 54, 55, 56, 59, 60, 61, 64, 118, 128, 136, 146, 153, 169, 178, 182, 192, 205, 221, 270, 287, 288, 289, 336, 337, 338], "summary": {"covered_lines": 47, "num_statements": 184, "percent_covered": 25.543478260869566, "percent_covered_display": "26", "missing_lines": 137, "excluded_lines": 0}, "missing_lines": [65, 66, 67, 68, 69, 70, 72, 78, 79, 80, 82, 83, 84, 85, 86, 87, 89, 91, 92, 93, 94, 96, 97, 98, 99, 100, 102, 103, 104, 105, 106, 107, 108, 109, 110, 112, 113, 115, 120, 121, 122, 123, 124, 125, 129, 130, 131, 132, 133, 179, 185, 186, 187, 188, 189, 194, 195, 196, 197, 198, 207, 208, 209, 210, 211, 212, 213, 214, 215, 216, 217, 218, 223, 225, 226, 227, 228, 231, 232, 234, 235, 240, 241, 242, 243, 245, 271, 272, 273, 274, 275, 276, 277, 278, 279, 280, 281, 282, 295, 297, 298, 299, 300, 301, 307, 308, 309, 310, 312, 313, 314, 316, 317, 318, 319, 320, 321, 322, 323, 325, 327, 344, 346, 347, 349, 350, 351, 352, 354, 355, 356, 357, 358, 360, 361, 362, 364], "excluded_lines": [], "functions": {"_build_context": {"executed_lines": [], "summary": {"covered_lines": 0, "num_statements": 38, "percent_covered": 0.0, "percent_covered_display": "0", "missing_lines": 38, "excluded_lines": 0}, "missing_lines": [65, 66, 67, 68, 69, 70, 72, 78, 79, 80, 82, 83, 84, 85, 86, 87, 89, 91, 92, 93, 94, 96, 97, 98, 99, 100, 102, 103, 104, 105, 106, 107, 108, 109, 110, 112, 113, 115], "excluded_lines": []}, "_clean": {"executed_lines": [], "summary": {"covered_lines": 0, "num_statements": 6, "percent_covered": 0.0, "percent_covered_display": "0", "missing_lines": 6, "excluded_lines": 0}, "missing_lines": [120, 121, 122, 123, 124, 125], "excluded_lines": []}, "_build_messages": {"executed_lines": [], "summary": {"covered_lines": 0, "num_statements": 5, "percent_covered": 0.0, "percent_covered_display": "0", "missing_lines": 5, "excluded_lines": 0}, "missing_lines": [129, 130, 131, 132, 133], "excluded_lines": []}, "_is_unsafe": {"executed_lines": [], "summary": {"covered_lines": 0, "num_statements": 1, "percent_covered": 0.0, "percent_covered_display": "0", "missing_lines": 1, "excluded_lines": 0}, "missing_lines": [179], "excluded_lines": []}, "_is_relevant": {"executed_lines": [], "summary": {"covered_lines": 0, "num_statements": 5, "percent_covered": 0.0, "percent_covered_display": "0", "missing_lines": 5, "excluded_lines": 0}, "missing_lines": [185, 186, 187, 188, 189], "excluded_lines": []}, "_build_result_dict": {"executed_lines": [], "summary": {"covered_lines": 0, "num_statements": 5, "percent_covered": 0.0, "percent_covered_display": "0", "missing_lines": 5, "excluded_lines": 0}, "missing_lines": [194, 195, 196, 197, 198], "excluded_lines": []}, "_format_cost_for_prompt": {"executed_lines": [], "summary": {"covered_lines": 0, "num_statements": 12, "percent_covered": 0.0, "percent_covered_display": "0", "missing_lines": 12, "excluded_lines": 0}, "missing_lines": [207, 208, 209, 210, 211, 212, 213, 214, 215, 216, 217, 218], "excluded_lines": []}, "_build_system_prompt": {"executed_lines": [], "summary": {"covered_lines": 0, "num_statements": 14, "percent_covered": 0.0, "percent_covered_display": "0", "missing_lines": 14, "excluded_lines": 0}, "missing_lines": [223, 225, 226, 227, 228, 231, 232, 234, 235, 240, 241, 242, 243, 245], "excluded_lines": []}, "_get_session": {"executed_lines": [], "summary": {"covered_lines": 0, "num_statements": 12, "percent_covered": 0.0, "percent_covered_display": "0", "missing_lines": 12, "excluded_lines": 0}, "missing_lines": [271, 272, 273, 274, 275, 276, 277, 278, 279, 280, 281, 282], "excluded_lines": []}, "chat_stream": {"executed_lines": [], "summary": {"covered_lines": 0, "num_statements": 10, "percent_covered": 0.0, "percent_covered_display": "0", "missing_lines": 10, "excluded_lines": 0}, "missing_lines": [295, 297, 298, 301, 307, 308, 309, 310, 312, 327], "excluded_lines": []}, "chat_stream._refusal_stream": {"executed_lines": [], "summary": {"covered_lines": 0, "num_statements": 2, "percent_covered": 0.0, "percent_covered_display": "0", "missing_lines": 2, "excluded_lines": 0}, "missing_lines": [299, 300], "excluded_lines": []}, "chat_stream.token_stream": {"executed_lines": [], "summary": {"covered_lines": 0, "num_statements": 11, "percent_covered": 0.0, "percent_covered_display": "0", "missing_lines": 11, "excluded_lines": 0}, "missing_lines": [313, 314, 316, 317, 318, 319, 320, 321, 322, 323, 325], "excluded_lines": []}, "chat": {"executed_lines": [], "summary": {"covered_lines": 0, "num_statements": 16, "percent_covered": 0.0, "percent_covered_display": "0", "missing_lines": 16, "excluded_lines": 0}, "missing_lines": [344, 346, 347, 349, 350, 351, 352, 354, 355, 356, 357, 358, 360, 361, 362, 364], "excluded_lines": []}, "": {"executed_lines": [1, 5, 6, 7, 8, 9, 10, 12, 13, 14, 15, 17, 18, 19, 20, 22, 23, 25, 32, 48, 49, 50, 53, 54, 55, 56, 59, 60, 61, 64, 118, 128, 136, 146, 153, 169, 178, 182, 192, 205, 221, 270, 287, 288, 289, 336, 337, 338], "summary": {"covered_lines": 47, "num_statements": 47, "percent_covered": 100.0, "percent_covered_display": "100", "missing_lines": 0, "excluded_lines": 0}, "missing_lines": [], "excluded_lines": []}}, "classes": {"ChatMessage": {"executed_lines": [], "summary": {"covered_lines": 0, "num_statements": 0, "percent_covered": 100.0, "percent_covered_display": "100", "missing_lines": 0, "excluded_lines": 0}, "missing_lines": [], "excluded_lines": []}, "ChatRequest": {"executed_lines": [], "summary": {"covered_lines": 0, "num_statements": 0, "percent_covered": 100.0, "percent_covered_display": "100", "missing_lines": 0, "excluded_lines": 0}, "missing_lines": [], "excluded_lines": []}, "ChatResponse": {"executed_lines": [], "summary": {"covered_lines": 0, "num_statements": 0, "percent_covered": 100.0, "percent_covered_display": "100", "missing_lines": 0, "excluded_lines": 0}, "missing_lines": [], "excluded_lines": []}, "": {"executed_lines": [1, 5, 6, 7, 8, 9, 10, 12, 13, 14, 15, 17, 18, 19, 20, 22, 23, 25, 32, 48, 49, 50, 53, 54, 55, 56, 59, 60, 61, 64, 118, 128, 136, 146, 153, 169, 178, 182, 192, 205, 221, 270, 287, 288, 289, 336, 337, 338], "summary": {"covered_lines": 47, "num_statements": 184, "percent_covered": 25.543478260869566, "percent_covered_display": "26", "missing_lines": 137, "excluded_lines": 0}, "missing_lines": [65, 66, 67, 68, 69, 70, 72, 78, 79, 80, 82, 83, 84, 85, 86, 87, 89, 91, 92, 93, 94, 96, 97, 98, 99, 100, 102, 103, 104, 105, 106, 107, 108, 109, 110, 112, 113, 115, 120, 121, 122, 123, 124, 125, 129, 130, 131, 132, 133, 179, 185, 186, 187, 188, 189, 194, 195, 196, 197, 198, 207, 208, 209, 210, 211, 212, 213, 214, 215, 216, 217, 218, 223, 225, 226, 227, 228, 231, 232, 234, 235, 240, 241, 242, 243, 245, 271, 272, 273, 274, 275, 276, 277, 278, 279, 280, 281, 282, 295, 297, 298, 299, 300, 301, 307, 308, 309, 310, 312, 313, 314, 316, 317, 318, 319, 320, 321, 322, 323, 325, 327, 344, 346, 347, 349, 350, 351, 352, 354, 355, 356, 357, 358, 360, 361, 362, 364], "excluded_lines": []}}}, "app\\routers\\projects.py": {"executed_lines": [1, 5, 6, 7, 8, 10, 11, 13, 14, 15, 16, 18, 19, 22, 24, 25, 45, 62, 63, 69, 70, 71, 72, 76, 80, 81, 83, 84, 93, 94, 95, 96, 102, 103, 117, 119, 122, 125, 126, 127, 131, 132, 133, 136, 137, 138, 152, 163, 164, 176, 177, 178, 179, 181, 182, 184, 186, 187, 188, 190, 193, 199, 200, 207, 208, 214, 215, 216, 218, 220, 221, 227, 229, 231, 234, 236, 238, 240, 241, 246, 247, 248, 250, 251, 252, 254, 256, 259, 260, 261, 262, 268, 269, 275, 276, 280, 281, 282, 284, 288, 289, 295, 296, 297], "summary": {"covered_lines": 103, "num_statements": 148, "percent_covered": 69.5945945945946, "percent_covered_display": "70", "missing_lines": 45, "excluded_lines": 0}, "missing_lines": [26, 27, 28, 29, 30, 31, 32, 35, 36, 37, 38, 40, 41, 42, 43, 44, 73, 120, 128, 129, 139, 140, 141, 142, 143, 144, 145, 146, 147, 150, 191, 209, 210, 224, 225, 230, 232, 235, 253, 255, 257, 277, 278, 292, 293], "excluded_lines": [], "functions": {"_to_response": {"executed_lines": [24, 25, 45], "summary": {"covered_lines": 3, "num_statements": 19, "percent_covered": 15.789473684210526, "percent_covered_display": "16", "missing_lines": 16, "excluded_lines": 0}, "missing_lines": [26, 27, 28, 29, 30, 31, 32, 35, 36, 37, 38, 40, 41, 42, 43, 44], "excluded_lines": []}, "create_project": {"executed_lines": [69, 70, 71, 72, 76, 80, 81, 83, 84, 93, 94, 95, 96], "summary": {"covered_lines": 13, "num_statements": 14, "percent_covered": 92.85714285714286, "percent_covered_display": "93", "missing_lines": 1, "excluded_lines": 0}, "missing_lines": [73], "excluded_lines": []}, "list_projects": {"executed_lines": [117, 119, 122, 125, 126, 127, 131, 132, 133, 136, 137, 138, 152], "summary": {"covered_lines": 13, "num_statements": 26, "percent_covered": 50.0, "percent_covered_display": "50", "missing_lines": 13, "excluded_lines": 0}, "missing_lines": [120, 128, 129, 139, 140, 141, 142, 143, 144, 145, 146, 147, 150], "excluded_lines": []}, "get_project": {"executed_lines": [176, 177, 178, 179, 181, 182, 184, 186, 187, 188, 190, 193], "summary": {"covered_lines": 12, "num_statements": 13, "percent_covered": 92.3076923076923, "percent_covered_display": "92", "missing_lines": 1, "excluded_lines": 0}, "missing_lines": [191], "excluded_lines": []}, "update_project": {"executed_lines": [207, 208, 214, 215, 216, 218, 220, 221, 227, 229, 231, 234, 236, 238, 240, 241, 246, 247, 248, 250, 251, 252, 254, 256, 259, 260, 261, 262], "summary": {"covered_lines": 28, "num_statements": 38, "percent_covered": 73.6842105263158, "percent_covered_display": "74", "missing_lines": 10, "excluded_lines": 0}, "missing_lines": [209, 210, 224, 225, 230, 232, 235, 253, 255, 257], "excluded_lines": []}, "delete_project": {"executed_lines": [275, 276, 280, 281, 282, 284, 288, 289, 295, 296, 297], "summary": {"covered_lines": 11, "num_statements": 15, "percent_covered": 73.33333333333333, "percent_covered_display": "73", "missing_lines": 4, "excluded_lines": 0}, "missing_lines": [277, 278, 292, 293], "excluded_lines": []}, "": {"executed_lines": [1, 5, 6, 7, 8, 10, 11, 13, 14, 15, 16, 18, 19, 22, 62, 63, 102, 103, 163, 164, 199, 200, 268, 269], "summary": {"covered_lines": 23, "num_statements": 23, "percent_covered": 100.0, "percent_covered_display": "100", "missing_lines": 0, "excluded_lines": 0}, "missing_lines": [], "excluded_lines": []}}, "classes": {"": {"executed_lines": [1, 5, 6, 7, 8, 10, 11, 13, 14, 15, 16, 18, 19, 22, 24, 25, 45, 62, 63, 69, 70, 71, 72, 76, 80, 81, 83, 84, 93, 94, 95, 96, 102, 103, 117, 119, 122, 125, 126, 127, 131, 132, 133, 136, 137, 138, 152, 163, 164, 176, 177, 178, 179, 181, 182, 184, 186, 187, 188, 190, 193, 199, 200, 207, 208, 214, 215, 216, 218, 220, 221, 227, 229, 231, 234, 236, 238, 240, 241, 246, 247, 248, 250, 251, 252, 254, 256, 259, 260, 261, 262, 268, 269, 275, 276, 280, 281, 282, 284, 288, 289, 295, 296, 297], "summary": {"covered_lines": 103, "num_statements": 148, "percent_covered": 69.5945945945946, "percent_covered_display": "70", "missing_lines": 45, "excluded_lines": 0}, "missing_lines": [26, 27, 28, 29, 30, 31, 32, 35, 36, 37, 38, 40, 41, 42, 43, 44, 73, 120, 128, 129, 139, 140, 141, 142, 143, 144, 145, 146, 147, 150, 191, 209, 210, 224, 225, 230, 232, 235, 253, 255, 257, 277, 278, 292, 293], "excluded_lines": []}}}, "app\\routers\\questionnaire.py": {"executed_lines": [1, 5, 6, 7, 8, 10, 11, 13, 14, 15, 16, 17, 18, 19, 20, 21, 23, 24, 27, 28, 29, 38, 39, 40, 43, 44, 51, 58, 59, 61, 64, 65, 66, 68, 69, 71, 78, 79, 80, 87, 90, 91, 99, 101, 102, 103, 106, 114, 115, 117], "summary": {"covered_lines": 49, "num_statements": 53, "percent_covered": 92.45283018867924, "percent_covered_display": "92", "missing_lines": 4, "excluded_lines": 0}, "missing_lines": [45, 46, 47, 48], "excluded_lines": [], "functions": {"submit_questionnaire": {"executed_lines": [38, 39, 40, 43, 44, 51, 58, 59, 61, 64, 65, 66, 68, 69, 71, 78, 79, 80, 87, 90, 91, 99, 101, 102, 103, 106, 114, 115, 117], "summary": {"covered_lines": 29, "num_statements": 33, "percent_covered": 87.87878787878788, "percent_covered_display": "88", "missing_lines": 4, "excluded_lines": 0}, "missing_lines": [45, 46, 47, 48], "excluded_lines": []}, "": {"executed_lines": [1, 5, 6, 7, 8, 10, 11, 13, 14, 15, 16, 17, 18, 19, 20, 21, 23, 24, 27, 28, 29], "summary": {"covered_lines": 20, "num_statements": 20, "percent_covered": 100.0, "percent_covered_display": "100", "missing_lines": 0, "excluded_lines": 0}, "missing_lines": [], "excluded_lines": []}}, "classes": {"": {"executed_lines": [1, 5, 6, 7, 8, 10, 11, 13, 14, 15, 16, 17, 18, 19, 20, 21, 23, 24, 27, 28, 29, 38, 39, 40, 43, 44, 51, 58, 59, 61, 64, 65, 66, 68, 69, 71, 78, 79, 80, 87, 90, 91, 99, 101, 102, 103, 106, 114, 115, 117], "summary": {"covered_lines": 49, "num_statements": 53, "percent_covered": 92.45283018867924, "percent_covered_display": "92", "missing_lines": 4, "excluded_lines": 0}, "missing_lines": [45, 46, 47, 48], "excluded_lines": []}}}, "app\\routers\\score_preview.py": {"executed_lines": [1, 11, 12, 14, 15, 17, 18, 23, 24, 28, 31, 32, 33, 34, 35, 40, 41], "summary": {"covered_lines": 15, "num_statements": 27, "percent_covered": 55.55555555555556, "percent_covered_display": "56", "missing_lines": 12, "excluded_lines": 0}, "missing_lines": [48, 49, 50, 51, 52, 54, 56, 58, 59, 60, 62, 64], "excluded_lines": [], "functions": {"score_preview": {"executed_lines": [], "summary": {"covered_lines": 0, "num_statements": 12, "percent_covered": 0.0, "percent_covered_display": "0", "missing_lines": 12, "excluded_lines": 0}, "missing_lines": [48, 49, 50, 51, 52, 54, 56, 58, 59, 60, 62, 64], "excluded_lines": []}, "": {"executed_lines": [1, 11, 12, 14, 15, 17, 18, 23, 24, 28, 31, 32, 33, 34, 35, 40, 41], "summary": {"covered_lines": 15, "num_statements": 15, "percent_covered": 100.0, "percent_covered_display": "100", "missing_lines": 0, "excluded_lines": 0}, "missing_lines": [], "excluded_lines": []}}, "classes": {"ScorePreviewRequest": {"executed_lines": [], "summary": {"covered_lines": 0, "num_statements": 0, "percent_covered": 100.0, "percent_covered_display": "100", "missing_lines": 0, "excluded_lines": 0}, "missing_lines": [], "excluded_lines": []}, "ScorePreviewResponse": {"executed_lines": [], "summary": {"covered_lines": 0, "num_statements": 0, "percent_covered": 100.0, "percent_covered_display": "100", "missing_lines": 0, "excluded_lines": 0}, "missing_lines": [], "excluded_lines": []}, "": {"executed_lines": [1, 11, 12, 14, 15, 17, 18, 23, 24, 28, 31, 32, 33, 34, 35, 40, 41], "summary": {"covered_lines": 15, "num_statements": 27, "percent_covered": 55.55555555555556, "percent_covered_display": "56", "missing_lines": 12, "excluded_lines": 0}, "missing_lines": [48, 49, 50, 51, 52, 54, 56, 58, 59, 60, 62, 64], "excluded_lines": []}}}, "app\\routers\\share_router.py": {"executed_lines": [1, 11, 12, 14, 15, 16, 17, 18, 19, 21, 24, 25, 26, 32, 33, 34, 35, 37, 41, 42, 45, 49, 50, 56, 57, 58, 61, 62, 64], "summary": {"covered_lines": 28, "num_statements": 33, "percent_covered": 84.84848484848484, "percent_covered_display": "85", "missing_lines": 5, "excluded_lines": 0}, "missing_lines": [46, 51, 52, 53, 59], "excluded_lines": [], "functions": {"get_shared_analysis": {"executed_lines": [32, 33, 34, 35, 37, 41, 42, 45, 49, 50, 56, 57, 58, 61, 62, 64], "summary": {"covered_lines": 16, "num_statements": 21, "percent_covered": 76.19047619047619, "percent_covered_display": "76", "missing_lines": 5, "excluded_lines": 0}, "missing_lines": [46, 51, 52, 53, 59], "excluded_lines": []}, "": {"executed_lines": [1, 11, 12, 14, 15, 16, 17, 18, 19, 21, 24, 25, 26], "summary": {"covered_lines": 12, "num_statements": 12, "percent_covered": 100.0, "percent_covered_display": "100", "missing_lines": 0, "excluded_lines": 0}, "missing_lines": [], "excluded_lines": []}}, "classes": {"": {"executed_lines": [1, 11, 12, 14, 15, 16, 17, 18, 19, 21, 24, 25, 26, 32, 33, 34, 35, 37, 41, 42, 45, 49, 50, 56, 57, 58, 61, 62, 64], "summary": {"covered_lines": 28, "num_statements": 33, "percent_covered": 84.84848484848484, "percent_covered_display": "85", "missing_lines": 5, "excluded_lines": 0}, "missing_lines": [46, 51, 52, 53, 59], "excluded_lines": []}}}, "app\\routers\\upload.py": {"executed_lines": [1, 7, 8, 9, 10, 11, 12, 13, 14, 16, 17, 18, 20, 21, 22, 23, 24, 28, 29, 30, 31, 33, 34, 35, 38, 53, 59, 60, 61, 62, 63, 215, 216, 217, 218, 221, 222, 223, 237, 240, 241, 242, 244, 245, 247, 248, 250, 251, 252, 257, 258, 259, 260, 261, 263, 264, 265, 266, 267, 268, 269, 270, 271, 272, 273, 275, 276, 277, 278, 281, 282, 289, 290, 293, 294, 295, 296, 298, 303, 309], "summary": {"covered_lines": 79, "num_statements": 165, "percent_covered": 47.878787878787875, "percent_covered_display": "48", "missing_lines": 86, "excluded_lines": 0}, "missing_lines": [40, 41, 42, 48, 49, 50, 66, 67, 68, 71, 72, 73, 74, 75, 78, 79, 80, 88, 91, 93, 94, 95, 96, 97, 99, 102, 103, 104, 105, 109, 110, 111, 116, 118, 119, 120, 124, 126, 129, 130, 132, 133, 135, 136, 137, 139, 143, 147, 148, 149, 150, 152, 155, 156, 157, 161, 162, 166, 167, 168, 172, 173, 174, 177, 181, 185, 193, 198, 199, 202, 204, 205, 206, 207, 208, 209, 210, 211, 212, 213, 238, 310, 311, 312, 313, 314], "excluded_lines": [], "functions": {"_update_step": {"executed_lines": [], "summary": {"covered_lines": 0, "num_statements": 6, "percent_covered": 0.0, "percent_covered_display": "0", "missing_lines": 6, "excluded_lines": 0}, "missing_lines": [40, 41, 42, 48, 49, 50], "excluded_lines": []}, "_process_document_background": {"executed_lines": [59, 60, 61, 62, 63, 215, 216, 217, 218], "summary": {"covered_lines": 9, "num_statements": 83, "percent_covered": 10.843373493975903, "percent_covered_display": "11", "missing_lines": 74, "excluded_lines": 0}, "missing_lines": [66, 67, 68, 71, 72, 73, 74, 75, 78, 79, 80, 88, 91, 93, 94, 95, 96, 97, 99, 102, 103, 104, 105, 109, 110, 111, 116, 118, 119, 120, 124, 126, 129, 130, 132, 133, 135, 136, 137, 139, 143, 147, 148, 149, 150, 152, 155, 156, 157, 161, 162, 166, 167, 168, 172, 173, 174, 177, 181, 185, 193, 198, 199, 202, 204, 205, 206, 207, 208, 209, 210, 211, 212, 213], "excluded_lines": []}, "upload_document": {"executed_lines": [237, 240, 241, 242, 244, 245, 247, 248, 250, 251, 252, 257, 258, 259, 260, 261, 263, 264, 265, 266, 267, 268, 269, 270, 271, 272, 273, 275, 276, 277, 278, 281, 282, 289, 290, 293, 294, 295, 296, 298, 303], "summary": {"covered_lines": 41, "num_statements": 42, "percent_covered": 97.61904761904762, "percent_covered_display": "98", "missing_lines": 1, "excluded_lines": 0}, "missing_lines": [238], "excluded_lines": []}, "_mark_session_error": {"executed_lines": [], "summary": {"covered_lines": 0, "num_statements": 5, "percent_covered": 0.0, "percent_covered_display": "0", "missing_lines": 5, "excluded_lines": 0}, "missing_lines": [310, 311, 312, 313, 314], "excluded_lines": []}, "": {"executed_lines": [1, 7, 8, 9, 10, 11, 12, 13, 14, 16, 17, 18, 20, 21, 22, 23, 24, 28, 29, 30, 31, 33, 34, 35, 38, 53, 221, 222, 223, 309], "summary": {"covered_lines": 29, "num_statements": 29, "percent_covered": 100.0, "percent_covered_display": "100", "missing_lines": 0, "excluded_lines": 0}, "missing_lines": [], "excluded_lines": []}}, "classes": {"": {"executed_lines": [1, 7, 8, 9, 10, 11, 12, 13, 14, 16, 17, 18, 20, 21, 22, 23, 24, 28, 29, 30, 31, 33, 34, 35, 38, 53, 59, 60, 61, 62, 63, 215, 216, 217, 218, 221, 222, 223, 237, 240, 241, 242, 244, 245, 247, 248, 250, 251, 252, 257, 258, 259, 260, 261, 263, 264, 265, 266, 267, 268, 269, 270, 271, 272, 273, 275, 276, 277, 278, 281, 282, 289, 290, 293, 294, 295, 296, 298, 303, 309], "summary": {"covered_lines": 79, "num_statements": 165, "percent_covered": 47.878787878787875, "percent_covered_display": "48", "missing_lines": 86, "excluded_lines": 0}, "missing_lines": [40, 41, 42, 48, 49, 50, 66, 67, 68, 71, 72, 73, 74, 75, 78, 79, 80, 88, 91, 93, 94, 95, 96, 97, 99, 102, 103, 104, 105, 109, 110, 111, 116, 118, 119, 120, 124, 126, 129, 130, 132, 133, 135, 136, 137, 139, 143, 147, 148, 149, 150, 152, 155, 156, 157, 161, 162, 166, 167, 168, 172, 173, 174, 177, 181, 185, 193, 198, 199, 202, 204, 205, 206, 207, 208, 209, 210, 211, 212, 213, 238, 310, 311, 312, 313, 314], "excluded_lines": []}}}, "app\\routers\\users.py": {"executed_lines": [1, 4, 5, 6, 8, 9, 10, 12, 13, 14, 16, 17, 20, 21, 22, 23, 24, 27, 28, 40, 46, 47, 52, 53, 55, 57, 65, 67, 75, 78, 79, 80, 81, 83, 85], "summary": {"covered_lines": 34, "num_statements": 40, "percent_covered": 85.0, "percent_covered_display": "85", "missing_lines": 6, "excluded_lines": 0}, "missing_lines": [41, 60, 61, 62, 63, 64], "excluded_lines": [], "functions": {"sync_user": {"executed_lines": [40, 46, 47, 52, 53, 55, 57, 65, 67, 75, 78, 79, 80, 81, 83, 85], "summary": {"covered_lines": 16, "num_statements": 22, "percent_covered": 72.72727272727273, "percent_covered_display": "73", "missing_lines": 6, "excluded_lines": 0}, "missing_lines": [41, 60, 61, 62, 63, 64], "excluded_lines": []}, "": {"executed_lines": [1, 4, 5, 6, 8, 9, 10, 12, 13, 14, 16, 17, 20, 21, 22, 23, 24, 27, 28], "summary": {"covered_lines": 18, "num_statements": 18, "percent_covered": 100.0, "percent_covered_display": "100", "missing_lines": 0, "excluded_lines": 0}, "missing_lines": [], "excluded_lines": []}}, "classes": {"UserSyncRequest": {"executed_lines": [], "summary": {"covered_lines": 0, "num_statements": 0, "percent_covered": 100.0, "percent_covered_display": "100", "missing_lines": 0, "excluded_lines": 0}, "missing_lines": [], "excluded_lines": []}, "": {"executed_lines": [1, 4, 5, 6, 8, 9, 10, 12, 13, 14, 16, 17, 20, 21, 22, 23, 24, 27, 28, 40, 46, 47, 52, 53, 55, 57, 65, 67, 75, 78, 79, 80, 81, 83, 85], "summary": {"covered_lines": 34, "num_statements": 40, "percent_covered": 85.0, "percent_covered_display": "85", "missing_lines": 6, "excluded_lines": 0}, "missing_lines": [41, 60, 61, 62, 63, 64], "excluded_lines": []}}}, "app\\schemas\\__init__.py": {"executed_lines": [0], "summary": {"covered_lines": 0, "num_statements": 0, "percent_covered": 100.0, "percent_covered_display": "100", "missing_lines": 0, "excluded_lines": 0}, "missing_lines": [], "excluded_lines": [], "functions": {"": {"executed_lines": [], "summary": {"covered_lines": 0, "num_statements": 0, "percent_covered": 100.0, "percent_covered_display": "100", "missing_lines": 0, "excluded_lines": 0}, "missing_lines": [], "excluded_lines": []}}, "classes": {"": {"executed_lines": [], "summary": {"covered_lines": 0, "num_statements": 0, "percent_covered": 100.0, "percent_covered_display": "100", "missing_lines": 0, "excluded_lines": 0}, "missing_lines": [], "excluded_lines": []}}}, "app\\schemas\\project.py": {"executed_lines": [1, 5, 6, 7, 12, 13, 14, 15, 18, 19, 20, 21, 22, 23, 24, 29, 30, 31, 32, 33, 34, 35, 36, 37, 38, 39, 41, 43, 44, 80, 81], "summary": {"covered_lines": 30, "num_statements": 49, "percent_covered": 61.224489795918366, "percent_covered_display": "61", "missing_lines": 19, "excluded_lines": 0}, "missing_lines": [45, 46, 47, 48, 49, 50, 51, 52, 53, 56, 57, 58, 59, 61, 62, 63, 64, 65, 66], "excluded_lines": [], "functions": {"ProjectResponse.from_orm_model": {"executed_lines": [], "summary": {"covered_lines": 0, "num_statements": 19, "percent_covered": 0.0, "percent_covered_display": "0", "missing_lines": 19, "excluded_lines": 0}, "missing_lines": [45, 46, 47, 48, 49, 50, 51, 52, 53, 56, 57, 58, 59, 61, 62, 63, 64, 65, 66], "excluded_lines": []}, "": {"executed_lines": [1, 5, 6, 7, 12, 13, 14, 15, 18, 19, 20, 21, 22, 23, 24, 29, 30, 31, 32, 33, 34, 35, 36, 37, 38, 39, 41, 43, 44, 80, 81], "summary": {"covered_lines": 30, "num_statements": 30, "percent_covered": 100.0, "percent_covered_display": "100", "missing_lines": 0, "excluded_lines": 0}, "missing_lines": [], "excluded_lines": []}}, "classes": {"ProjectCreate": {"executed_lines": [], "summary": {"covered_lines": 0, "num_statements": 0, "percent_covered": 100.0, "percent_covered_display": "100", "missing_lines": 0, "excluded_lines": 0}, "missing_lines": [], "excluded_lines": []}, "ProjectUpdate": {"executed_lines": [], "summary": {"covered_lines": 0, "num_statements": 0, "percent_covered": 100.0, "percent_covered_display": "100", "missing_lines": 0, "excluded_lines": 0}, "missing_lines": [], "excluded_lines": []}, "ProjectResponse": {"executed_lines": [], "summary": {"covered_lines": 0, "num_statements": 19, "percent_covered": 0.0, "percent_covered_display": "0", "missing_lines": 19, "excluded_lines": 0}, "missing_lines": [45, 46, 47, 48, 49, 50, 51, 52, 53, 56, 57, 58, 59, 61, 62, 63, 64, 65, 66], "excluded_lines": []}, "ProjectListResponse": {"executed_lines": [], "summary": {"covered_lines": 0, "num_statements": 0, "percent_covered": 100.0, "percent_covered_display": "100", "missing_lines": 0, "excluded_lines": 0}, "missing_lines": [], "excluded_lines": []}, "": {"executed_lines": [1, 5, 6, 7, 12, 13, 14, 15, 18, 19, 20, 21, 22, 23, 24, 29, 30, 31, 32, 33, 34, 35, 36, 37, 38, 39, 41, 43, 44, 80, 81], "summary": {"covered_lines": 30, "num_statements": 30, "percent_covered": 100.0, "percent_covered_display": "100", "missing_lines": 0, "excluded_lines": 0}, "missing_lines": [], "excluded_lines": []}}}, "app\\schemas\\session.py": {"executed_lines": [1, 5, 6, 12, 13, 14, 15, 16, 17, 18, 19, 20, 21, 22, 23, 24, 25, 26, 27, 28, 29, 30, 31, 32, 38, 39, 40, 46, 47, 48, 49, 50, 51, 52, 53, 54, 55, 56, 57, 58, 60, 61, 62, 67, 68, 69, 70, 71], "summary": {"covered_lines": 47, "num_statements": 47, "percent_covered": 100.0, "percent_covered_display": "100", "missing_lines": 0, "excluded_lines": 0}, "missing_lines": [], "excluded_lines": [], "functions": {"QuestionnaireInput._unwrap_answers": {"executed_lines": [67, 68, 69, 70, 71], "summary": {"covered_lines": 5, "num_statements": 5, "percent_covered": 100.0, "percent_covered_display": "100", "missing_lines": 0, "excluded_lines": 0}, "missing_lines": [], "excluded_lines": []}, "": {"executed_lines": [1, 5, 6, 12, 13, 14, 15, 16, 17, 18, 19, 20, 21, 22, 23, 24, 25, 26, 27, 28, 29, 30, 31, 32, 38, 39, 40, 46, 47, 48, 49, 50, 51, 52, 53, 54, 55, 56, 57, 58, 60, 61, 62], "summary": {"covered_lines": 42, "num_statements": 42, "percent_covered": 100.0, "percent_covered_display": "100", "missing_lines": 0, "excluded_lines": 0}, "missing_lines": [], "excluded_lines": []}}, "classes": {"AnalysisResponse": {"executed_lines": [], "summary": {"covered_lines": 0, "num_statements": 0, "percent_covered": 100.0, "percent_covered_display": "100", "missing_lines": 0, "excluded_lines": 0}, "missing_lines": [], "excluded_lines": []}, "FollowUpAnswers": {"executed_lines": [], "summary": {"covered_lines": 0, "num_statements": 0, "percent_covered": 100.0, "percent_covered_display": "100", "missing_lines": 0, "excluded_lines": 0}, "missing_lines": [], "excluded_lines": []}, "QuestionnaireInput": {"executed_lines": [67, 68, 69, 70, 71], "summary": {"covered_lines": 5, "num_statements": 5, "percent_covered": 100.0, "percent_covered_display": "100", "missing_lines": 0, "excluded_lines": 0}, "missing_lines": [], "excluded_lines": []}, "": {"executed_lines": [1, 5, 6, 12, 13, 14, 15, 16, 17, 18, 19, 20, 21, 22, 23, 24, 25, 26, 27, 28, 29, 30, 31, 32, 38, 39, 40, 46, 47, 48, 49, 50, 51, 52, 53, 54, 55, 56, 57, 58, 60, 61, 62], "summary": {"covered_lines": 42, "num_statements": 42, "percent_covered": 100.0, "percent_covered_display": "100", "missing_lines": 0, "excluded_lines": 0}, "missing_lines": [], "excluded_lines": []}}}, "app\\services\\__init__.py": {"executed_lines": [0], "summary": {"covered_lines": 0, "num_statements": 0, "percent_covered": 100.0, "percent_covered_display": "100", "missing_lines": 0, "excluded_lines": 0}, "missing_lines": [], "excluded_lines": [], "functions": {"": {"executed_lines": [], "summary": {"covered_lines": 0, "num_statements": 0, "percent_covered": 100.0, "percent_covered_display": "100", "missing_lines": 0, "excluded_lines": 0}, "missing_lines": [], "excluded_lines": []}}, "classes": {"": {"executed_lines": [], "summary": {"covered_lines": 0, "num_statements": 0, "percent_covered": 100.0, "percent_covered_display": "100", "missing_lines": 0, "excluded_lines": 0}, "missing_lines": [], "excluded_lines": []}}}, "app\\services\\cache_service.py": {"executed_lines": [1, 5, 6, 7, 9, 11, 13, 17, 18, 21, 27, 28, 31, 37, 38, 41, 43, 44, 45, 46, 47, 48, 49, 50, 53, 55, 56, 57, 58, 59, 60, 63, 65, 66, 67, 68, 69, 70, 74, 75, 78, 79, 82, 83, 86, 87, 90, 91, 94, 96, 97], "summary": {"covered_lines": 50, "num_statements": 53, "percent_covered": 94.33962264150944, "percent_covered_display": "94", "missing_lines": 3, "excluded_lines": 0}, "missing_lines": [32, 33, 34], "excluded_lines": [], "functions": {"_key": {"executed_lines": [38], "summary": {"covered_lines": 1, "num_statements": 1, "percent_covered": 100.0, "percent_covered_display": "100", "missing_lines": 0, "excluded_lines": 0}, "missing_lines": [], "excluded_lines": []}, "get": {"executed_lines": [43, 44, 45, 46, 47, 48, 49, 50], "summary": {"covered_lines": 8, "num_statements": 8, "percent_covered": 100.0, "percent_covered_display": "100", "missing_lines": 0, "excluded_lines": 0}, "missing_lines": [], "excluded_lines": []}, "set": {"executed_lines": [55, 56, 57, 58, 59, 60], "summary": {"covered_lines": 6, "num_statements": 6, "percent_covered": 100.0, "percent_covered_display": "100", "missing_lines": 0, "excluded_lines": 0}, "missing_lines": [], "excluded_lines": []}, "delete": {"executed_lines": [65, 66, 67, 68, 69, 70], "summary": {"covered_lines": 6, "num_statements": 6, "percent_covered": 100.0, "percent_covered_display": "100", "missing_lines": 0, "excluded_lines": 0}, "missing_lines": [], "excluded_lines": []}, "get_signals": {"executed_lines": [79], "summary": {"covered_lines": 1, "num_statements": 1, "percent_covered": 100.0, "percent_covered_display": "100", "missing_lines": 0, "excluded_lines": 0}, "missing_lines": [], "excluded_lines": []}, "set_signals": {"executed_lines": [83], "summary": {"covered_lines": 1, "num_statements": 1, "percent_covered": 100.0, "percent_covered_display": "100", "missing_lines": 0, "excluded_lines": 0}, "missing_lines": [], "excluded_lines": []}, "get_result": {"executed_lines": [87], "summary": {"covered_lines": 1, "num_statements": 1, "percent_covered": 100.0, "percent_covered_display": "100", "missing_lines": 0, "excluded_lines": 0}, "missing_lines": [], "excluded_lines": []}, "set_result": {"executed_lines": [91], "summary": {"covered_lines": 1, "num_statements": 1, "percent_covered": 100.0, "percent_covered_display": "100", "missing_lines": 0, "excluded_lines": 0}, "missing_lines": [], "excluded_lines": []}, "invalidate_session": {"executed_lines": [96, 97], "summary": {"covered_lines": 2, "num_statements": 2, "percent_covered": 100.0, "percent_covered_display": "100", "missing_lines": 0, "excluded_lines": 0}, "missing_lines": [], "excluded_lines": []}, "": {"executed_lines": [1, 5, 6, 7, 9, 11, 13, 17, 18, 21, 27, 28, 31, 37, 41, 53, 63, 74, 75, 78, 82, 86, 90, 94], "summary": {"covered_lines": 23, "num_statements": 26, "percent_covered": 88.46153846153847, "percent_covered_display": "88", "missing_lines": 3, "excluded_lines": 0}, "missing_lines": [32, 33, 34], "excluded_lines": []}}, "classes": {"": {"executed_lines": [1, 5, 6, 7, 9, 11, 13, 17, 18, 21, 27, 28, 31, 37, 38, 41, 43, 44, 45, 46, 47, 48, 49, 50, 53, 55, 56, 57, 58, 59, 60, 63, 65, 66, 67, 68, 69, 70, 74, 75, 78, 79, 82, 83, 86, 87, 90, 91, 94, 96, 97], "summary": {"covered_lines": 50, "num_statements": 53, "percent_covered": 94.33962264150944, "percent_covered_display": "94", "missing_lines": 3, "excluded_lines": 0}, "missing_lines": [32, 33, 34], "excluded_lines": []}}}, "app\\services\\cost_analysis.py": {"executed_lines": [1, 7, 18, 65, 74, 90, 98, 105, 107, 119, 120, 121, 122, 126, 127, 130, 132, 134, 135, 136, 137, 141, 142, 144, 146, 153, 161, 162, 163, 165, 166, 167, 168, 169, 170, 172, 173, 175, 177, 178, 181, 182, 183, 185, 186, 187, 190, 191, 192, 195, 196, 202, 203, 208, 211, 214, 217, 218, 219, 224, 244, 245, 247, 248, 249, 250, 253, 254, 255, 256, 257, 259, 262, 263, 264, 270, 274, 280, 288, 289, 290, 295, 296, 301, 326, 327, 328, 329, 330, 333, 334, 335, 336], "summary": {"covered_lines": 92, "num_statements": 101, "percent_covered": 91.08910891089108, "percent_covered_display": "91", "missing_lines": 9, "excluded_lines": 0}, "missing_lines": [123, 133, 138, 143, 145, 275, 281, 282, 283], "excluded_lines": [], "functions": {"_get_signal_value": {"executed_lines": [120, 121, 122], "summary": {"covered_lines": 3, "num_statements": 4, "percent_covered": 75.0, "percent_covered_display": "75", "missing_lines": 1, "excluded_lines": 0}, "missing_lines": [123], "excluded_lines": []}, "_sum_range": {"executed_lines": [127], "summary": {"covered_lines": 1, "num_statements": 1, "percent_covered": 100.0, "percent_covered_display": "100", "missing_lines": 0, "excluded_lines": 0}, "missing_lines": [], "excluded_lines": []}, "_inr_short": {"executed_lines": [132, 134, 135, 136, 137], "summary": {"covered_lines": 5, "num_statements": 7, "percent_covered": 71.42857142857143, "percent_covered_display": "71", "missing_lines": 2, "excluded_lines": 0}, "missing_lines": [133, 138], "excluded_lines": []}, "_inr_range_short": {"executed_lines": [142, 144, 146], "summary": {"covered_lines": 3, "num_statements": 5, "percent_covered": 60.0, "percent_covered_display": "60", "missing_lines": 2, "excluded_lines": 0}, "missing_lines": [143, 145], "excluded_lines": []}, "generate_cost_analysis": {"executed_lines": [161, 162, 163, 165, 166, 167, 168, 169, 170, 172, 173, 175, 177, 178, 181, 182, 183, 185, 186, 187, 190, 191, 192, 195, 196, 202, 203, 208, 211, 214, 217, 218, 219, 224, 244, 245, 247, 248, 249, 250, 253, 254, 255, 256, 257, 259, 262, 263, 264, 270, 274, 280, 288, 289, 290, 295, 296, 301], "summary": {"covered_lines": 58, "num_statements": 62, "percent_covered": 93.54838709677419, "percent_covered_display": "94", "missing_lines": 4, "excluded_lines": 0}, "missing_lines": [275, 281, 282, 283], "excluded_lines": []}, "_lookup_infra": {"executed_lines": [327, 328, 329, 330], "summary": {"covered_lines": 4, "num_statements": 4, "percent_covered": 100.0, "percent_covered_display": "100", "missing_lines": 0, "excluded_lines": 0}, "missing_lines": [], "excluded_lines": []}, "_lookup_training": {"executed_lines": [334, 335, 336], "summary": {"covered_lines": 3, "num_statements": 3, "percent_covered": 100.0, "percent_covered_display": "100", "missing_lines": 0, "excluded_lines": 0}, "missing_lines": [], "excluded_lines": []}, "": {"executed_lines": [1, 7, 18, 65, 74, 90, 98, 105, 107, 119, 126, 130, 141, 153, 326, 333], "summary": {"covered_lines": 15, "num_statements": 15, "percent_covered": 100.0, "percent_covered_display": "100", "missing_lines": 0, "excluded_lines": 0}, "missing_lines": [], "excluded_lines": []}}, "classes": {"": {"executed_lines": [1, 7, 18, 65, 74, 90, 98, 105, 107, 119, 120, 121, 122, 126, 127, 130, 132, 134, 135, 136, 137, 141, 142, 144, 146, 153, 161, 162, 163, 165, 166, 167, 168, 169, 170, 172, 173, 175, 177, 178, 181, 182, 183, 185, 186, 187, 190, 191, 192, 195, 196, 202, 203, 208, 211, 214, 217, 218, 219, 224, 244, 245, 247, 248, 249, 250, 253, 254, 255, 256, 257, 259, 262, 263, 264, 270, 274, 280, 288, 289, 290, 295, 296, 301, 326, 327, 328, 329, 330, 333, 334, 335, 336], "summary": {"covered_lines": 92, "num_statements": 101, "percent_covered": 91.08910891089108, "percent_covered_display": "91", "missing_lines": 9, "excluded_lines": 0}, "missing_lines": [123, 133, 138, 143, 145, 275, 281, 282, 283], "excluded_lines": []}}}, "app\\services\\cost_report_pdf.py": {"executed_lines": [1, 4, 5, 6, 11, 12, 13, 14, 15, 16, 17, 18, 19, 20, 21, 23, 34, 41, 42, 44, 45, 46, 47, 50, 59, 61, 63, 64, 65, 66, 67, 69, 70, 71, 72, 73, 74, 75, 78, 80, 82, 83, 84, 85, 86, 87, 91, 92, 93, 95, 97, 100, 101, 102, 104, 106, 109, 110, 116, 117, 118, 119, 120, 121, 122, 123, 124, 125, 126, 127, 129, 130, 131, 132, 133, 134, 135, 136, 137, 138, 145, 146, 147, 148, 149, 150, 151, 152, 153, 154, 155, 156, 157, 158, 161, 162, 163, 164, 165, 166, 167, 168, 171, 173, 174, 175, 176, 177, 178, 181, 194, 196, 197, 198, 199, 200, 202, 203, 204, 205, 207, 208, 209, 210, 211, 212, 214, 215, 216, 217, 219, 224, 226, 227, 228, 229, 231, 232, 233, 234, 236, 237, 238, 239, 241, 242, 243, 244, 245, 246, 249, 250, 251, 254, 255, 256, 257, 258, 259, 260, 261, 262, 263, 266, 267, 268, 269, 270, 271, 272, 273, 274, 275, 277, 280, 281, 282, 284, 290, 291, 292, 293, 294, 295, 296, 297, 298, 299, 300, 302, 307, 308, 310, 311, 312, 313, 314, 315, 316, 317, 318, 320, 321, 322, 323, 324, 325, 326, 327, 328, 329, 330, 331, 336, 339, 340, 341, 342, 343, 344, 345, 346, 349, 350, 351, 353, 354, 355, 356, 357, 358, 360, 361, 362, 363, 365, 368, 369, 370, 373, 374, 375, 376, 379, 380, 381, 384, 385, 386, 389, 392, 393, 394, 395, 396, 399, 401, 404, 405, 406, 407, 409, 410, 411, 413, 414, 415, 416, 417, 418, 419, 420, 421, 422, 423, 424, 425, 426, 428, 433, 434, 436, 437, 440, 441, 442, 443, 444, 445, 446, 449, 450, 451, 452, 453, 455, 456, 458, 460, 461, 462, 463, 464, 466, 467, 468, 471, 472, 473, 474, 476, 477, 478, 479, 482, 483, 484, 487, 488, 489, 490, 491, 492, 493, 496, 497, 498, 499, 500, 501, 502, 503, 504, 505, 506, 507, 508, 509, 510, 511, 512, 517, 518, 520, 521, 522, 525, 526, 530, 531, 532, 533, 534, 535, 536, 539, 540, 541, 542, 544, 545, 546, 547, 550, 551, 552, 553, 555, 556, 558, 561, 562, 564, 565, 566, 567, 568, 569, 571, 572, 573, 574, 575, 576, 577, 578, 579, 580, 584, 585, 586, 587, 588, 589, 590, 591, 592, 593, 594, 595, 596, 597, 598, 602, 603, 604, 605, 606, 607, 610, 611, 612, 613, 618, 619, 621, 622, 623, 624, 627, 629, 631, 632, 633, 634, 635, 636, 638, 639, 640, 641, 643, 644, 645, 647, 648, 649, 650, 652, 653, 654, 656, 658, 659, 660, 663, 665, 670, 671, 673, 674, 675, 679, 680, 683, 685, 686, 687, 688, 689, 694, 695, 696, 697, 698, 699, 700, 701, 706, 707, 708, 710, 713], "summary": {"covered_lines": 472, "num_statements": 496, "percent_covered": 95.16129032258064, "percent_covered_display": "95", "missing_lines": 24, "excluded_lines": 0}, "missing_lines": [43, 51, 52, 62, 81, 88, 94, 96, 103, 105, 183, 184, 185, 186, 187, 352, 397, 412, 523, 527, 528, 661, 676, 677], "excluded_lines": [], "functions": {"_s": {"executed_lines": [42, 44, 45, 46, 47], "summary": {"covered_lines": 5, "num_statements": 6, "percent_covered": 83.33333333333333, "percent_covered_display": "83", "missing_lines": 1, "excluded_lines": 0}, "missing_lines": [43], "excluded_lines": []}, "_safe": {"executed_lines": [], "summary": {"covered_lines": 0, "num_statements": 2, "percent_covered": 0.0, "percent_covered_display": "0", "missing_lines": 2, "excluded_lines": 0}, "missing_lines": [51, 52], "excluded_lines": []}, "_inr_fmt": {"executed_lines": [61, 63, 64, 65, 66, 67, 69, 70, 71, 72, 73, 74, 75], "summary": {"covered_lines": 13, "num_statements": 14, "percent_covered": 92.85714285714286, "percent_covered_display": "93", "missing_lines": 1, "excluded_lines": 0}, "missing_lines": [62], "excluded_lines": []}, "_inr_short": {"executed_lines": [80, 82, 83, 84, 85, 86, 87], "summary": {"covered_lines": 7, "num_statements": 9, "percent_covered": 77.77777777777777, "percent_covered_display": "78", "missing_lines": 2, "excluded_lines": 0}, "missing_lines": [81, 88], "excluded_lines": []}, "_inr_range": {"executed_lines": [92, 93, 95, 97], "summary": {"covered_lines": 4, "num_statements": 6, "percent_covered": 66.66666666666667, "percent_covered_display": "67", "missing_lines": 2, "excluded_lines": 0}, "missing_lines": [94, 96], "excluded_lines": []}, "_inr_range_short": {"executed_lines": [101, 102, 104, 106], "summary": {"covered_lines": 4, "num_statements": 6, "percent_covered": 66.66666666666667, "percent_covered_display": "67", "missing_lines": 2, "excluded_lines": 0}, "missing_lines": [103, 105], "excluded_lines": []}, "_avg": {"executed_lines": [110], "summary": {"covered_lines": 1, "num_statements": 1, "percent_covered": 100.0, "percent_covered_display": "100", "missing_lines": 0, "excluded_lines": 0}, "missing_lines": [], "excluded_lines": []}, "_PDF.header": {"executed_lines": [118, 119, 120, 121, 122, 123, 124, 125, 126, 127], "summary": {"covered_lines": 10, "num_statements": 10, "percent_covered": 100.0, "percent_covered_display": "100", "missing_lines": 0, "excluded_lines": 0}, "missing_lines": [], "excluded_lines": []}, "_PDF.footer": {"executed_lines": [130, 131, 132, 133, 134, 135, 136, 137, 138], "summary": {"covered_lines": 9, "num_statements": 9, "percent_covered": 100.0, "percent_covered_display": "100", "missing_lines": 0, "excluded_lines": 0}, "missing_lines": [], "excluded_lines": []}, "_section_title": {"executed_lines": [146, 147, 148, 149, 150, 151, 152, 153, 154, 155, 156, 157, 158], "summary": {"covered_lines": 13, "num_statements": 13, "percent_covered": 100.0, "percent_covered_display": "100", "missing_lines": 0, "excluded_lines": 0}, "missing_lines": [], "excluded_lines": []}, "_hbar": {"executed_lines": [162, 163, 164, 165, 166, 167, 168], "summary": {"covered_lines": 7, "num_statements": 7, "percent_covered": 100.0, "percent_covered_display": "100", "missing_lines": 0, "excluded_lines": 0}, "missing_lines": [], "excluded_lines": []}, "_badge": {"executed_lines": [173, 174, 175, 176, 177, 178], "summary": {"covered_lines": 6, "num_statements": 6, "percent_covered": 100.0, "percent_covered_display": "100", "missing_lines": 0, "excluded_lines": 0}, "missing_lines": [], "excluded_lines": []}, "_cost_color": {"executed_lines": [], "summary": {"covered_lines": 0, "num_statements": 5, "percent_covered": 0.0, "percent_covered_display": "0", "missing_lines": 5, "excluded_lines": 0}, "missing_lines": [183, 184, 185, 186, 187], "excluded_lines": []}, "generate_cost_pdf": {"executed_lines": [196, 197, 198, 199, 200, 202, 203, 204, 205, 207, 208, 209, 210, 211, 212, 214, 215, 216, 217, 219, 224, 226, 227, 228, 229, 231, 232, 233, 234, 236, 237, 238, 239, 241, 242, 243, 244, 245, 246, 249, 250, 251, 254, 255, 256, 257, 258, 259, 260, 261, 262, 263, 266, 267, 268, 269, 270, 271, 272, 273, 274, 275, 277, 280, 281, 282, 284, 290, 291, 292, 293, 294, 295, 296, 297, 298, 299, 300, 302, 307, 308, 310, 311, 312, 313, 314, 315, 316, 317, 318, 320, 321, 322, 323, 324, 325, 326, 327, 328, 329, 330, 331, 336, 339, 340, 341, 342, 343, 344, 345, 346, 349, 350, 351, 353, 354, 355, 356, 357, 358, 360, 361, 362, 363, 365, 368, 369, 370, 373, 374, 375, 376, 379, 380, 381, 384, 385, 386, 389, 392, 393, 394, 395, 396, 399, 401, 404, 405, 406, 407, 409, 410, 411, 413, 414, 415, 416, 417, 418, 419, 420, 421, 422, 423, 424, 425, 426, 428, 433, 434, 436, 437, 440, 441, 442, 443, 444, 445, 446, 449, 450, 451, 452, 453, 455, 456, 458, 460, 461, 462, 463, 464, 466, 467, 468, 471, 472, 473, 474, 476, 477, 478, 479, 482, 483, 484, 487, 488, 489, 490, 491, 492, 493, 496, 497, 498, 499, 500, 501, 502, 503, 504, 505, 506, 507, 508, 509, 510, 511, 512, 517, 518, 520, 521, 522, 525, 526, 530, 531, 532, 533, 534, 535, 536, 539, 540, 541, 542, 544, 545, 546, 547, 550, 551, 552, 553, 555, 556, 558, 561, 562, 564, 565, 566, 567, 568, 569, 571, 572, 573, 574, 575, 576, 577, 578, 579, 580, 584, 585, 586, 587, 588, 589, 590, 591, 592, 593, 594, 595, 596, 597, 598, 602, 603, 604, 605, 606, 607, 610, 611, 612, 613, 618, 619, 621, 622, 623, 624, 627, 629, 631, 632, 633, 634, 635, 636, 638, 639, 640, 641, 643, 644, 645, 647, 648, 649, 650, 652, 653, 654, 656, 658, 659, 660, 663, 665, 670, 671, 673, 674, 675, 679, 680, 683, 685, 686, 687, 688, 689, 694, 695, 696, 697, 698, 699, 700, 701, 706, 707, 708, 710, 713], "summary": {"covered_lines": 362, "num_statements": 371, "percent_covered": 97.57412398921834, "percent_covered_display": "98", "missing_lines": 9, "excluded_lines": 0}, "missing_lines": [352, 397, 412, 523, 527, 528, 661, 676, 677], "excluded_lines": []}, "": {"executed_lines": [1, 4, 5, 6, 11, 12, 13, 14, 15, 16, 17, 18, 19, 20, 21, 23, 34, 41, 50, 59, 78, 91, 100, 109, 116, 117, 129, 145, 161, 171, 181, 194], "summary": {"covered_lines": 31, "num_statements": 31, "percent_covered": 100.0, "percent_covered_display": "100", "missing_lines": 0, "excluded_lines": 0}, "missing_lines": [], "excluded_lines": []}}, "classes": {"_PDF": {"executed_lines": [118, 119, 120, 121, 122, 123, 124, 125, 126, 127, 130, 131, 132, 133, 134, 135, 136, 137, 138], "summary": {"covered_lines": 19, "num_statements": 19, "percent_covered": 100.0, "percent_covered_display": "100", "missing_lines": 0, "excluded_lines": 0}, "missing_lines": [], "excluded_lines": []}, "": {"executed_lines": [1, 4, 5, 6, 11, 12, 13, 14, 15, 16, 17, 18, 19, 20, 21, 23, 34, 41, 42, 44, 45, 46, 47, 50, 59, 61, 63, 64, 65, 66, 67, 69, 70, 71, 72, 73, 74, 75, 78, 80, 82, 83, 84, 85, 86, 87, 91, 92, 93, 95, 97, 100, 101, 102, 104, 106, 109, 110, 116, 117, 129, 145, 146, 147, 148, 149, 150, 151, 152, 153, 154, 155, 156, 157, 158, 161, 162, 163, 164, 165, 166, 167, 168, 171, 173, 174, 175, 176, 177, 178, 181, 194, 196, 197, 198, 199, 200, 202, 203, 204, 205, 207, 208, 209, 210, 211, 212, 214, 215, 216, 217, 219, 224, 226, 227, 228, 229, 231, 232, 233, 234, 236, 237, 238, 239, 241, 242, 243, 244, 245, 246, 249, 250, 251, 254, 255, 256, 257, 258, 259, 260, 261, 262, 263, 266, 267, 268, 269, 270, 271, 272, 273, 274, 275, 277, 280, 281, 282, 284, 290, 291, 292, 293, 294, 295, 296, 297, 298, 299, 300, 302, 307, 308, 310, 311, 312, 313, 314, 315, 316, 317, 318, 320, 321, 322, 323, 324, 325, 326, 327, 328, 329, 330, 331, 336, 339, 340, 341, 342, 343, 344, 345, 346, 349, 350, 351, 353, 354, 355, 356, 357, 358, 360, 361, 362, 363, 365, 368, 369, 370, 373, 374, 375, 376, 379, 380, 381, 384, 385, 386, 389, 392, 393, 394, 395, 396, 399, 401, 404, 405, 406, 407, 409, 410, 411, 413, 414, 415, 416, 417, 418, 419, 420, 421, 422, 423, 424, 425, 426, 428, 433, 434, 436, 437, 440, 441, 442, 443, 444, 445, 446, 449, 450, 451, 452, 453, 455, 456, 458, 460, 461, 462, 463, 464, 466, 467, 468, 471, 472, 473, 474, 476, 477, 478, 479, 482, 483, 484, 487, 488, 489, 490, 491, 492, 493, 496, 497, 498, 499, 500, 501, 502, 503, 504, 505, 506, 507, 508, 509, 510, 511, 512, 517, 518, 520, 521, 522, 525, 526, 530, 531, 532, 533, 534, 535, 536, 539, 540, 541, 542, 544, 545, 546, 547, 550, 551, 552, 553, 555, 556, 558, 561, 562, 564, 565, 566, 567, 568, 569, 571, 572, 573, 574, 575, 576, 577, 578, 579, 580, 584, 585, 586, 587, 588, 589, 590, 591, 592, 593, 594, 595, 596, 597, 598, 602, 603, 604, 605, 606, 607, 610, 611, 612, 613, 618, 619, 621, 622, 623, 624, 627, 629, 631, 632, 633, 634, 635, 636, 638, 639, 640, 641, 643, 644, 645, 647, 648, 649, 650, 652, 653, 654, 656, 658, 659, 660, 663, 665, 670, 671, 673, 674, 675, 679, 680, 683, 685, 686, 687, 688, 689, 694, 695, 696, 697, 698, 699, 700, 701, 706, 707, 708, 710, 713], "summary": {"covered_lines": 453, "num_statements": 477, "percent_covered": 94.96855345911949, "percent_covered_display": "95", "missing_lines": 24, "excluded_lines": 0}, "missing_lines": [43, 51, 52, 62, 81, 88, 94, 96, 103, 105, 183, 184, 185, 186, 187, 352, 397, 412, 523, 527, 528, 661, 676, 677], "excluded_lines": []}}}, "app\\services\\pdf_report.py": {"executed_lines": [1, 4, 5, 6, 7, 12, 13, 14, 15, 16, 17, 18, 19, 20, 21, 22, 24, 34, 43, 44, 46, 47, 48, 49, 52, 53, 54, 60, 61, 62, 63, 64, 65, 66, 67, 68, 69, 70, 71, 73, 74, 75, 76, 77, 78, 79, 80, 81, 82, 88, 89, 90, 91, 92, 93, 95, 96, 97, 98, 99, 100, 101, 102, 105, 106, 107, 108, 109, 110, 111, 112, 115, 117, 118, 119, 120, 121, 122, 125, 126, 127, 128, 129, 130, 131, 133, 136, 137, 138, 144, 145, 146, 147, 148, 149, 150, 151, 157, 161, 162, 163, 164, 165, 166, 167, 168, 169, 170, 171, 172, 173, 174, 176, 177, 178, 179, 180, 181, 184, 185, 186, 187, 188, 193, 196, 197, 200, 201, 204, 205, 206, 207, 210, 211, 212, 213, 216, 223, 224, 225, 226, 229, 230, 231, 232, 233, 234, 235, 236, 237, 238, 239, 242, 243, 244, 245, 246, 247, 248, 249, 250, 251, 252, 254, 257, 258, 259, 261, 269, 270, 271, 272, 273, 274, 275, 276, 277, 278, 279, 281, 286, 288, 290, 291, 292, 293, 294, 295, 296, 297, 300, 301, 302, 303, 304, 305, 306, 308, 309, 310, 312, 313, 314, 317, 318, 321, 322, 323, 324, 327, 328, 329, 330, 333, 336, 337, 338, 340, 342, 347, 402, 403, 404, 405, 406, 407, 409, 410, 414, 415, 416, 417, 419, 420, 421, 422, 423, 424, 425, 426, 428, 429, 430, 431, 432, 434, 439, 533, 534, 535, 536, 538, 539, 541, 542, 543, 546, 547, 548, 549, 550, 551, 552, 553, 554, 555, 556, 557, 558, 560, 561, 562, 563, 564, 565, 566, 568, 569, 570, 571, 576, 577, 578, 579, 581, 582, 583, 584, 586, 591, 643, 710, 819, 820, 821, 822, 823, 824, 825, 826, 834, 836, 839], "summary": {"covered_lines": 302, "num_statements": 594, "percent_covered": 50.841750841750844, "percent_covered_display": "51", "missing_lines": 292, "excluded_lines": 0}, "missing_lines": [45, 132, 139, 140, 141, 217, 218, 219, 220, 348, 350, 351, 354, 355, 356, 357, 358, 359, 360, 361, 362, 363, 364, 365, 366, 367, 368, 369, 371, 372, 373, 376, 377, 378, 379, 380, 381, 382, 383, 384, 385, 386, 387, 388, 389, 390, 391, 392, 393, 394, 395, 397, 411, 412, 440, 442, 444, 445, 446, 447, 448, 449, 450, 451, 453, 454, 455, 456, 457, 458, 460, 461, 462, 463, 464, 465, 468, 469, 470, 473, 474, 475, 478, 479, 480, 481, 484, 485, 486, 487, 488, 489, 491, 492, 493, 494, 497, 498, 502, 503, 504, 505, 506, 507, 510, 511, 512, 513, 514, 515, 516, 517, 518, 519, 520, 522, 523, 524, 526, 528, 572, 573, 575, 592, 594, 595, 596, 598, 599, 600, 601, 603, 604, 605, 606, 608, 610, 611, 612, 613, 614, 616, 617, 619, 620, 621, 622, 623, 624, 625, 626, 627, 628, 629, 630, 632, 633, 634, 635, 636, 638, 644, 646, 647, 648, 649, 650, 652, 653, 654, 655, 656, 657, 658, 660, 663, 664, 667, 668, 669, 670, 673, 674, 675, 676, 677, 680, 681, 682, 685, 686, 687, 688, 689, 690, 691, 692, 693, 694, 696, 699, 700, 701, 702, 703, 705, 711, 712, 714, 715, 716, 717, 718, 719, 720, 721, 723, 724, 725, 726, 729, 730, 733, 734, 735, 738, 739, 740, 741, 744, 745, 746, 747, 750, 751, 753, 756, 757, 758, 759, 760, 761, 764, 765, 766, 767, 768, 769, 773, 774, 775, 776, 777, 778, 779, 780, 781, 782, 783, 784, 785, 787, 788, 789, 790, 791, 792, 793, 794, 795, 796, 797, 800, 801, 802, 803, 804, 805, 806, 807, 808, 810, 811, 812, 813, 814, 827, 828, 829, 830, 831, 832], "excluded_lines": [], "functions": {"_s": {"executed_lines": [44, 46, 47, 48, 49], "summary": {"covered_lines": 5, "num_statements": 6, "percent_covered": 83.33333333333333, "percent_covered_display": "83", "missing_lines": 1, "excluded_lines": 0}, "missing_lines": [45], "excluded_lines": []}, "_safe": {"executed_lines": [53, 54], "summary": {"covered_lines": 2, "num_statements": 2, "percent_covered": 100.0, "percent_covered_display": "100", "missing_lines": 0, "excluded_lines": 0}, "missing_lines": [], "excluded_lines": []}, "_PDF.header": {"executed_lines": [62, 63, 64, 65, 66, 67, 68, 69, 70, 71], "summary": {"covered_lines": 10, "num_statements": 10, "percent_covered": 100.0, "percent_covered_display": "100", "missing_lines": 0, "excluded_lines": 0}, "missing_lines": [], "excluded_lines": []}, "_PDF.footer": {"executed_lines": [74, 75, 76, 77, 78, 79, 80, 81, 82], "summary": {"covered_lines": 9, "num_statements": 9, "percent_covered": 100.0, "percent_covered_display": "100", "missing_lines": 0, "excluded_lines": 0}, "missing_lines": [], "excluded_lines": []}, "_section_title": {"executed_lines": [89, 90, 91, 92, 93, 95, 96, 97, 98, 99, 100, 101, 102], "summary": {"covered_lines": 13, "num_statements": 13, "percent_covered": 100.0, "percent_covered_display": "100", "missing_lines": 0, "excluded_lines": 0}, "missing_lines": [], "excluded_lines": []}, "_hbar": {"executed_lines": [106, 107, 108, 109, 110, 111, 112], "summary": {"covered_lines": 7, "num_statements": 7, "percent_covered": 100.0, "percent_covered_display": "100", "missing_lines": 0, "excluded_lines": 0}, "missing_lines": [], "excluded_lines": []}, "_badge": {"executed_lines": [117, 118, 119, 120, 121, 122], "summary": {"covered_lines": 6, "num_statements": 6, "percent_covered": 100.0, "percent_covered_display": "100", "missing_lines": 0, "excluded_lines": 0}, "missing_lines": [], "excluded_lines": []}, "_suit_color": {"executed_lines": [126, 127, 128, 129, 130, 131, 133], "summary": {"covered_lines": 7, "num_statements": 8, "percent_covered": 87.5, "percent_covered_display": "88", "missing_lines": 1, "excluded_lines": 0}, "missing_lines": [132], "excluded_lines": []}, "_conf_color": {"executed_lines": [137, 138], "summary": {"covered_lines": 2, "num_statements": 5, "percent_covered": 40.0, "percent_covered_display": "40", "missing_lines": 3, "excluded_lines": 0}, "missing_lines": [139, 140, 141], "excluded_lines": []}, "_score_color": {"executed_lines": [145, 146, 147, 148, 149, 150, 151], "summary": {"covered_lines": 7, "num_statements": 7, "percent_covered": 100.0, "percent_covered_display": "100", "missing_lines": 0, "excluded_lines": 0}, "missing_lines": [], "excluded_lines": []}, "generate_pdf": {"executed_lines": [161, 162, 163, 164, 165, 166, 167, 168, 169, 170, 171, 172, 173, 174, 176, 177, 178, 179, 180, 181, 184, 185, 186, 187, 188, 193, 196, 197, 200, 201, 204, 205, 206, 207, 210, 211, 212, 213, 216, 223, 224, 225, 226, 229, 230, 231, 232, 233, 234, 235, 236, 237, 238, 239, 242, 243, 244, 245, 246, 247, 248, 249, 250, 251, 252, 254, 257, 258, 259, 261, 269, 270, 271, 272, 273, 274, 275, 276, 277, 278, 279, 281, 286, 288, 290, 291, 292, 293, 294, 295, 296, 297, 300, 301, 302, 303, 304, 305, 306, 308, 309, 310, 312, 313, 314, 317, 318, 321, 322, 323, 324, 327, 328, 329, 330, 333, 336, 337, 338, 340, 342, 347, 402, 403, 404, 405, 406, 407, 409, 410, 414, 415, 416, 417, 419, 420, 421, 422, 423, 424, 425, 426, 428, 429, 430, 431, 432, 434, 439, 533, 534, 535, 536, 538, 539, 541, 542, 543, 546, 547, 548, 549, 550, 551, 552, 553, 554, 555, 556, 557, 558, 560, 561, 562, 563, 564, 565, 566, 568, 569, 570, 571, 576, 577, 578, 579, 581, 582, 583, 584, 586, 591, 643, 710, 819, 820, 821, 822, 823, 824, 825, 826, 834, 836, 839], "summary": {"covered_lines": 205, "num_statements": 492, "percent_covered": 41.666666666666664, "percent_covered_display": "42", "missing_lines": 287, "excluded_lines": 0}, "missing_lines": [217, 218, 219, 220, 348, 350, 351, 354, 355, 356, 357, 358, 359, 360, 361, 362, 363, 364, 365, 366, 367, 368, 369, 371, 372, 373, 376, 377, 378, 379, 380, 381, 382, 383, 384, 385, 386, 387, 388, 389, 390, 391, 392, 393, 394, 395, 397, 411, 412, 440, 442, 444, 445, 446, 447, 448, 449, 450, 451, 453, 454, 455, 456, 457, 458, 460, 461, 462, 463, 464, 465, 468, 469, 470, 473, 474, 475, 478, 479, 480, 481, 484, 485, 486, 487, 488, 489, 491, 492, 493, 494, 497, 498, 502, 503, 504, 505, 506, 507, 510, 511, 512, 513, 514, 515, 516, 517, 518, 519, 520, 522, 523, 524, 526, 528, 572, 573, 575, 592, 594, 595, 596, 598, 599, 600, 601, 603, 604, 605, 606, 608, 610, 611, 612, 613, 614, 616, 617, 619, 620, 621, 622, 623, 624, 625, 626, 627, 628, 629, 630, 632, 633, 634, 635, 636, 638, 644, 646, 647, 648, 649, 650, 652, 653, 654, 655, 656, 657, 658, 660, 663, 664, 667, 668, 669, 670, 673, 674, 675, 676, 677, 680, 681, 682, 685, 686, 687, 688, 689, 690, 691, 692, 693, 694, 696, 699, 700, 701, 702, 703, 705, 711, 712, 714, 715, 716, 717, 718, 719, 720, 721, 723, 724, 725, 726, 729, 730, 733, 734, 735, 738, 739, 740, 741, 744, 745, 746, 747, 750, 751, 753, 756, 757, 758, 759, 760, 761, 764, 765, 766, 767, 768, 769, 773, 774, 775, 776, 777, 778, 779, 780, 781, 782, 783, 784, 785, 787, 788, 789, 790, 791, 792, 793, 794, 795, 796, 797, 800, 801
[...]
 {"executed_lines": [32, 33, 34], "summary": {"covered_lines": 3, "num_statements": 3, "percent_covered": 100.0, "percent_covered_display": "100", "missing_lines": 0, "excluded_lines": 0}, "missing_lines": [], "excluded_lines": []}, "test_chat_signal_labels_have_12": {"executed_lines": [38, 39], "summary": {"covered_lines": 2, "num_statements": 2, "percent_covered": 100.0, "percent_covered_display": "100", "missing_lines": 0, "excluded_lines": 0}, "missing_lines": [], "excluded_lines": []}, "test_questionnaire_input_has_12_signal_fields": {"executed_lines": [43, 44], "summary": {"covered_lines": 2, "num_statements": 2, "percent_covered": 100.0, "percent_covered_display": "100", "missing_lines": 0, "excluded_lines": 0}, "missing_lines": [], "excluded_lines": []}, "test_questionnaire_options_endpoint_returns_12": {"executed_lines": [48, 49, 50], "summary": {"covered_lines": 3, "num_statements": 3, "percent_covered": 100.0, "percent_covered_display": "100", "missing_lines": 0, "excluded_lines": 0}, "missing_lines": [], "excluded_lines": []}, "test_questionnaire_extraction_produces_12_signals": {"executed_lines": [54, 56, 57, 58], "summary": {"covered_lines": 4, "num_statements": 4, "percent_covered": 100.0, "percent_covered_display": "100", "missing_lines": 0, "excluded_lines": 0}, "missing_lines": [], "excluded_lines": []}, "test_extraction_prompt_demands_12_including_example": {"executed_lines": [64, 65, 67, 68], "summary": {"covered_lines": 4, "num_statements": 4, "percent_covered": 100.0, "percent_covered_display": "100", "missing_lines": 0, "excluded_lines": 0}, "missing_lines": [], "excluded_lines": []}, "": {"executed_lines": [1, 9, 25, 31, 37, 42, 47, 53, 61], "summary": {"covered_lines": 8, "num_statements": 8, "percent_covered": 100.0, "percent_covered_display": "100", "missing_lines": 0, "excluded_lines": 0}, "missing_lines": [], "excluded_lines": []}}, "classes": {"": {"executed_lines": [1, 9, 25, 26, 27, 28, 31, 32, 33, 34, 37, 38, 39, 42, 43, 44, 47, 48, 49, 50, 53, 54, 56, 57, 58, 61, 64, 65, 67, 68], "summary": {"covered_lines": 29, "num_statements": 29, "percent_covered": 100.0, "percent_covered_display": "100", "missing_lines": 0, "excluded_lines": 0}, "missing_lines": [], "excluded_lines": []}}}, "tests\\unit\\test_signal_extractor.py": {"executed_lines": [1, 7, 8, 9, 12, 13, 14, 16, 17, 18, 20, 21, 22, 23, 25, 26, 27, 28, 29, 30, 32, 33, 34, 35, 36, 37, 38, 40, 41, 42, 43, 45, 46, 47, 48, 49, 51, 52, 53, 54, 57, 58, 59, 61, 62, 63, 65, 66, 67, 68, 70, 71, 72, 74, 75, 77, 78, 79, 80, 82, 83, 84, 85, 87, 88, 89, 90, 91, 93, 95, 96, 97, 99, 100, 101, 102, 104, 105, 109, 110, 111, 114, 115, 116, 118, 119, 120, 122, 123, 132, 133, 134, 135, 136, 138, 139, 140, 141, 142, 144, 145, 146, 147, 148, 149, 150, 152, 153, 155, 156, 158, 160, 162, 163, 164, 165, 167, 168, 171, 172, 173, 175, 176, 177, 179, 180, 182, 184, 185, 187, 188, 190, 192, 194, 196, 197, 199, 201, 203, 205, 206, 208, 210, 211, 214, 215, 216, 218, 219, 221, 222, 223, 224, 225, 226, 228, 230, 231, 232, 233, 238, 239, 241, 242, 243, 245, 246, 247, 249, 250, 251, 252, 253, 254, 256, 257, 258, 260, 261, 262, 263, 264], "summary": {"covered_lines": 176, "num_statements": 176, "percent_covered": 100.0, "percent_covered_display": "100", "missing_lines": 0, "excluded_lines": 0}, "missing_lines": [], "excluded_lines": [], "functions": {"TestSignalExtractorQuestionnaire.setup_method": {"executed_lines": [17, 18], "summary": {"covered_lines": 2, "num_statements": 2, "percent_covered": 100.0, "percent_covered_display": "100", "missing_lines": 0, "excluded_lines": 0}, "missing_lines": [], "excluded_lines": []}, "TestSignalExtractorQuestionnaire.test_all_signals_in_output": {"executed_lines": [21, 22, 23], "summary": {"covered_lines": 3, "num_statements": 3, "percent_covered": 100.0, "percent_covered_display": "100", "missing_lines": 0, "excluded_lines": 0}, "missing_lines": [], "excluded_lines": []}, "TestSignalExtractorQuestionnaire.test_provided_answers_have_confidence_one": {"executed_lines": [26, 27, 28, 29, 30], "summary": {"covered_lines": 5, "num_statements": 5, "percent_covered": 100.0, "percent_covered_display": "100", "missing_lines": 0, "excluded_lines": 0}, "missing_lines": [], "excluded_lines": []}, "TestSignalExtractorQuestionnaire.test_missing_answers_have_null_value": {"executed_lines": [33, 34, 35, 36, 37, 38], "summary": {"covered_lines": 6, "num_statements": 6, "percent_covered": 100.0, "percent_covered_display": "100", "missing_lines": 0, "excluded_lines": 0}, "missing_lines": [], "excluded_lines": []}, "TestSignalExtractorQuestionnaire.test_empty_answers_dict": {"executed_lines": [41, 42, 43], "summary": {"covered_lines": 3, "num_statements": 3, "percent_covered": 100.0, "percent_covered_display": "100", "missing_lines": 0, "excluded_lines": 0}, "missing_lines": [], "excluded_lines": []}, "TestSignalExtractorQuestionnaire.test_unknown_keys_ignored": {"executed_lines": [46, 47, 48, 49], "summary": {"covered_lines": 4, "num_statements": 4, "percent_covered": 100.0, "percent_covered_display": "100", "missing_lines": 0, "excluded_lines": 0}, "missing_lines": [], "excluded_lines": []}, "TestSignalExtractorQuestionnaire.test_none_value_in_answers_treated_as_missing": {"executed_lines": [52, 53, 54], "summary": {"covered_lines": 3, "num_statements": 3, "percent_covered": 100.0, "percent_covered_display": "100", "missing_lines": 0, "excluded_lines": 0}, "missing_lines": [], "excluded_lines": []}, "TestKeywordExtraction.setup_method": {"executed_lines": [62, 63], "summary": {"covered_lines": 2, "num_statements": 2, "percent_covered": 100.0, "percent_covered_display": "100", "missing_lines": 0, "excluded_lines": 0}, "missing_lines": [], "excluded_lines": []}, "TestKeywordExtraction._run_keyword": {"executed_lines": [66, 67, 68], "summary": {"covered_lines": 3, "num_statements": 3, "percent_covered": 100.0, "percent_covered_display": "100", "missing_lines": 0, "excluded_lines": 0}, "missing_lines": [], "excluded_lines": []}, "TestKeywordExtraction.test_detects_dataset_size_keyword": {"executed_lines": [71, 72, 74, 75], "summary": {"covered_lines": 4, "num_statements": 4, "percent_covered": 100.0, "percent_covered_display": "100", "missing_lines": 0, "excluded_lines": 0}, "missing_lines": [], "excluded_lines": []}, "TestKeywordExtraction.test_detects_latency_keyword": {"executed_lines": [78, 79, 80], "summary": {"covered_lines": 3, "num_statements": 3, "percent_covered": 100.0, "percent_covered_display": "100", "missing_lines": 0, "excluded_lines": 0}, "missing_lines": [], "excluded_lines": []}, "TestKeywordExtraction.test_empty_text_returns_zero_confidence": {"executed_lines": [83, 84, 85], "summary": {"covered_lines": 3, "num_statements": 3, "percent_covered": 100.0, "percent_covered_display": "100", "missing_lines": 0, "excluded_lines": 0}, "missing_lines": [], "excluded_lines": []}, "TestKeywordExtraction.test_irrelevant_text_returns_zero_matches": {"executed_lines": [88, 89, 90, 91], "summary": {"covered_lines": 4, "num_statements": 4, "percent_covered": 100.0, "percent_covered_display": "100", "missing_lines": 0, "excluded_lines": 0}, "missing_lines": [], "excluded_lines": []}, "TestKeywordExtraction.test_keyword_confidence_capped_at_0_3": {"executed_lines": [95, 96, 97], "summary": {"covered_lines": 3, "num_statements": 3, "percent_covered": 100.0, "percent_covered_display": "100", "missing_lines": 0, "excluded_lines": 0}, "missing_lines": [], "excluded_lines": []}, "TestKeywordExtraction.test_source_text_is_populated_when_keyword_found": {"executed_lines": [100, 101, 102], "summary": {"covered_lines": 3, "num_statements": 3, "percent_covered": 100.0, "percent_covered_display": "100", "missing_lines": 0, "excluded_lines": 0}, "missing_lines": [], "excluded_lines": []}, "TestKeywordExtraction.test_page_number_is_assigned": {"executed_lines": [105, 109, 110, 111], "summary": {"covered_lines": 4, "num_statements": 4, "percent_covered": 100.0, "percent_covered_display": "100", "missing_lines": 0, "excluded_lines": 0}, "missing_lines": [], "excluded_lines": []}, "TestSourceVerification.setup_method": {"executed_lines": [119, 120], "summary": {"covered_lines": 2, "num_statements": 2, "percent_covered": 100.0, "percent_covered_display": "100", "missing_lines": 0, "excluded_lines": 0}, "missing_lines": [], "excluded_lines": []}, "TestSourceVerification._make_signals_with_source": {"executed_lines": [123], "summary": {"covered_lines": 1, "num_statements": 1, "percent_covered": 100.0, "percent_covered_display": "100", "missing_lines": 0, "excluded_lines": 0}, "missing_lines": [], "excluded_lines": []}, "TestSourceVerification.test_exact_source_verified": {"executed_lines": [133, 134, 135, 136], "summary": {"covered_lines": 4, "num_statements": 4, "percent_covered": 100.0, "percent_covered_display": "100", "missing_lines": 0, "excluded_lines": 0}, "missing_lines": [], "excluded_lines": []}, "TestSourceVerification.test_missing_source_marked_unverified": {"executed_lines": [139, 140, 141, 142], "summary": {"covered_lines": 4, "num_statements": 4, "percent_covered": 100.0, "percent_covered_display": "100", "missing_lines": 0, "excluded_lines": 0}, "missing_lines": [], "excluded_lines": []}, "TestSourceVerification.test_confidence_not_penalized_on_failed_verification": {"executed_lines": [145, 146, 147, 148, 149, 150], "summary": {"covered_lines": 6, "num_statements": 6, "percent_covered": 100.0, "percent_covered_display": "100", "missing_lines": 0, "excluded_lines": 0}, "missing_lines": [], "excluded_lines": []}, "TestSourceVerification.test_fuzzy_recovery_finds_partial_match": {"executed_lines": [153, 155, 156], "summary": {"covered_lines": 3, "num_statements": 3, "percent_covered": 100.0, "percent_covered_display": "100", "missing_lines": 0, "excluded_lines": 0}, "missing_lines": [], "excluded_lines": []}, "TestSourceVerification.test_fuzzy_recovery_fails_for_very_short_claimed": {"executed_lines": [160], "summary": {"covered_lines": 1, "num_statements": 1, "percent_covered": 100.0, "percent_covered_display": "100", "missing_lines": 0, "excluded_lines": 0}, "missing_lines": [], "excluded_lines": []}, "TestSourceVerification.test_empty_source_marked_unverified_without_penalty": {"executed_lines": [163, 164, 165, 167, 168], "summary": {"covered_lines": 5, "num_statements": 5, "percent_covered": 100.0, "percent_covered_display": "100", "missing_lines": 0, "excluded_lines": 0}, "missing_lines": [], "excluded_lines": []}, "TestSignalMerging.setup_method": {"executed_lines": [176, 177], "summary": {"covered_lines": 2, "num_statements": 2, "percent_covered": 100.0, "percent_covered_display": "100", "missing_lines": 0, "excluded_lines": 0}, "missing_lines": [], "excluded_lines": []}, "TestSignalMerging.test_llm_value_takes_precedence_over_keyword": {"executed_lines": [180, 182, 184, 185], "summary": {"covered_lines": 4, "num_statements": 4, "percent_covered": 100.0, "percent_covered_display": "100", "missing_lines": 0, "excluded_lines": 0}, "missing_lines": [], "excluded_lines": []}, "TestSignalMerging.test_confidence_boosted_when_both_agree": {"executed_lines": [188, 190, 192, 194], "summary": {"covered_lines": 4, "num_statements": 4, "percent_covered": 100.0, "percent_covered_display": "100", "missing_lines": 0, "excluded_lines": 0}, "missing_lines": [], "excluded_lines": []}, "TestSignalMerging.test_value_nulled_when_merged_confidence_below_threshold": {"executed_lines": [197, 199, 201, 203], "summary": {"covered_lines": 4, "num_statements": 4, "percent_covered": 100.0, "percent_covered_display": "100", "missing_lines": 0, "excluded_lines": 0}, "missing_lines": [], "excluded_lines": []}, "TestSignalMerging.test_keyword_source_used_when_llm_source_unverified": {"executed_lines": [206, 208, 210, 211], "summary": {"covered_lines": 4, "num_statements": 4, "percent_covered": 100.0, "percent_covered_display": "100", "missing_lines": 0, "excluded_lines": 0}, "missing_lines": [], "excluded_lines": []}, "TestSignalOptions.test_signal_options_covers_all_signals": {"executed_lines": [219], "summary": {"covered_lines": 1, "num_statements": 1, "percent_covered": 100.0, "percent_covered_display": "100", "missing_lines": 0, "excluded_lines": 0}, "missing_lines": [], "excluded_lines": []}, "TestSignalOptions.test_all_options_have_value_and_label": {"executed_lines": [222, 223, 224, 225, 226], "summary": {"covered_lines": 5, "num_statements": 5, "percent_covered": 100.0, "percent_covered_display": "100", "missing_lines": 0, "excluded_lines": 0}, "missing_lines": [], "excluded_lines": []}, "TestSignalOptions.test_scoring_rules_cover_all_option_values": {"executed_lines": [230, 231, 232, 233], "summary": {"covered_lines": 4, "num_statements": 4, "percent_covered": 100.0, "percent_covered_display": "100", "missing_lines": 0, "excluded_lines": 0}, "missing_lines": [], "excluded_lines": []}, "TestEmptySignalsHelper.setup_method": {"executed_lines": [242, 243], "summary": {"covered_lines": 2, "num_statements": 2, "percent_covered": 100.0, "percent_covered_display": "100", "missing_lines": 0, "excluded_lines": 0}, "missing_lines": [], "excluded_lines": []}, "TestEmptySignalsHelper.test_empty_signals_has_all_keys": {"executed_lines": [246, 247], "summary": {"covered_lines": 2, "num_statements": 2, "percent_covered": 100.0, "percent_covered_display": "100", "missing_lines": 0, "excluded_lines": 0}, "missing_lines": [], "excluded_lines": []}, "TestEmptySignalsHelper.test_empty_signals_all_null": {"executed_lines": [250, 251, 252, 253, 254], "summary": {"covered_lines": 5, "num_statements": 5, "percent_covered": 100.0, "percent_covered_display": "100", "missing_lines": 0, "excluded_lines": 0}, "missing_lines": [], "excluded_lines": []}, "TestEmptySignalsHelper.test_get_missing_signals_identifies_all_empty": {"executed_lines": [257, 258], "summary": {"covered_lines": 2, "num_statements": 2, "percent_covered": 100.0, "percent_covered_display": "100", "missing_lines": 0, "excluded_lines": 0}, "missing_lines": [], "excluded_lines": []}, "TestEmptySignalsHelper.test_get_missing_signals_empty_when_all_complete": {"executed_lines": [261, 262, 263, 264], "summary": {"covered_lines": 4, "num_statements": 4, "percent_covered": 100.0, "percent_covered_display": "100", "missing_lines": 0, "excluded_lines": 0}, "missing_lines": [], "excluded_lines": []}, "": {"executed_lines": [1, 7, 8, 9, 12, 13, 14, 16, 20, 25, 32, 40, 45, 51, 57, 58, 59, 61, 65, 70, 77, 82, 87, 93, 99, 104, 114, 115, 116, 118, 122, 132, 138, 144, 152, 158, 162, 171, 172, 173, 175, 179, 187, 196, 205, 214, 215, 216, 218, 221, 228, 238, 239, 241, 245, 249, 256, 260], "summary": {"covered_lines": 52, "num_statements": 52, "percent_covered": 100.0, "percent_covered_display": "100", "missing_lines": 0, "excluded_lines": 0}, "missing_lines": [], "excluded_lines": []}}, "classes": {"TestSignalExtractorQuestionnaire": {"executed_lines": [17, 18, 21, 22, 23, 26, 27, 28, 29, 30, 33, 34, 35, 36, 37, 38, 41, 42, 43, 46, 47, 48, 49, 52, 53, 54], "summary": {"covered_lines": 26, "num_statements": 26, "percent_covered": 100.0, "percent_covered_display": "100", "missing_lines": 0, "excluded_lines": 0}, "missing_lines": [], "excluded_lines": []}, "TestKeywordExtraction": {"executed_lines": [62, 63, 66, 67, 68, 71, 72, 74, 75, 78, 79, 80, 83, 84, 85, 88, 89, 90, 91, 95, 96, 97, 100, 101, 102, 105, 109, 110, 111], "summary": {"covered_lines": 29, "num_statements": 29, "percent_covered": 100.0, "percent_covered_display": "100", "missing_lines": 0, "excluded_lines": 0}, "missing_lines": [], "excluded_lines": []}, "TestSourceVerification": {"executed_lines": [119, 120, 123, 133, 134, 135, 136, 139, 140, 141, 142, 145, 146, 147, 148, 149, 150, 153, 155, 156, 160, 163, 164, 165, 167, 168], "summary": {"covered_lines": 26, "num_statements": 26, "percent_covered": 100.0, "percent_covered_display": "100", "missing_lines": 0, "excluded_lines": 0}, "missing_lines": [], "excluded_lines": []}, "TestSignalMerging": {"executed_lines": [176, 177, 180, 182, 184, 185, 188, 190, 192, 194, 197, 199, 201, 203, 206, 208, 210, 211], "summary": {"covered_lines": 18, "num_statements": 18, "percent_covered": 100.0, "percent_covered_display": "100", "missing_lines": 0, "excluded_lines": 0}, "missing_lines": [], "excluded_lines": []}, "TestSignalOptions": {"executed_lines": [219, 222, 223, 224, 225, 226, 230, 231, 232, 233], "summary": {"covered_lines": 10, "num_statements": 10, "percent_covered": 100.0, "percent_covered_display": "100", "missing_lines": 0, "excluded_lines": 0}, "missing_lines": [], "excluded_lines": []}, "TestEmptySignalsHelper": {"executed_lines": [242, 243, 246, 247, 250, 251, 252, 253, 254, 257, 258, 261, 262, 263, 264], "summary": {"covered_lines": 15, "num_statements": 15, "percent_covered": 100.0, "percent_covered_display": "100", "missing_lines": 0, "excluded_lines": 0}, "missing_lines": [], "excluded_lines": []}, "": {"executed_lines": [1, 7, 8, 9, 12, 13, 14, 16, 20, 25, 32, 40, 45, 51, 57, 58, 59, 61, 65, 70, 77, 82, 87, 93, 99, 104, 114, 115, 116, 118, 122, 132, 138, 144, 152, 158, 162, 171, 172, 173, 175, 179, 187, 196, 205, 214, 215, 216, 218, 221, 228, 238, 239, 241, 245, 249, 256, 260], "summary": {"covered_lines": 52, "num_statements": 52, "percent_covered": 100.0, "percent_covered_display": "100", "missing_lines": 0, "excluded_lines": 0}, "missing_lines": [], "excluded_lines": []}}}, "verify_log_routing.py": {"executed_lines": [], "summary": {"covered_lines": 0, "num_statements": 17, "percent_covered": 0.0, "percent_covered_display": "0", "missing_lines": 17, "excluded_lines": 0}, "missing_lines": [1, 2, 5, 7, 13, 27, 43, 58, 59, 60, 61, 63, 64, 65, 66, 68, 69], "excluded_lines": [], "functions": {"": {"executed_lines": [], "summary": {"covered_lines": 0, "num_statements": 17, "percent_covered": 0.0, "percent_covered_display": "0", "missing_lines": 17, "excluded_lines": 0}, "missing_lines": [1, 2, 5, 7, 13, 27, 43, 58, 59, 60, 61, 63, 64, 65, 66, 68, 69], "excluded_lines": []}}, "classes": {"": {"executed_lines": [], "summary": {"covered_lines": 0, "num_statements": 17, "percent_covered": 0.0, "percent_covered_display": "0", "missing_lines": 17, "excluded_lines": 0}, "missing_lines": [1, 2, 5, 7, 13, 27, 43, 58, 59, 60, 61, 63, 64, 65, 66, 68, 69], "excluded_lines": []}}}, "verify_scoring.py": {"executed_lines": [], "summary": {"covered_lines": 0, "num_statements": 26, "percent_covered": 0.0, "percent_covered_display": "0", "missing_lines": 26, "excluded_lines": 0}, "missing_lines": [6, 7, 8, 10, 13, 14, 17, 129, 130, 131, 132, 133, 134, 135, 136, 137, 138, 139, 140, 141, 142, 143, 144, 145, 148, 149], "excluded_lines": [], "functions": {"sig": {"executed_lines": [], "summary": {"covered_lines": 0, "num_statements": 1, "percent_covered": 0.0, "percent_covered_display": "0", "missing_lines": 1, "excluded_lines": 0}, "missing_lines": [14], "excluded_lines": []}, "main": {"executed_lines": [], "summary": {"covered_lines": 0, "num_statements": 16, "percent_covered": 0.0, "percent_covered_display": "0", "missing_lines": 16, "excluded_lines": 0}, "missing_lines": [130, 131, 132, 133, 134, 135, 136, 137, 138, 139, 140, 141, 142, 143, 144, 145], "excluded_lines": []}, "": {"executed_lines": [], "summary": {"covered_lines": 0, "num_statements": 9, "percent_covered": 0.0, "percent_covered_display": "0", "missing_lines": 9, "excluded_lines": 0}, "missing_lines": [6, 7, 8, 10, 13, 17, 129, 148, 149], "excluded_lines": []}}, "classes": {"": {"executed_lines": [], "summary": {"covered_lines": 0, "num_statements": 26, "percent_covered": 0.0, "percent_covered_display": "0", "missing_lines": 26, "excluded_lines": 0}, "missing_lines": [6, 7, 8, 10, 13, 14, 17, 129, 130, 131, 132, 133, 134, 135, 136, 137, 138, 139, 140, 141, 142, 143, 144, 145, 148, 149], "excluded_lines": []}}}}, "totals": {"covered_lines": 5111, "num_statements": 6481, "percent_covered": 78.86128683845085, "percent_covered_display": "79", "missing_lines": 1370, "excluded_lines": 0}}